#
# A fatal error has been detected by the Java Runtime Environment:
#
#  SIGSEGV (0xb) at pc=0x00007ff4b1242f2f, pid=18761, tid=18764
#
# JRE version: OpenJDK Runtime Environment (11.0.6+10) (build 11.0.6+10-post-Ubuntu-1ubuntu118.04.1)
# Java VM: OpenJDK 64-Bit Server VM (11.0.6+10-post-Ubuntu-1ubuntu118.04.1, mixed mode, sharing, tiered, compressed oops, g1 gc, linux-amd64)
# Problematic frame:
# C  [libtesseract.so.5+0xadf2f]  tesseract::Tesseract::recog_all_words(PAGE_RES*, ETEXT_DESC*, TBOX const*, char const*, int)+0x54f
#
# Core dump will be written. Default location: Core dumps may be processed with "/usr/share/apport/apport %p %s %c %d %P" (or dumping to /home/linuxlite/Workspaces/Java Projects/Alg Tesseract/Tess4J/core.18761)
#
# If you would like to submit a bug report, please visit:
#   https://bugs.launchpad.net/ubuntu/+source/openjdk-lts
# The crash happened outside the Java Virtual Machine in native code.
# See problematic frame for where to report the bug.
#

---------------  S U M M A R Y ------------

Command Line: -ea org.apache.tools.ant.taskdefs.optional.junit.JUnitTestRunner net.sourceforge.tess4j.TesseractTest skipNonTests=false filtertrace=true haltOnError=false haltOnFailure=false showoutput=true outputtoformatters=true logfailedtests=true threadid=0 logtestlistenerevents=false formatter=org.apache.tools.ant.taskdefs.optional.junit.BriefJUnitResultFormatter formatter=org.apache.tools.ant.taskdefs.optional.junit.XMLJUnitResultFormatter,/home/linuxlite/Workspaces/Java Projects/Alg Tesseract/Tess4J/build/test/results/TEST-net.sourceforge.tess4j.TesseractTest.xml crashfile=/home/linuxlite/Workspaces/Java Projects/Alg Tesseract/Tess4J/build/junitvmwatcher338304050213356477.properties propsfile=/home/linuxlite/Workspaces/Java Projects/Alg Tesseract/Tess4J/build/junit13190112422156206733.properties

Host: AMD A8-3850 APU with Radeon(tm) HD Graphics, 4 cores, 7G, Linux Lite 4.6
Time: Mon Feb 24 15:25:43 2020 -03 elapsed time: 1 seconds (0d 0h 0m 1s)

---------------  T H R E A D  ---------------

Current thread (0x00007ff4fc015800):  JavaThread "main" [_thread_in_native, id=18764, stack(0x00007ff5039c9000,0x00007ff503aca000)]

Stack: [0x00007ff5039c9000,0x00007ff503aca000],  sp=0x00007ff503ac64d0,  free space=1013k
Native frames: (J=compiled Java code, A=aot compiled Java code, j=interpreted, Vv=VM code, C=native code)
C  [libtesseract.so.5+0xadf2f]  tesseract::Tesseract::recog_all_words(PAGE_RES*, ETEXT_DESC*, TBOX const*, char const*, int)+0x54f
C  [libtesseract.so.5+0x87d4f]  tesseract::TessBaseAPI::GetUTF8Text()+0x10f

Java frames: (J=compiled Java code, j=interpreted, Vv=VM code)
j  com.sun.jna.Native.invokePointer(JI[Ljava/lang/Object;)J+0
j  com.sun.jna.Function.invokePointer(I[Ljava/lang/Object;)Lcom/sun/jna/Pointer;+6
j  com.sun.jna.Function.invoke([Ljava/lang/Object;Ljava/lang/Class;Z)Ljava/lang/Object;+426
j  com.sun.jna.Function.invoke(Ljava/lang/Class;[Ljava/lang/Object;Ljava/util/Map;)Ljava/lang/Object;+262
j  com.sun.jna.Library$Handler.invoke(Ljava/lang/Object;Ljava/lang/reflect/Method;[Ljava/lang/Object;)Ljava/lang/Object;+316
j  com.sun.proxy.$Proxy10.TessBaseAPIGetUTF8Text(Lnet/sourceforge/tess4j/ITessAPI$TessBaseAPI;)Lcom/sun/jna/Pointer;+16
j  net.sourceforge.tess4j.Tesseract.getOCRText(Ljava/lang/String;I)Ljava/lang/String;+62
j  net.sourceforge.tess4j.Tesseract.doOCR(Ljava/util/List;Ljava/lang/String;Ljava/awt/Rectangle;)Ljava/lang/String;+69
j  net.sourceforge.tess4j.Tesseract.doOCR(Ljava/io/File;Ljava/awt/Rectangle;)Ljava/lang/String;+10
j  net.sourceforge.tess4j.Tesseract.doOCR(Ljava/io/File;)Ljava/lang/String;+3
j  net.sourceforge.tess4j.TesseractTest.testDoOCR_File_With_Configs()V+53
v  ~StubRoutines::call_stub
j  jdk.internal.reflect.NativeMethodAccessorImpl.invoke0(Ljava/lang/reflect/Method;Ljava/lang/Object;[Ljava/lang/Object;)Ljava/lang/Object;+0 java.base@11.0.6
j  jdk.internal.reflect.NativeMethodAccessorImpl.invoke(Ljava/lang/Object;[Ljava/lang/Object;)Ljava/lang/Object;+100 java.base@11.0.6
j  jdk.internal.reflect.DelegatingMethodAccessorImpl.invoke(Ljava/lang/Object;[Ljava/lang/Object;)Ljava/lang/Object;+6 java.base@11.0.6
j  java.lang.reflect.Method.invoke(Ljava/lang/Object;[Ljava/lang/Object;)Ljava/lang/Object;+59 java.base@11.0.6
j  org.junit.runners.model.FrameworkMethod$1.runReflectiveCall()Ljava/lang/Object;+15
j  org.junit.internal.runners.model.ReflectiveCallable.run()Ljava/lang/Object;+1
j  org.junit.runners.model.FrameworkMethod.invokeExplosively(Ljava/lang/Object;[Ljava/lang/Object;)Ljava/lang/Object;+10
j  org.junit.internal.runners.statements.InvokeMethod.evaluate()V+12
j  org.junit.internal.runners.statements.RunBefores.evaluate()V+49
j  org.junit.internal.runners.statements.RunAfters.evaluate()V+12
j  org.junit.runners.ParentRunner.runLeaf(Lorg/junit/runners/model/Statement;Lorg/junit/runner/Description;Lorg/junit/runner/notification/RunNotifier;)V+17
j  org.junit.runners.BlockJUnit4ClassRunner.runChild(Lorg/junit/runners/model/FrameworkMethod;Lorg/junit/runner/notification/RunNotifier;)V+30
j  org.junit.runners.BlockJUnit4ClassRunner.runChild(Ljava/lang/Object;Lorg/junit/runner/notification/RunNotifier;)V+6
j  org.junit.runners.ParentRunner$3.run()V+12
j  org.junit.runners.ParentRunner$1.schedule(Ljava/lang/Runnable;)V+1
j  org.junit.runners.ParentRunner.runChildren(Lorg/junit/runner/notification/RunNotifier;)V+44
j  org.junit.runners.ParentRunner.access$000(Lorg/junit/runners/ParentRunner;Lorg/junit/runner/notification/RunNotifier;)V+2
j  org.junit.runners.ParentRunner$2.evaluate()V+8
j  org.junit.internal.runners.statements.RunBefores.evaluate()V+49
j  org.junit.internal.runners.statements.RunAfters.evaluate()V+12
j  org.junit.runners.ParentRunner.run(Lorg/junit/runner/notification/RunNotifier;)V+20
j  junit.framework.JUnit4TestAdapter.run(Ljunit/framework/TestResult;)V+13
j  org.apache.tools.ant.taskdefs.optional.junit.JUnitTestRunner.run()V+834
j  org.apache.tools.ant.taskdefs.optional.junit.JUnitTestRunner.launch(Lorg/apache/tools/ant/taskdefs/optional/junit/JUnitTest;[Ljava/lang/String;ZZZZZZ)I+41
j  org.apache.tools.ant.taskdefs.optional.junit.JUnitTestRunner.main([Ljava/lang/String;)V+1043
v  ~StubRoutines::call_stub

siginfo: si_signo: 11 (SIGSEGV), si_code: 1 (SEGV_MAPERR), si_addr: 0x000000000000000c

Register to memory mapping:

RAX=0x0 is NULL
RBX=0x00007ff4fc5a7e10 points into unknown readable memory: f8 7f 6c b1 f4 7f 00 00
RCX=0x0 is NULL
RDX=0x00007ff4fc5c9ac8 points into unknown readable memory: 00 00 00 00 00 00 00 00
RSP=0x00007ff503ac64d0 is pointing into the stack for thread: 0x00007ff4fc015800
RBP=0x00007ff503ac6760 is pointing into the stack for thread: 0x00007ff4fc015800
RSI=0x0 is NULL
RDI=0x00007ff503ac65c0 is pointing into the stack for thread: 0x00007ff4fc015800
R8 =0x0 is NULL
R9 =0x0 is NULL
R10=0x00007ff503370ce0: <offset 0x00000000000a9ce0> in /lib/x86_64-linux-gnu/libc.so.6 at 0x00007ff5032c7000
R11=0x0 is NULL
R12=0x00007ff503ac6510 is pointing into the stack for thread: 0x00007ff4fc015800
R13=0x0 is NULL
R14=0x00007ff4fc63ed20 points into unknown readable memory: 00 00 00 00 00 00 00 00
R15=0x0 is NULL


Registers:
RAX=0x0000000000000000, RBX=0x00007ff4fc5a7e10, RCX=0x0000000000000000, RDX=0x00007ff4fc5c9ac8
RSP=0x00007ff503ac64d0, RBP=0x00007ff503ac6760, RSI=0x0000000000000000, RDI=0x00007ff503ac65c0
R8 =0x0000000000000000, R9 =0x0000000000000000, R10=0x00007ff503370ce0, R11=0x0000000000000000
R12=0x00007ff503ac6510, R13=0x0000000000000000, R14=0x00007ff4fc63ed20, R15=0x0000000000000000
RIP=0x00007ff4b1242f2f, EFLAGS=0x0000000000010246, CSGSFS=0x002b000000000033, ERR=0x0000000000000004
  TRAPNO=0x000000000000000e

Top of Stack: (sp=0x00007ff503ac64d0)
0x00007ff503ac64d0:   00007ff4fc6d5af0 00000000fc6b3ea0
0x00007ff503ac64e0:   0000000000000000 0000000000000000
0x00007ff503ac64f0:   00007ff4fc6d5e01 00007ff4fc6d4b80
0x00007ff503ac6500:   00007ff4fc6d8388 00007ff4fc6d8380 

Instructions: (pc=0x00007ff4b1242f2f)
0x00007ff4b1242e2f:   48 8b 4c 24 10 4c 89 fa 4c 89 f6 48 89 df e8 fe
0x00007ff4b1242e3f:   6a ff ff 4c 89 f6 48 89 df e8 13 6f ff ff 4c 89
0x00007ff4b1242e4f:   f6 48 89 df e8 08 58 ff ff 4c 89 f6 48 89 df e8
0x00007ff4b1242e5f:   1d 58 ff ff e9 a8 fc ff ff 0f 1f 84 00 00 00 00
0x00007ff4b1242e6f:   00 48 8b 40 10 7e 2a 8b 38 85 ff 75 4c 48 83 c0
0x00007ff4b1242e7f:   04 83 ea 01 48 8d 14 90 eb 12 0f 1f 80 00 00 00
0x00007ff4b1242e8f:   00 48 83 c0 04 8b 70 fc 85 f6 75 2d 48 39 c2 75
0x00007ff4b1242e9f:   f0 48 85 c9 74 1b 8b 41 10 8d 50 ff 83 fa 02 76
0x00007ff4b1242eaf:   10 83 e8 05 83 f8 03 77 10 0f 1f 84 00 00 00 00
0x00007ff4b1242ebf:   00 4c 89 e7 e8 e8 ee 07 00 31 d2 31 f6 4c 89 e7
0x00007ff4b1242ecf:   e8 0c 87 07 00 48 8b 44 24 60 48 85 c0 0f 84 8e
0x00007ff4b1242edf:   fc ff ff 48 8b 54 24 70 31 c9 48 8b 52 08 48 85
0x00007ff4b1242eef:   d2 74 04 48 8b 4a 08 48 8b 80 c8 01 00 00 48 85
0x00007ff4b1242eff:   c0 74 be 8b 50 34 83 fa 00 74 b6 e9 61 ff ff ff
0x00007ff4b1242f0f:   90 31 f6 4c 89 e7 e8 46 8b 07 00 8b 83 38 17 00
0x00007ff4b1242f1f:   00 85 c0 0f 8f 10 03 00 00 48 8b 83 60 0b 00 00
0x00007ff4b1242f2f:   80 78 0c 00 0f 85 67 03 00 00 8b 83 90 48 02 00
0x00007ff4b1242f3f:   85 c0 7e 56 45 31 ed 31 ed eb 26 66 0f 1f 44 00
0x00007ff4b1242f4f:   00 48 8b 87 60 0b 00 00 80 78 0c 00 0f 85 e7 02
0x00007ff4b1242f5f:   00 00 83 c5 01 49 83 c5 08 3b ab 90 48 02 00 7d
0x00007ff4b1242f6f:   29 48 8b 83 98 48 02 00 4a 8b 3c 28 8b 87 38 17
0x00007ff4b1242f7f:   00 00 85 c0 7e cb e8 06 da 09 00 83 c5 01 49 83
0x00007ff4b1242f8f:   c5 08 3b ab 90 48 02 00 7c d7 bf c8 01 00 00 48
0x00007ff4b1242f9f:   c7 84 24 80 01 00 00 00 00 00 00 48 c7 84 24 a0
0x00007ff4b1242faf:   01 00 00 00 00 00 00 48 c7 84 24 c0 01 00 00 00
0x00007ff4b1242fbf:   00 00 00 e8 c9 a6 fc ff 48 c7 00 04 00 00 00 48
0x00007ff4b1242fcf:   89 44 24 28 48 83 c0 08 48 89 44 24 20 48 89 c5
0x00007ff4b1242fdf:   41 bd 03 00 00 00 0f 1f 00 48 8d 7d 20 48 c7 45
0x00007ff4b1242fef:   00 00 00 00 00 48 c7 45 08 00 00 00 00 48 c7 45
0x00007ff4b1242fff:   10 00 00 00 00 48 c7 45 18 00 00 00 00 be 04 00
0x00007ff4b124300f:   00 00 c7 45 20 00 00 00 00 c7 45 24 00 00 00 00
0x00007ff4b124301f:   48 c7 45 40 00 00 00 00 48 c7 45 60 00 00 00 00 


Stack slot to memory mapping:
stack at sp + 0 slots: 0x00007ff4fc6d5af0 points into unknown readable memory: b0 4b 6d fc f4 7f 00 00
stack at sp + 1 slots: 
[error occurred during error reporting (inspecting top of stack), id 0xb, SIGSEGV (0xb) at pc=0x00007ff501f89e20]


---------------  P R O C E S S  ---------------

Threads class SMR info:
_java_thread_list=0x00007ff4fc51bd10, length=11, elements={
0x00007ff4fc015800, 0x00007ff4fc107000, 0x00007ff4fc109000, 0x00007ff4fc10f800,
0x00007ff4fc111800, 0x00007ff4fc113800, 0x00007ff4fc115800, 0x00007ff4fc165000,
0x00007ff4fc16a000, 0x00007ff4ac0ed800, 0x00007ff4fc51a800
}

Java Threads: ( => current thread )
=>0x00007ff4fc015800 JavaThread "main" [_thread_in_native, id=18764, stack(0x00007ff5039c9000,0x00007ff503aca000)]
  0x00007ff4fc107000 JavaThread "Reference Handler" daemon [_thread_blocked, id=18771, stack(0x00007ff4d8668000,0x00007ff4d8769000)]
  0x00007ff4fc109000 JavaThread "Finalizer" daemon [_thread_blocked, id=18772, stack(0x00007ff4d8567000,0x00007ff4d8668000)]
  0x00007ff4fc10f800 JavaThread "Signal Dispatcher" daemon [_thread_blocked, id=18773, stack(0x00007ff4d8187000,0x00007ff4d8288000)]
  0x00007ff4fc111800 JavaThread "C2 CompilerThread0" daemon [_thread_blocked, id=18774, stack(0x00007ff4d8086000,0x00007ff4d8187000)]
  0x00007ff4fc113800 JavaThread "C1 CompilerThread0" daemon [_thread_blocked, id=18775, stack(0x00007ff4b3eff000,0x00007ff4b4000000)]
  0x00007ff4fc115800 JavaThread "Sweeper thread" daemon [_thread_blocked, id=18776, stack(0x00007ff4b3dfe000,0x00007ff4b3eff000)]
  0x00007ff4fc165000 JavaThread "Service Thread" daemon [_thread_blocked, id=18777, stack(0x00007ff4b3cfd000,0x00007ff4b3dfe000)]
  0x00007ff4fc16a000 JavaThread "Common-Cleaner" daemon [_thread_blocked, id=18779, stack(0x00007ff4b3afa000,0x00007ff4b3bfb000)]
  0x00007ff4ac0ed800 JavaThread "C2 CompilerThread1" daemon [_thread_blocked, id=18780, stack(0x00007ff4b35d1000,0x00007ff4b36d2000)]
  0x00007ff4fc51a800 JavaThread "Java2D Disposer" daemon [_thread_blocked, id=18783, stack(0x00007ff4b19e7000,0x00007ff4b1ae8000)]

Other Threads:
  0x00007ff4fc104000 VMThread "VM Thread" [stack: 0x00007ff4d876b000,0x00007ff4d886b000] [id=18770]
  0x00007ff4fc167000 WatcherThread [stack: 0x00007ff4b3bfd000,0x00007ff4b3cfd000] [id=18778]
  0x00007ff4fc02e000 GCTaskThread "GC Thread#0" [stack: 0x00007ff4e422c000,0x00007ff4e432c000] [id=18765]
  0x00007ff4c8001000 GCTaskThread "GC Thread#1" [stack: 0x00007ff4b34d1000,0x00007ff4b35d1000] [id=18781]
  0x00007ff4fc05d000 ConcurrentGCThread "G1 Main Marker" [stack: 0x00007ff4db7f8000,0x00007ff4db8f8000] [id=18766]
  0x00007ff4fc05e800 ConcurrentGCThread "G1 Conc#0" [stack: 0x00007ff4db6f6000,0x00007ff4db7f6000] [id=18767]
  0x00007ff4fc0d2000 ConcurrentGCThread "G1 Refine#0" [stack: 0x00007ff4d91f0000,0x00007ff4d92f0000] [id=18768]
  0x00007ff4d0001000 ConcurrentGCThread "G1 Refine#1" [stack: 0x00007ff4b33cf000,0x00007ff4b34cf000] [id=18782]
  0x00007ff4fc0d3800 ConcurrentGCThread "G1 Young RemSet Sampling" [stack: 0x00007ff4d90ee000,0x00007ff4d91ee000] [id=18769]

Threads with active compile tasks:

VM state:not at safepoint (normal execution)

VM Mutex/Monitor currently owned by a thread: None

Heap address: 0x000000008bc00000, size: 1860 MB, Compressed Oops mode: 32-bit
Narrow klass base: 0x0000000800000000, Narrow klass shift: 3
Compressed class space size: 1073741824 Address: 0x0000000840000000

Heap:
 garbage-first heap   total 122880K, used 11960K [0x000000008bc00000, 0x0000000100000000)
  region size 1024K, 9 young (9216K), 1 survivors (1024K)
 Metaspace       used 9777K, capacity 10043K, committed 10496K, reserved 1058816K
  class space    used 1083K, capacity 1181K, committed 1280K, reserved 1048576K
Heap Regions: E=young(eden), S=young(survivor), O=old, HS=humongous(starts), HC=humongous(continues), CS=collection set, F=free, A=archive, TAMS=top-at-mark-start (previous, next)
|   0|0x000000008bc00000, 0x000000008bd00000, 0x000000008bd00000|100%| O|  |TAMS 0x000000008bc00000, 0x000000008bc00000| Untracked 
|   1|0x000000008bd00000, 0x000000008be00000, 0x000000008be00000|100%| O|  |TAMS 0x000000008bd00000, 0x000000008bd00000| Untracked 
|   2|0x000000008be00000, 0x000000008bf00000, 0x000000008bf00000|100%| O|  |TAMS 0x000000008be00000, 0x000000008be00000| Untracked 
|   3|0x000000008bf00000, 0x000000008bf7bc00, 0x000000008c000000| 48%| O|  |TAMS 0x000000008bf00000, 0x000000008bf00000| Untracked 
|   4|0x000000008c000000, 0x000000008c000000, 0x000000008c100000|  0%| F|  |TAMS 0x000000008c000000, 0x000000008c000000| Untracked 
|   5|0x000000008c100000, 0x000000008c100000, 0x000000008c200000|  0%| F|  |TAMS 0x000000008c100000, 0x000000008c100000| Untracked 
|   6|0x000000008c200000, 0x000000008c200000, 0x000000008c300000|  0%| F|  |TAMS 0x000000008c200000, 0x000000008c200000| Untracked 
|   7|0x000000008c300000, 0x000000008c300000, 0x000000008c400000|  0%| F|  |TAMS 0x000000008c300000, 0x000000008c300000| Untracked 
|   8|0x000000008c400000, 0x000000008c400000, 0x000000008c500000|  0%| F|  |TAMS 0x000000008c400000, 0x000000008c400000| Untracked 
|   9|0x000000008c500000, 0x000000008c500000, 0x000000008c600000|  0%| F|  |TAMS 0x000000008c500000, 0x000000008c500000| Untracked 
|  10|0x000000008c600000, 0x000000008c600000, 0x000000008c700000|  0%| F|  |TAMS 0x000000008c600000, 0x000000008c600000| Untracked 
|  11|0x000000008c700000, 0x000000008c700000, 0x000000008c800000|  0%| F|  |TAMS 0x000000008c700000, 0x000000008c700000| Untracked 
|  12|0x000000008c800000, 0x000000008c800000, 0x000000008c900000|  0%| F|  |TAMS 0x000000008c800000, 0x000000008c800000| Untracked 
|  13|0x000000008c900000, 0x000000008c900000, 0x000000008ca00000|  0%| F|  |TAMS 0x000000008c900000, 0x000000008c900000| Untracked 
|  14|0x000000008ca00000, 0x000000008ca00000, 0x000000008cb00000|  0%| F|  |TAMS 0x000000008ca00000, 0x000000008ca00000| Untracked 
|  15|0x000000008cb00000, 0x000000008cb00000, 0x000000008cc00000|  0%| F|  |TAMS 0x000000008cb00000, 0x000000008cb00000| Untracked 
|  16|0x000000008cc00000, 0x000000008cc00000, 0x000000008cd00000|  0%| F|  |TAMS 0x000000008cc00000, 0x000000008cc00000| Untracked 
|  17|0x000000008cd00000, 0x000000008cd00000, 0x000000008ce00000|  0%| F|  |TAMS 0x000000008cd00000, 0x000000008cd00000| Untracked 
|  18|0x000000008ce00000, 0x000000008ce00000, 0x000000008cf00000|  0%| F|  |TAMS 0x000000008ce00000, 0x000000008ce00000| Untracked 
|  19|0x000000008cf00000, 0x000000008cf00000, 0x000000008d000000|  0%| F|  |TAMS 0x000000008cf00000, 0x000000008cf00000| Untracked 
|  20|0x000000008d000000, 0x000000008d000000, 0x000000008d100000|  0%| F|  |TAMS 0x000000008d000000, 0x000000008d000000| Untracked 
|  21|0x000000008d100000, 0x000000008d100000, 0x000000008d200000|  0%| F|  |TAMS 0x000000008d100000, 0x000000008d100000| Untracked 
|  22|0x000000008d200000, 0x000000008d200000, 0x000000008d300000|  0%| F|  |TAMS 0x000000008d200000, 0x000000008d200000| Untracked 
|  23|0x000000008d300000, 0x000000008d300000, 0x000000008d400000|  0%| F|  |TAMS 0x000000008d300000, 0x000000008d300000| Untracked 
|  24|0x000000008d400000, 0x000000008d400000, 0x000000008d500000|  0%| F|  |TAMS 0x000000008d400000, 0x000000008d400000| Untracked 
|  25|0x000000008d500000, 0x000000008d500000, 0x000000008d600000|  0%| F|  |TAMS 0x000000008d500000, 0x000000008d500000| Untracked 
|  26|0x000000008d600000, 0x000000008d600000, 0x000000008d700000|  0%| F|  |TAMS 0x000000008d600000, 0x000000008d600000| Untracked 
|  27|0x000000008d700000, 0x000000008d700000, 0x000000008d800000|  0%| F|  |TAMS 0x000000008d700000, 0x000000008d700000| Untracked 
|  28|0x000000008d800000, 0x000000008d800000, 0x000000008d900000|  0%| F|  |TAMS 0x000000008d800000, 0x000000008d800000| Untracked 
|  29|0x000000008d900000, 0x000000008d900000, 0x000000008da00000|  0%| F|  |TAMS 0x000000008d900000, 0x000000008d900000| Untracked 
|  30|0x000000008da00000, 0x000000008da00000, 0x000000008db00000|  0%| F|  |TAMS 0x000000008da00000, 0x000000008da00000| Untracked 
|  31|0x000000008db00000, 0x000000008db00000, 0x000000008dc00000|  0%| F|  |TAMS 0x000000008db00000, 0x000000008db00000| Untracked 
|  32|0x000000008dc00000, 0x000000008dc00000, 0x000000008dd00000|  0%| F|  |TAMS 0x000000008dc00000, 0x000000008dc00000| Untracked 
|  33|0x000000008dd00000, 0x000000008dd00000, 0x000000008de00000|  0%| F|  |TAMS 0x000000008dd00000, 0x000000008dd00000| Untracked 
|  34|0x000000008de00000, 0x000000008de00000, 0x000000008df00000|  0%| F|  |TAMS 0x000000008de00000, 0x000000008de00000| Untracked 
|  35|0x000000008df00000, 0x000000008df00000, 0x000000008e000000|  0%| F|  |TAMS 0x000000008df00000, 0x000000008df00000| Untracked 
|  36|0x000000008e000000, 0x000000008e000000, 0x000000008e100000|  0%| F|  |TAMS 0x000000008e000000, 0x000000008e000000| Untracked 
|  37|0x000000008e100000, 0x000000008e100000, 0x000000008e200000|  0%| F|  |TAMS 0x000000008e100000, 0x000000008e100000| Untracked 
|  38|0x000000008e200000, 0x000000008e200000, 0x000000008e300000|  0%| F|  |TAMS 0x000000008e200000, 0x000000008e200000| Untracked 
|  39|0x000000008e300000, 0x000000008e300000, 0x000000008e400000|  0%| F|  |TAMS 0x000000008e300000, 0x000000008e300000| Untracked 
|  40|0x000000008e400000, 0x000000008e400000, 0x000000008e500000|  0%| F|  |TAMS 0x000000008e400000, 0x000000008e400000| Untracked 
|  41|0x000000008e500000, 0x000000008e500000, 0x000000008e600000|  0%| F|  |TAMS 0x000000008e500000, 0x000000008e500000| Untracked 
|  42|0x000000008e600000, 0x000000008e600000, 0x000000008e700000|  0%| F|  |TAMS 0x000000008e600000, 0x000000008e600000| Untracked 
|  43|0x000000008e700000, 0x000000008e700000, 0x000000008e800000|  0%| F|  |TAMS 0x000000008e700000, 0x000000008e700000| Untracked 
|  44|0x000000008e800000, 0x000000008e800000, 0x000000008e900000|  0%| F|  |TAMS 0x000000008e800000, 0x000000008e800000| Untracked 
|  45|0x000000008e900000, 0x000000008e900000, 0x000000008ea00000|  0%| F|  |TAMS 0x000000008e900000, 0x000000008e900000| Untracked 
|  46|0x000000008ea00000, 0x000000008ea00000, 0x000000008eb00000|  0%| F|  |TAMS 0x000000008ea00000, 0x000000008ea00000| Untracked 
|  47|0x000000008eb00000, 0x000000008eb00000, 0x000000008ec00000|  0%| F|  |TAMS 0x000000008eb00000, 0x000000008eb00000| Untracked 
|  48|0x000000008ec00000, 0x000000008ec00000, 0x000000008ed00000|  0%| F|  |TAMS 0x000000008ec00000, 0x000000008ec00000| Untracked 
|  49|0x000000008ed00000, 0x000000008ed00000, 0x000000008ee00000|  0%| F|  |TAMS 0x000000008ed00000, 0x000000008ed00000| Untracked 
|  50|0x000000008ee00000, 0x000000008ee00000, 0x000000008ef00000|  0%| F|  |TAMS 0x000000008ee00000, 0x000000008ee00000| Untracked 
|  51|0x000000008ef00000, 0x000000008ef00000, 0x000000008f000000|  0%| F|  |TAMS 0x000000008ef00000, 0x000000008ef00000| Untracked 
|  52|0x000000008f000000, 0x000000008f000000, 0x000000008f100000|  0%| F|  |TAMS 0x000000008f000000, 0x000000008f000000| Untracked 
|  53|0x000000008f100000, 0x000000008f100000, 0x000000008f200000|  0%| F|  |TAMS 0x000000008f100000, 0x000000008f100000| Untracked 
|  54|0x000000008f200000, 0x000000008f200000, 0x000000008f300000|  0%| F|  |TAMS 0x000000008f200000, 0x000000008f200000| Untracked 
|  55|0x000000008f300000, 0x000000008f300000, 0x000000008f400000|  0%| F|  |TAMS 0x000000008f300000, 0x000000008f300000| Untracked 
|  56|0x000000008f400000, 0x000000008f400000, 0x000000008f500000|  0%| F|  |TAMS 0x000000008f400000, 0x000000008f400000| Untracked 
|  57|0x000000008f500000, 0x000000008f500000, 0x000000008f600000|  0%| F|  |TAMS 0x000000008f500000, 0x000000008f500000| Untracked 
|  58|0x000000008f600000, 0x000000008f600000, 0x000000008f700000|  0%| F|  |TAMS 0x000000008f600000, 0x000000008f600000| Untracked 
|  59|0x000000008f700000, 0x000000008f700000, 0x000000008f800000|  0%| F|  |TAMS 0x000000008f700000, 0x000000008f700000| Untracked 
|  60|0x000000008f800000, 0x000000008f800000, 0x000000008f900000|  0%| F|  |TAMS 0x000000008f800000, 0x000000008f800000| Untracked 
|  61|0x000000008f900000, 0x000000008f900000, 0x000000008fa00000|  0%| F|  |TAMS 0x000000008f900000, 0x000000008f900000| Untracked 
|  62|0x000000008fa00000, 0x000000008fa00000, 0x000000008fb00000|  0%| F|  |TAMS 0x000000008fa00000, 0x000000008fa00000| Untracked 
|  63|0x000000008fb00000, 0x000000008fb00000, 0x000000008fc00000|  0%| F|  |TAMS 0x000000008fb00000, 0x000000008fb00000| Untracked 
|  64|0x000000008fc00000, 0x000000008fc00000, 0x000000008fd00000|  0%| F|  |TAMS 0x000000008fc00000, 0x000000008fc00000| Untracked 
|  65|0x000000008fd00000, 0x000000008fd00000, 0x000000008fe00000|  0%| F|  |TAMS 0x000000008fd00000, 0x000000008fd00000| Untracked 
|  66|0x000000008fe00000, 0x000000008fe00000, 0x000000008ff00000|  0%| F|  |TAMS 0x000000008fe00000, 0x000000008fe00000| Untracked 
|  67|0x000000008ff00000, 0x000000008ff00000, 0x0000000090000000|  0%| F|  |TAMS 0x000000008ff00000, 0x000000008ff00000| Untracked 
|  68|0x0000000090000000, 0x0000000090000000, 0x0000000090100000|  0%| F|  |TAMS 0x0000000090000000, 0x0000000090000000| Untracked 
|  69|0x0000000090100000, 0x0000000090100000, 0x0000000090200000|  0%| F|  |TAMS 0x0000000090100000, 0x0000000090100000| Untracked 
|  70|0x0000000090200000, 0x0000000090200000, 0x0000000090300000|  0%| F|  |TAMS 0x0000000090200000, 0x0000000090200000| Untracked 
|  71|0x0000000090300000, 0x0000000090300000, 0x0000000090400000|  0%| F|  |TAMS 0x0000000090300000, 0x0000000090300000| Untracked 
|  72|0x0000000090400000, 0x0000000090400000, 0x0000000090500000|  0%| F|  |TAMS 0x0000000090400000, 0x0000000090400000| Untracked 
|  73|0x0000000090500000, 0x0000000090500000, 0x0000000090600000|  0%| F|  |TAMS 0x0000000090500000, 0x0000000090500000| Untracked 
|  74|0x0000000090600000, 0x0000000090600000, 0x0000000090700000|  0%| F|  |TAMS 0x0000000090600000, 0x0000000090600000| Untracked 
|  75|0x0000000090700000, 0x0000000090700000, 0x0000000090800000|  0%| F|  |TAMS 0x0000000090700000, 0x0000000090700000| Untracked 
|  76|0x0000000090800000, 0x0000000090800000, 0x0000000090900000|  0%| F|  |TAMS 0x0000000090800000, 0x0000000090800000| Untracked 
|  77|0x0000000090900000, 0x0000000090900000, 0x0000000090a00000|  0%| F|  |TAMS 0x0000000090900000, 0x0000000090900000| Untracked 
|  78|0x0000000090a00000, 0x0000000090a00000, 0x0000000090b00000|  0%| F|  |TAMS 0x0000000090a00000, 0x0000000090a00000| Untracked 
|  79|0x0000000090b00000, 0x0000000090b00000, 0x0000000090c00000|  0%| F|  |TAMS 0x0000000090b00000, 0x0000000090b00000| Untracked 
|  80|0x0000000090c00000, 0x0000000090c00000, 0x0000000090d00000|  0%| F|  |TAMS 0x0000000090c00000, 0x0000000090c00000| Untracked 
|  81|0x0000000090d00000, 0x0000000090d00000, 0x0000000090e00000|  0%| F|  |TAMS 0x0000000090d00000, 0x0000000090d00000| Untracked 
|  82|0x0000000090e00000, 0x0000000090e00000, 0x0000000090f00000|  0%| F|  |TAMS 0x0000000090e00000, 0x0000000090e00000| Untracked 
|  83|0x0000000090f00000, 0x0000000090f00000, 0x0000000091000000|  0%| F|  |TAMS 0x0000000090f00000, 0x0000000090f00000| Untracked 
|  84|0x0000000091000000, 0x0000000091000000, 0x0000000091100000|  0%| F|  |TAMS 0x0000000091000000, 0x0000000091000000| Untracked 
|  85|0x0000000091100000, 0x0000000091100000, 0x0000000091200000|  0%| F|  |TAMS 0x0000000091100000, 0x0000000091100000| Untracked 
|  86|0x0000000091200000, 0x0000000091200000, 0x0000000091300000|  0%| F|  |TAMS 0x0000000091200000, 0x0000000091200000| Untracked 
|  87|0x0000000091300000, 0x0000000091300000, 0x0000000091400000|  0%| F|  |TAMS 0x0000000091300000, 0x0000000091300000| Untracked 
|  88|0x0000000091400000, 0x0000000091400000, 0x0000000091500000|  0%| F|  |TAMS 0x0000000091400000, 0x0000000091400000| Untracked 
|  89|0x0000000091500000, 0x0000000091500000, 0x0000000091600000|  0%| F|  |TAMS 0x0000000091500000, 0x0000000091500000| Untracked 
|  90|0x0000000091600000, 0x0000000091600000, 0x0000000091700000|  0%| F|  |TAMS 0x0000000091600000, 0x0000000091600000| Untracked 
|  91|0x0000000091700000, 0x0000000091700000, 0x0000000091800000|  0%| F|  |TAMS 0x0000000091700000, 0x0000000091700000| Untracked 
|  92|0x0000000091800000, 0x0000000091800000, 0x0000000091900000|  0%| F|  |TAMS 0x0000000091800000, 0x0000000091800000| Untracked 
|  93|0x0000000091900000, 0x0000000091900000, 0x0000000091a00000|  0%| F|  |TAMS 0x0000000091900000, 0x0000000091900000| Untracked 
|  94|0x0000000091a00000, 0x0000000091a00000, 0x0000000091b00000|  0%| F|  |TAMS 0x0000000091a00000, 0x0000000091a00000| Untracked 
|  95|0x0000000091b00000, 0x0000000091b00000, 0x0000000091c00000|  0%| F|  |TAMS 0x0000000091b00000, 0x0000000091b00000| Untracked 
|  96|0x0000000091c00000, 0x0000000091c00000, 0x0000000091d00000|  0%| F|  |TAMS 0x0000000091c00000, 0x0000000091c00000| Untracked 
|  97|0x0000000091d00000, 0x0000000091d00000, 0x0000000091e00000|  0%| F|  |TAMS 0x0000000091d00000, 0x0000000091d00000| Untracked 
|  98|0x0000000091e00000, 0x0000000091e00000, 0x0000000091f00000|  0%| F|  |TAMS 0x0000000091e00000, 0x0000000091e00000| Untracked 
|  99|0x0000000091f00000, 0x0000000091f00000, 0x0000000092000000|  0%| F|  |TAMS 0x0000000091f00000, 0x0000000091f00000| Untracked 
| 100|0x0000000092000000, 0x0000000092000000, 0x0000000092100000|  0%| F|  |TAMS 0x0000000092000000, 0x0000000092000000| Untracked 
| 101|0x0000000092100000, 0x0000000092100000, 0x0000000092200000|  0%| F|  |TAMS 0x0000000092100000, 0x0000000092100000| Untracked 
| 102|0x0000000092200000, 0x0000000092200000, 0x0000000092300000|  0%| F|  |TAMS 0x0000000092200000, 0x0000000092200000| Untracked 
| 103|0x0000000092300000, 0x0000000092300000, 0x0000000092400000|  0%| F|  |TAMS 0x0000000092300000, 0x0000000092300000| Untracked 
| 104|0x0000000092400000, 0x0000000092400000, 0x0000000092500000|  0%| F|  |TAMS 0x0000000092400000, 0x0000000092400000| Untracked 
| 105|0x0000000092500000, 0x0000000092500000, 0x0000000092600000|  0%| F|  |TAMS 0x0000000092500000, 0x0000000092500000| Untracked 
| 106|0x0000000092600000, 0x0000000092600000, 0x0000000092700000|  0%| F|  |TAMS 0x0000000092600000, 0x0000000092600000| Untracked 
| 107|0x0000000092700000, 0x0000000092700000, 0x0000000092800000|  0%| F|  |TAMS 0x0000000092700000, 0x0000000092700000| Untracked 
| 108|0x0000000092800000, 0x0000000092800000, 0x0000000092900000|  0%| F|  |TAMS 0x0000000092800000, 0x0000000092800000| Untracked 
| 109|0x0000000092900000, 0x0000000092976a88, 0x0000000092a00000| 46%| E|  |TAMS 0x0000000092900000, 0x0000000092900000| Complete 
| 110|0x0000000092a00000, 0x0000000092b00000, 0x0000000092b00000|100%| E|CS|TAMS 0x0000000092a00000, 0x0000000092a00000| Complete 
| 111|0x0000000092b00000, 0x0000000092c00000, 0x0000000092c00000|100%| E|CS|TAMS 0x0000000092b00000, 0x0000000092b00000| Complete 
| 112|0x0000000092c00000, 0x0000000092d00000, 0x0000000092d00000|100%| E|CS|TAMS 0x0000000092c00000, 0x0000000092c00000| Complete 
| 113|0x0000000092d00000, 0x0000000092d815d8, 0x0000000092e00000| 50%| S|CS|TAMS 0x0000000092d00000, 0x0000000092d00000| Complete 
| 114|0x0000000092e00000, 0x0000000092f00000, 0x0000000092f00000|100%| E|CS|TAMS 0x0000000092e00000, 0x0000000092e00000| Complete 
| 115|0x0000000092f00000, 0x0000000093000000, 0x0000000093000000|100%| E|CS|TAMS 0x0000000092f00000, 0x0000000092f00000| Complete 
| 116|0x0000000093000000, 0x0000000093100000, 0x0000000093100000|100%| E|CS|TAMS 0x0000000093000000, 0x0000000093000000| Complete 
| 117|0x0000000093100000, 0x0000000093200000, 0x0000000093200000|100%| E|CS|TAMS 0x0000000093100000, 0x0000000093100000| Complete 
|1858|0x00000000ffe00000, 0x00000000ffe47000, 0x00000000fff00000| 27%|OA|  |TAMS 0x00000000ffe00000, 0x00000000ffe00000| Untracked 
|1859|0x00000000fff00000, 0x00000000fff6a000, 0x0000000100000000| 41%|CA|  |TAMS 0x00000000fff00000, 0x00000000fff00000| Untracked 

Card table byte_map: [0x00007ff4df6ba000,0x00007ff4dfa5c000] _byte_map_base: 0x00007ff4df25c000

Marking Bits (Prev, Next): (CMBitMap*) 0x00007ff4fc054a28, (CMBitMap*) 0x00007ff4fc054a60
 Prev Bits: [0x00007ff4dd608000, 0x00007ff4df318000)
 Next Bits: [0x00007ff4db8f8000, 0x00007ff4dd608000)

Polling page: 0x00007ff503aec000

Metaspace:

Usage:
  Non-class:      8,65 MB capacity,     8,49 MB ( 98%) used,   148,42 KB (  2%) free+waste,    20,25 KB ( <1%) overhead. 
      Class:      1,15 MB capacity,     1,06 MB ( 92%) used,    86,55 KB (  7%) free+waste,    10,56 KB ( <1%) overhead. 
       Both:      9,81 MB capacity,     9,55 MB ( 97%) used,   234,98 KB (  2%) free+waste,    30,81 KB ( <1%) overhead. 

Virtual space:
  Non-class space:       10,00 MB reserved,       9,00 MB ( 90%) committed 
      Class space:        1,00 GB reserved,       1,25 MB ( <1%) committed 
             Both:        1,01 GB reserved,      10,25 MB ( <1%) committed 

Chunk freelists:
   Non-Class:  102,00 KB
       Class:  3,00 KB
        Both:  105,00 KB

MaxMetaspaceSize: unlimited
CompressedClassSpaceSize: 1,00 GB

CodeHeap 'non-profiled nmethods': size=120032Kb used=495Kb max_used=495Kb free=119536Kb
 bounds [0x00007ff4ebfca000, 0x00007ff4ec23a000, 0x00007ff4f3502000]
CodeHeap 'profiled nmethods': size=120032Kb used=2796Kb max_used=2796Kb free=117235Kb
 bounds [0x00007ff4e4a92000, 0x00007ff4e4d52000, 0x00007ff4ebfca000]
CodeHeap 'non-nmethods': size=5696Kb used=1123Kb max_used=1153Kb free=4573Kb
 bounds [0x00007ff4e4502000, 0x00007ff4e4772000, 0x00007ff4e4a92000]
 total_blobs=2112 nmethods=1314 adapters=376
 compilation: enabled
              stopped_count=0, restarted_count=0
 full_count=0

Compilation events (20 events):
Event: 1,248 Thread 0x00007ff4fc113800 nmethod 1310 0x00007ff4e4d49910 code [0x00007ff4e4d49c00, 0x00007ff4e4d4b078]
Event: 1,248 Thread 0x00007ff4fc113800 1305       3       jdk.internal.loader.URLClassPath$JarLoader$2::getInputStream (15 bytes)
Event: 1,248 Thread 0x00007ff4fc113800 nmethod 1305 0x00007ff4e4d4b610 code [0x00007ff4e4d4b7e0, 0x00007ff4e4d4ba28]
Event: 1,248 Thread 0x00007ff4fc113800 1308  s!   3       java.util.jar.JarFile::ensureInitialization (41 bytes)
Event: 1,248 Thread 0x00007ff4fc113800 nmethod 1308 0x00007ff4e4d4bb10 code [0x00007ff4e4d4bd00, 0x00007ff4e4d4c208]
Event: 1,248 Thread 0x00007ff4fc113800 1311       3       java.util.TreeMap$Entry::<init> (25 bytes)
Event: 1,249 Thread 0x00007ff4fc113800 nmethod 1311 0x00007ff4e4d4c390 code [0x00007ff4e4d4c560, 0x00007ff4e4d4c850]
Event: 1,249 Thread 0x00007ff4fc113800 1307       1       com.github.jaiimageio.plugins.tiff.TIFFTag::getName (5 bytes)
Event: 1,249 Thread 0x00007ff4fc113800 nmethod 1307 0x00007ff4ec03a590 code [0x00007ff4ec03a740, 0x00007ff4ec03a870]
Event: 1,249 Thread 0x00007ff4fc113800 1312       3       java.lang.Math::max (12 bytes)
Event: 1,249 Thread 0x00007ff4fc113800 nmethod 1312 0x00007ff4e4d4c910 code [0x00007ff4e4d4cac0, 0x00007ff4e4d4cc50]
Event: 1,253 Thread 0x00007ff4fc111800 nmethod 1285% 0x00007ff4ec03a910 code [0x00007ff4ec03aac0, 0x00007ff4ec03b1f8]
Event: 1,253 Thread 0x00007ff4fc111800 1303   !   4       java.util.zip.ZipFile::getEntry (73 bytes)
Event: 1,255 Thread 0x00007ff4fc113800 1313       3       jdk.internal.reflect.ByteVectorImpl::get (26 bytes)
Event: 1,255 Thread 0x00007ff4fc113800 nmethod 1313 0x00007ff4e4d4cd10 code [0x00007ff4e4d4cee0, 0x00007ff4e4d4d128]
Event: 1,263 Thread 0x00007ff4ac0ed800 nmethod 1188% 0x00007ff4ec03b990 code [0x00007ff4ec03bc20, 0x00007ff4ec03ef88]
Event: 1,263 Thread 0x00007ff4ac0ed800 1304       4       java.util.jar.JarFile::getEntry (22 bytes)
Event: 1,277 Thread 0x00007ff4fc111800 nmethod 1303 0x00007ff4ec040f90 code [0x00007ff4ec0411c0, 0x00007ff4ec0421e0]
Event: 1,277 Thread 0x00007ff4fc111800 1291       4       java.util.Arrays::copyOf (19 bytes)
Event: 1,280 Thread 0x00007ff4fc111800 nmethod 1291 0x00007ff4ec042c10 code [0x00007ff4ec042da0, 0x00007ff4ec042f98]

GC Heap History (4 events):
Event: 0,728 GC heap before
{Heap before GC invocations=0 (full 0):
 garbage-first heap   total 122880K, used 14020K [0x000000008bc00000, 0x0000000100000000)
  region size 1024K, 14 young (14336K), 0 survivors (0K)
 Metaspace       used 5410K, capacity 5686K, committed 5888K, reserved 1056768K
  class space    used 562K, capacity 642K, committed 768K, reserved 1048576K
}
Event: 0,743 GC heap after
{Heap after GC invocations=1 (full 0):
 garbage-first heap   total 122880K, used 4260K [0x000000008bc00000, 0x0000000100000000)
  region size 1024K, 2 young (2048K), 2 survivors (2048K)
 Metaspace       used 5410K, capacity 5686K, committed 5888K, reserved 1056768K
  class space    used 562K, capacity 642K, committed 768K, reserved 1048576K
}
Event: 0,937 GC heap before
{Heap before GC invocations=1 (full 0):
 garbage-first heap   total 122880K, used 8356K [0x000000008bc00000, 0x0000000100000000)
  region size 1024K, 6 young (6144K), 2 survivors (2048K)
 Metaspace       used 7499K, capacity 7817K, committed 8064K, reserved 1056768K
  class space    used 794K, capacity 888K, committed 896K, reserved 1048576K
}
Event: 0,950 GC heap after
{Heap after GC invocations=2 (full 0):
 garbage-first heap   total 122880K, used 4792K [0x000000008bc00000, 0x0000000100000000)
  region size 1024K, 1 young (1024K), 1 survivors (1024K)
 Metaspace       used 7499K, capacity 7817K, committed 8064K, reserved 1056768K
  class space    used 794K, capacity 888K, committed 896K, reserved 1048576K
}

Deoptimization events (20 events):
Event: 0,686 Thread 0x00007ff4fc015800 Uncommon trap: trap_request=0xffffff4d fr.pc=0x00007ff4ebfedfa4 relative=0x0000000000000364
Event: 0,686 Thread 0x00007ff4fc015800 Uncommon trap: reason=unstable_if action=reinterpret pc=0x00007ff4ebfedfa4 method=java.lang.StringLatin1.canEncode(I)Z @ 4 c2
Event: 0,686 Thread 0x00007ff4fc015800 DEOPT PACKING pc=0x00007ff4ebfedfa4 sp=0x00007ff503ac7be0
Event: 0,686 Thread 0x00007ff4fc015800 DEOPT UNPACKING pc=0x00007ff4e4529c1f sp=0x00007ff503ac7b08 mode 2
Event: 0,686 Thread 0x00007ff4fc015800 Uncommon trap: trap_request=0xffffff4d fr.pc=0x00007ff4ebfed10c relative=0x000000000000034c
Event: 0,686 Thread 0x00007ff4fc015800 Uncommon trap: reason=unstable_if action=reinterpret pc=0x00007ff4ebfed10c method=java.lang.AbstractStringBuilder.isLatin1()Z @ 10 c2
Event: 0,686 Thread 0x00007ff4fc015800 DEOPT PACKING pc=0x00007ff4ebfed10c sp=0x00007ff503ac7be0
Event: 0,686 Thread 0x00007ff4fc015800 DEOPT UNPACKING pc=0x00007ff4e4529c1f sp=0x00007ff503ac7b70 mode 2
Event: 0,686 Thread 0x00007ff4fc015800 Uncommon trap: trap_request=0xffffff4d fr.pc=0x00007ff4ebfff308 relative=0x0000000000000068
Event: 0,686 Thread 0x00007ff4fc015800 Uncommon trap: reason=unstable_if action=reinterpret pc=0x00007ff4ebfff308 method=java.lang.AbstractStringBuilder.isLatin1()Z @ 10 c2
Event: 0,686 Thread 0x00007ff4fc015800 DEOPT PACKING pc=0x00007ff4ebfff308 sp=0x00007ff503ac7bb0
Event: 0,686 Thread 0x00007ff4fc015800 DEOPT UNPACKING pc=0x00007ff4e4529c1f sp=0x00007ff503ac7b60 mode 2
Event: 0,687 Thread 0x00007ff4fc015800 Uncommon trap: trap_request=0xffffff4d fr.pc=0x00007ff4ebfd3954 relative=0x0000000000000034
Event: 0,687 Thread 0x00007ff4fc015800 Uncommon trap: reason=unstable_if action=reinterpret pc=0x00007ff4ebfd3954 method=java.lang.StringLatin1.canEncode(I)Z @ 4 c2
Event: 0,687 Thread 0x00007ff4fc015800 DEOPT PACKING pc=0x00007ff4ebfd3954 sp=0x00007ff503ac7b60
Event: 0,687 Thread 0x00007ff4fc015800 DEOPT UNPACKING pc=0x00007ff4e4529c1f sp=0x00007ff503ac7b10 mode 2
Event: 0,873 Thread 0x00007ff4fc015800 Uncommon trap: trap_request=0xffffff4d fr.pc=0x00007ff4ec0207b4 relative=0x0000000000000094
Event: 0,873 Thread 0x00007ff4fc015800 Uncommon trap: reason=unstable_if action=reinterpret pc=0x00007ff4ec0207b4 method=java.util.jar.Manifest$FastInputStream.peek()B @ 8 c2
Event: 0,873 Thread 0x00007ff4fc015800 DEOPT PACKING pc=0x00007ff4ec0207b4 sp=0x00007ff503ac3f90
Event: 0,873 Thread 0x00007ff4fc015800 DEOPT UNPACKING pc=0x00007ff4e4529c1f sp=0x00007ff503ac3f48 mode 2

Classes redefined (0 events):
No events

Internal exceptions (20 events):
Event: 0,112 Thread 0x00007ff4fc015800 Exception <a 'java/security/PrivilegedActionException'{0x0000000093071068}> (0x0000000093071068) thrown at [/build/openjdk-lts-iuKaMP/openjdk-lts-11.0.6+10/src/hotspot/share/prims/jvm.cpp, line 1297]
Event: 0,112 Thread 0x00007ff4fc015800 Exception <a 'java/security/PrivilegedActionException'{0x0000000093071338}> (0x0000000093071338) thrown at [/build/openjdk-lts-iuKaMP/openjdk-lts-11.0.6+10/src/hotspot/share/prims/jvm.cpp, line 1297]
Event: 0,112 Thread 0x00007ff4fc015800 Exception <a 'java/security/PrivilegedActionException'{0x0000000093072128}> (0x0000000093072128) thrown at [/build/openjdk-lts-iuKaMP/openjdk-lts-11.0.6+10/src/hotspot/share/prims/jvm.cpp, line 1297]
Event: 0,112 Thread 0x00007ff4fc015800 Exception <a 'java/security/PrivilegedActionException'{0x00000000930723f8}> (0x00000000930723f8) thrown at [/build/openjdk-lts-iuKaMP/openjdk-lts-11.0.6+10/src/hotspot/share/prims/jvm.cpp, line 1297]
Event: 0,338 Thread 0x00007ff4fc015800 Implicit null exception at 0x00007ff4ebfe1b37 to 0x00007ff4ebfe1c32
Event: 0,407 Thread 0x00007ff4fc015800 Implicit null exception at 0x00007ff4ebfdac7f to 0x00007ff4ebfdad56
Event: 0,413 Thread 0x00007ff4fc015800 Exception <a 'java/lang/NoSuchMethodError'{0x00000000929cbef8}: 'java.lang.Object java.lang.invoke.DirectMethodHandle$Holder.invokeVirtual(java.lang.Object, java.lang.Object, java.lang.Object, java.lang.Object)'> (0x00000000929cbef8) thrown at [/build/ope
Event: 0,588 Thread 0x00007ff4fc015800 Exception <a 'java/lang/NoSuchMethodError'{0x00000000926fb1a0}: 'java.lang.Object java.lang.invoke.DirectMethodHandle$Holder.invokeStatic(java.lang.Object, java.lang.Object, java.lang.Object, java.lang.Object, java.lang.Object, java.lang.Object, java.lang
Event: 0,591 Thread 0x00007ff4fc015800 Exception <a 'java/lang/NoSuchMethodError'{0x0000000092509888}: 'java.lang.Object java.lang.invoke.DirectMethodHandle$Holder.invokeStatic(java.lang.Object, java.lang.Object, java.lang.Object, java.lang.Object, java.lang.Object, java.lang.Object, java.lang
Event: 0,594 Thread 0x00007ff4fc015800 Exception <a 'java/lang/NoSuchMethodError'{0x00000000925174f8}: 'java.lang.Object java.lang.invoke.DirectMethodHandle$Holder.invokeSpecial(java.lang.Object, java.lang.Object, int, int, java.lang.Object, java.lang.Object, java.lang.Object)'> (0x00000000925
Event: 0,595 Thread 0x00007ff4fc015800 Exception <a 'java/lang/NoSuchMethodError'{0x000000009251aa88}: 'java.lang.Object java.lang.invoke.DelegatingMethodHandle$Holder.reinvoke_L(java.lang.Object, int, int, java.lang.Object, java.lang.Object, java.lang.Object)'> (0x000000009251aa88) thrown at 
Event: 0,596 Thread 0x00007ff4fc015800 Exception <a 'java/lang/NoSuchMethodError'{0x000000009251ebe8}: 'java.lang.Object java.lang.invoke.DirectMethodHandle$Holder.invokeStatic(java.lang.Object, java.lang.Object, java.lang.Object, java.lang.Object, int)'> (0x000000009251ebe8) thrown at [/build
Event: 0,726 Thread 0x00007ff4fc015800 Exception <a 'java/lang/NoSuchMethodError'{0x00000000924f6490}: 'int java.lang.invoke.DirectMethodHandle$Holder.invokeSpecialIFC(java.lang.Object, java.lang.Object, int)'> (0x00000000924f6490) thrown at [/build/openjdk-lts-iuKaMP/openjdk-lts-11.0.6+10/src
Event: 0,823 Thread 0x00007ff4fc015800 Exception <a 'java/lang/ClassNotFoundException'{0x0000000093094568}: javax/smartcardio/CardPermission> (0x0000000093094568) thrown at [/build/openjdk-lts-iuKaMP/openjdk-lts-11.0.6+10/src/hotspot/share/classfile/systemDictionary.cpp, line 231]
Event: 0,826 Thread 0x00007ff4fc015800 Exception <a 'java/io/FileNotFoundException'{0x00000000930a1a30}> (0x00000000930a1a30) thrown at [/build/openjdk-lts-iuKaMP/openjdk-lts-11.0.6+10/src/hotspot/share/prims/jni.cpp, line 615]
Event: 0,870 Thread 0x00007ff4fc015800 Exception <a 'java/lang/NoSuchMethodError'{0x0000000092fabfe0}: 'org.slf4j.impl.StaticMDCBinder org.slf4j.impl.StaticMDCBinder.getSingleton()'> (0x0000000092fabfe0) thrown at [/build/openjdk-lts-iuKaMP/openjdk-lts-11.0.6+10/src/hotspot/share/interpreter/l
Event: 0,880 Thread 0x00007ff4fc015800 Exception <a 'java/lang/ClassNotFoundException'{0x0000000092fcddb8}: sun/awt/resources/spi/awtProvider> (0x0000000092fcddb8) thrown at [/build/openjdk-lts-iuKaMP/openjdk-lts-11.0.6+10/src/hotspot/share/classfile/systemDictionary.cpp, line 231]
Event: 0,902 Thread 0x00007ff4fc015800 Exception <a 'java/io/FileNotFoundException'{0x0000000092e34710}> (0x0000000092e34710) thrown at [/build/openjdk-lts-iuKaMP/openjdk-lts-11.0.6+10/src/hotspot/share/prims/jni.cpp, line 615]
Event: 1,117 Thread 0x00007ff4fc015800 Exception <a 'java/lang/UnsatisfiedLinkError'{0x0000000092f210f8}: libtesseract.so: cannot open shared object file: No such file or directory> (0x0000000092f210f8) thrown at [/build/openjdk-lts-iuKaMP/openjdk-lts-11.0.6+10/src/hotspot/share/prims/jni.cpp,
Event: 1,118 Thread 0x00007ff4fc015800 Exception <a 'java/lang/UnsatisfiedLinkError'{0x0000000092f21eb0}: libtesseract.so: cannot open shared object file: No such file or directory> (0x0000000092f21eb0) thrown at [/build/openjdk-lts-iuKaMP/openjdk-lts-11.0.6+10/src/hotspot/share/prims/jni.cpp,

Events (20 events):
Event: 1,244 loading class com/github/jaiimageio/plugins/tiff/EXIFGPSTagSet$GPSDateStamp
Event: 1,244 loading class com/github/jaiimageio/plugins/tiff/EXIFGPSTagSet$GPSDateStamp done
Event: 1,244 loading class com/github/jaiimageio/plugins/tiff/EXIFGPSTagSet$GPSDifferential
Event: 1,244 loading class com/github/jaiimageio/plugins/tiff/EXIFGPSTagSet$GPSDifferential done
Event: 1,245 loading class com/github/jaiimageio/plugins/tiff/GeoTIFFTagSet$ModelPixelScale
Event: 1,245 loading class com/github/jaiimageio/plugins/tiff/GeoTIFFTagSet$ModelPixelScale done
Event: 1,245 loading class com/github/jaiimageio/plugins/tiff/GeoTIFFTagSet$ModelTransformation
Event: 1,245 loading class com/github/jaiimageio/plugins/tiff/GeoTIFFTagSet$ModelTransformation done
Event: 1,246 loading class com/github/jaiimageio/plugins/tiff/GeoTIFFTagSet$ModelTiePoint
Event: 1,246 loading class com/github/jaiimageio/plugins/tiff/GeoTIFFTagSet$ModelTiePoint done
Event: 1,246 loading class com/github/jaiimageio/plugins/tiff/GeoTIFFTagSet$GeoKeyDirectory
Event: 1,246 loading class com/github/jaiimageio/plugins/tiff/GeoTIFFTagSet$GeoKeyDirectory done
Event: 1,246 loading class com/github/jaiimageio/plugins/tiff/GeoTIFFTagSet$GeoDoubleParams
Event: 1,246 loading class com/github/jaiimageio/plugins/tiff/GeoTIFFTagSet$GeoDoubleParams done
Event: 1,246 loading class com/github/jaiimageio/plugins/tiff/GeoTIFFTagSet$GeoAsciiParams
Event: 1,246 loading class com/github/jaiimageio/plugins/tiff/GeoTIFFTagSet$GeoAsciiParams done
Event: 1,250 loading class java/lang/StrictMath
Event: 1,250 loading class java/lang/StrictMath done
Event: 1,251 loading class com/sun/jna/Native$Buffers
Event: 1,251 loading class com/sun/jna/Native$Buffers done


Dynamic libraries:
8bc00000-93200000 rw-p 00000000 00:00 0 
93200000-ffe00000 ---p 00000000 00:00 0 
ffe00000-ffe47000 rw-p 01105000 08:06 527177                             /usr/lib/jvm/java-11-openjdk-amd64/lib/server/classes.jsa
ffe47000-fff00000 rw-p 00000000 00:00 0 
fff00000-fff6a000 rw-p 0109b000 08:06 527177                             /usr/lib/jvm/java-11-openjdk-amd64/lib/server/classes.jsa
fff6a000-100000000 rw-p 00000000 00:00 0 
800000000-800002000 rwxp 00001000 08:06 527177                           /usr/lib/jvm/java-11-openjdk-amd64/lib/server/classes.jsa
800002000-8003b8000 rw-p 00003000 08:06 527177                           /usr/lib/jvm/java-11-openjdk-amd64/lib/server/classes.jsa
8003b8000-800a8d000 r--p 003b9000 08:06 527177                           /usr/lib/jvm/java-11-openjdk-amd64/lib/server/classes.jsa
800a8d000-800a8e000 rw-p 00a8e000 08:06 527177                           /usr/lib/jvm/java-11-openjdk-amd64/lib/server/classes.jsa
800a8e000-80109a000 r--p 00a8f000 08:06 527177                           /usr/lib/jvm/java-11-openjdk-amd64/lib/server/classes.jsa
840000000-840140000 rw-p 00000000 00:00 0 
840140000-880000000 ---p 00000000 00:00 0 
5630ba942000-5630ba943000 r-xp 00000000 08:06 524463                     /usr/lib/jvm/java-11-openjdk-amd64/bin/java
5630bab43000-5630bab44000 r--p 00001000 08:06 524463                     /usr/lib/jvm/java-11-openjdk-amd64/bin/java
5630bab44000-5630bab45000 rw-p 00002000 08:06 524463                     /usr/lib/jvm/java-11-openjdk-amd64/bin/java
5630bc74b000-5630bc76c000 rw-p 00000000 00:00 0                          [heap]
7ff48837d000-7ff489e2c000 r-xp 00000000 08:06 525854                     /usr/lib/x86_64-linux-gnu/libicudata.so.65.1
7ff489e2c000-7ff48a02b000 ---p 01aaf000 08:06 525854                     /usr/lib/x86_64-linux-gnu/libicudata.so.65.1
7ff48a02b000-7ff48a02c000 r--p 01aae000 08:06 525854                     /usr/lib/x86_64-linux-gnu/libicudata.so.65.1
7ff48a02c000-7ff48a02d000 rw-p 01aaf000 08:06 525854                     /usr/lib/x86_64-linux-gnu/libicudata.so.65.1
7ff48a02d000-7ff48a038000 r-xp 00000000 08:06 534415                     /usr/lib/x86_64-linux-gnu/libjbig.so.0
7ff48a038000-7ff48a237000 ---p 0000b000 08:06 534415                     /usr/lib/x86_64-linux-gnu/libjbig.so.0
7ff48a237000-7ff48a238000 r--p 0000a000 08:06 534415                     /usr/lib/x86_64-linux-gnu/libjbig.so.0
7ff48a238000-7ff48a23b000 rw-p 0000b000 08:06 534415                     /usr/lib/x86_64-linux-gnu/libjbig.so.0
7ff48a23b000-7ff48a3fd000 r-xp 00000000 08:06 528216                     /usr/lib/x86_64-linux-gnu/libicuuc.so.65.1
7ff48a3fd000-7ff48a5fd000 ---p 001c2000 08:06 528216                     /usr/lib/x86_64-linux-gnu/libicuuc.so.65.1
7ff48a5fd000-7ff48a60f000 r--p 001c2000 08:06 528216                     /usr/lib/x86_64-linux-gnu/libicuuc.so.65.1
7ff48a60f000-7ff48a610000 rw-p 001d4000 08:06 528216                     /usr/lib/x86_64-linux-gnu/libicuuc.so.65.1
7ff48a610000-7ff48a612000 rw-p 00000000 00:00 0 
7ff48a612000-7ff48a616000 r-xp 00000000 08:06 135058                     /lib/x86_64-linux-gnu/libattr.so.1.1.0
7ff48a616000-7ff48a815000 ---p 00004000 08:06 135058                     /lib/x86_64-linux-gnu/libattr.so.1.1.0
7ff48a815000-7ff48a816000 r--p 00003000 08:06 135058                     /lib/x86_64-linux-gnu/libattr.so.1.1.0
7ff48a816000-7ff48a817000 rw-p 00004000 08:06 135058                     /lib/x86_64-linux-gnu/libattr.so.1.1.0
7ff48a817000-7ff48a86b000 r-xp 00000000 08:06 525483                     /usr/lib/x86_64-linux-gnu/libopenjp2.so.2.3.0
7ff48a86b000-7ff48aa6b000 ---p 00054000 08:06 525483                     /usr/lib/x86_64-linux-gnu/libopenjp2.so.2.3.0
7ff48aa6b000-7ff48aa6c000 r--p 00054000 08:06 525483                     /usr/lib/x86_64-linux-gnu/libopenjp2.so.2.3.0
7ff48aa6c000-7ff48aa6d000 rw-p 00055000 08:06 525483                     /usr/lib/x86_64-linux-gnu/libopenjp2.so.2.3.0
7ff48aa6d000-7ff48aad3000 r-xp 00000000 08:06 535069                     /usr/lib/x86_64-linux-gnu/libwebp.so.6.0.2
7ff48aad3000-7ff48acd2000 ---p 00066000 08:06 535069                     /usr/lib/x86_64-linux-gnu/libwebp.so.6.0.2
7ff48acd2000-7ff48acd3000 r--p 00065000 08:06 535069                     /usr/lib/x86_64-linux-gnu/libwebp.so.6.0.2
7ff48acd3000-7ff48acd4000 rw-p 00066000 08:06 535069                     /usr/lib/x86_64-linux-gnu/libwebp.so.6.0.2
7ff48acd4000-7ff48acd6000 rw-p 00000000 00:00 0 
7ff48acd6000-7ff48ad49000 r-xp 00000000 08:06 524294                     /usr/lib/x86_64-linux-gnu/libtiff.so.5.3.0
7ff48ad49000-7ff48af48000 ---p 00073000 08:06 524294                     /usr/lib/x86_64-linux-gnu/libtiff.so.5.3.0
7ff48af48000-7ff48af4c000 r--p 00072000 08:06 524294                     /usr/lib/x86_64-linux-gnu/libtiff.so.5.3.0
7ff48af4c000-7ff48af4d000 rw-p 00076000 08:06 524294                     /usr/lib/x86_64-linux-gnu/libtiff.so.5.3.0
7ff48af4d000-7ff48af55000 r-xp 00000000 08:06 525224                     /usr/lib/x86_64-linux-gnu/libgif.so.7.0.0
7ff48af55000-7ff48b154000 ---p 00008000 08:06 525224                     /usr/lib/x86_64-linux-gnu/libgif.so.7.0.0
7ff48b154000-7ff48b155000 r--p 00007000 08:06 525224                     /usr/lib/x86_64-linux-gnu/libgif.so.7.0.0
7ff48b155000-7ff48b156000 rw-p 00008000 08:06 525224                     /usr/lib/x86_64-linux-gnu/libgif.so.7.0.0
7ff48b156000-7ff48b1bd000 r-xp 00000000 08:06 525736                     /usr/lib/x86_64-linux-gnu/libjpeg.so.8.1.2
7ff48b1bd000-7ff48b3bc000 ---p 00067000 08:06 525736                     /usr/lib/x86_64-linux-gnu/libjpeg.so.8.1.2
7ff48b3bc000-7ff48b3bd000 r--p 00066000 08:06 525736                     /usr/lib/x86_64-linux-gnu/libjpeg.so.8.1.2
7ff48b3bd000-7ff48b3be000 rw-p 00067000 08:06 525736                     /usr/lib/x86_64-linux-gnu/libjpeg.so.8.1.2
7ff48b3be000-7ff48b3ef000 r-xp 00000000 08:06 525495                     /usr/lib/x86_64-linux-gnu/libpng16.so.16.34.0
7ff48b3ef000-7ff48b5ee000 ---p 00031000 08:06 525495                     /usr/lib/x86_64-linux-gnu/libpng16.so.16.34.0
7ff48b5ee000-7ff48b5ef000 r--p 00030000 08:06 525495                     /usr/lib/x86_64-linux-gnu/libpng16.so.16.34.0
7ff48b5ef000-7ff48b5f0000 rw-p 00031000 08:06 525495                     /usr/lib/x86_64-linux-gnu/libpng16.so.16.34.0
7ff48b5f0000-7ff48b7a3000 r-xp 00000000 08:06 532116                     /usr/lib/x86_64-linux-gnu/libxml2.so.2.9.10
7ff48b7a3000-7ff48b9a2000 ---p 001b3000 08:06 532116                     /usr/lib/x86_64-linux-gnu/libxml2.so.2.9.10
7ff48b9a2000-7ff48b9ab000 r--p 001b2000 08:06 532116                     /usr/lib/x86_64-linux-gnu/libxml2.so.2.9.10
7ff48b9ab000-7ff48b9ac000 rw-p 001bb000 08:06 532116                     /usr/lib/x86_64-linux-gnu/libxml2.so.2.9.10
7ff48b9ac000-7ff48b9ae000 rw-p 00000000 00:00 0 
7ff48b9ae000-7ff48b9bd000 r-xp 00000000 08:06 134495                     /lib/x86_64-linux-gnu/libbz2.so.1.0.4
7ff48b9bd000-7ff48bbbc000 ---p 0000f000 08:06 134495                     /lib/x86_64-linux-gnu/libbz2.so.1.0.4
7ff48bbbc000-7ff48bbbd000 r--p 0000e000 08:06 134495                     /lib/x86_64-linux-gnu/libbz2.so.1.0.4
7ff48bbbd000-7ff48bbbe000 rw-p 0000f000 08:06 134495                     /lib/x86_64-linux-gnu/libbz2.so.1.0.4
7ff48bbbe000-7ff48bbd9000 r-xp 00000000 08:06 534484                     /usr/lib/x86_64-linux-gnu/liblz4.so.1.7.1
7ff48bbd9000-7ff48bdd8000 ---p 0001b000 08:06 534484                     /usr/lib/x86_64-linux-gnu/liblz4.so.1.7.1
7ff48bdd8000-7ff48bdd9000 r--p 0001a000 08:06 534484                     /usr/lib/x86_64-linux-gnu/liblz4.so.1.7.1
7ff48bdd9000-7ff48bdda000 rw-p 0001b000 08:06 534484                     /usr/lib/x86_64-linux-gnu/liblz4.so.1.7.1
7ff48bdda000-7ff48bdfe000 r-xp 00000000 08:06 135138                     /lib/x86_64-linux-gnu/liblzma.so.5.2.2
7ff48bdfe000-7ff48bffe000 ---p 00024000 08:06 135138                     /lib/x86_64-linux-gnu/liblzma.so.5.2.2
7ff48bffe000-7ff48bfff000 r--p 00024000 08:06 135138                     /lib/x86_64-linux-gnu/liblzma.so.5.2.2
7ff48bfff000-7ff48c000000 rw-p 00025000 08:06 135138                     /lib/x86_64-linux-gnu/liblzma.so.5.2.2
7ff48c000000-7ff48c021000 rw-p 00000000 00:00 0 
7ff48c021000-7ff490000000 ---p 00000000 00:00 0 
7ff490000000-7ff490021000 rw-p 00000000 00:00 0 
7ff490021000-7ff494000000 ---p 00000000 00:00 0 
7ff494000000-7ff4948c3000 rw-p 00000000 00:00 0 
7ff4948c3000-7ff498000000 ---p 00000000 00:00 0 
7ff498000000-7ff498021000 rw-p 00000000 00:00 0 
7ff498021000-7ff49c000000 ---p 00000000 00:00 0 
7ff49c000000-7ff49c021000 rw-p 00000000 00:00 0 
7ff49c021000-7ff4a0000000 ---p 00000000 00:00 0 
7ff4a0000000-7ff4a0021000 rw-p 00000000 00:00 0 
7ff4a0021000-7ff4a4000000 ---p 00000000 00:00 0 
7ff4a4000000-7ff4a4021000 rw-p 00000000 00:00 0 
7ff4a4021000-7ff4a8000000 ---p 00000000 00:00 0 
7ff4a8000000-7ff4a8021000 rw-p 00000000 00:00 0 
7ff4a8021000-7ff4ac000000 ---p 00000000 00:00 0 
7ff4ac000000-7ff4ac54d000 rw-p 00000000 00:00 0 
7ff4ac54d000-7ff4b0000000 ---p 00000000 00:00 0 
7ff4b01dd000-7ff4b01fe000 r-xp 00000000 08:06 135140                     /lib/x86_64-linux-gnu/liblzo2.so.2.0.0
7ff4b01fe000-7ff4b03fd000 ---p 00021000 08:06 135140                     /lib/x86_64-linux-gnu/liblzo2.so.2.0.0
7ff4b03fd000-7ff4b03fe000 r--p 00020000 08:06 135140                     /lib/x86_64-linux-gnu/liblzo2.so.2.0.0
7ff4b03fe000-7ff4b03ff000 rw-p 00021000 08:06 135140                     /lib/x86_64-linux-gnu/liblzo2.so.2.0.0
7ff4b03ff000-7ff4b0406000 r-xp 00000000 08:06 135046                     /lib/x86_64-linux-gnu/libacl.so.1.1.0
7ff4b0406000-7ff4b0605000 ---p 00007000 08:06 135046                     /lib/x86_64-linux-gnu/libacl.so.1.1.0
7ff4b0605000-7ff4b0606000 r--p 00006000 08:06 135046                     /lib/x86_64-linux-gnu/libacl.so.1.1.0
7ff4b0606000-7ff4b0607000 rw-p 00007000 08:06 135046                     /lib/x86_64-linux-gnu/libacl.so.1.1.0
7ff4b0607000-7ff4b063b000 r-xp 00000000 08:06 534586                     /usr/lib/x86_64-linux-gnu/libnettle.so.6.4
7ff4b063b000-7ff4b083a000 ---p 00034000 08:06 534586                     /usr/lib/x86_64-linux-gnu/libnettle.so.6.4
7ff4b083a000-7ff4b083c000 r--p 00033000 08:06 534586                     /usr/lib/x86_64-linux-gnu/libnettle.so.6.4
7ff4b083c000-7ff4b083d000 rw-p 00035000 08:06 534586                     /usr/lib/x86_64-linux-gnu/libnettle.so.6.4
7ff4b083d000-7ff4b086b000 r-xp 00000000 08:06 533626                     /usr/lib/x86_64-linux-gnu/libgomp.so.1.0.0
7ff4b086b000-7ff4b0a6a000 ---p 0002e000 08:06 533626                     /usr/lib/x86_64-linux-gnu/libgomp.so.1.0.0
7ff4b0a6a000-7ff4b0a6b000 r--p 0002d000 08:06 533626                     /usr/lib/x86_64-linux-gnu/libgomp.so.1.0.0
7ff4b0a6b000-7ff4b0a6c000 rw-p 0002e000 08:06 533626                     /usr/lib/x86_64-linux-gnu/libgomp.so.1.0.0
7ff4b0a6c000-7ff4b0cde000 r-xp 00000000 08:06 537029                     /usr/lib/x86_64-linux-gnu/liblept.so.5.0.3
7ff4b0cde000-7ff4b0ede000 ---p 00272000 08:06 537029                     /usr/lib/x86_64-linux-gnu/liblept.so.5.0.3
7ff4b0ede000-7ff4b0edf000 r--p 00272000 08:06 537029                     /usr/lib/x86_64-linux-gnu/liblept.so.5.0.3
7ff4b0edf000-7ff4b0ee5000 rw-p 00273000 08:06 537029                     /usr/lib/x86_64-linux-gnu/liblept.so.5.0.3
7ff4b0ee5000-7ff4b0f91000 r-xp 00000000 08:06 532165                     /usr/lib/x86_64-linux-gnu/libarchive.so.13.2.2
7ff4b0f91000-7ff4b1191000 ---p 000ac000 08:06 532165                     /usr/lib/x86_64-linux-gnu/libarchive.so.13.2.2
7ff4b1191000-7ff4b1194000 r--p 000ac000 08:06 532165                     /usr/lib/x86_64-linux-gnu/libarchive.so.13.2.2
7ff4b1194000-7ff4b1195000 rw-p 000af000 08:06 532165                     /usr/lib/x86_64-linux-gnu/libarchive.so.13.2.2
7ff4b1195000-7ff4b14c7000 r-xp 00000000 08:06 537037                     /usr/lib/x86_64-linux-gnu/libtesseract.so.5.0.0
7ff4b14c7000-7ff4b16c6000 ---p 00332000 08:06 537037                     /usr/lib/x86_64-linux-gnu/libtesseract.so.5.0.0
7ff4b16c6000-7ff4b16cb000 r--p 00331000 08:06 537037                     /usr/lib/x86_64-linux-gnu/libtesseract.so.5.0.0
7ff4b16cb000-7ff4b16cc000 rw-p 00336000 08:06 537037                     /usr/lib/x86_64-linux-gnu/libtesseract.so.5.0.0
7ff4b16cc000-7ff4b17cf000 rw-p 00000000 00:00 0 
7ff4b17cf000-7ff4b18cf000 ---p 00000000 00:00 0 
7ff4b18cf000-7ff4b18e6000 r-xp 00000000 08:06 2490938                    /tmp/jna--1315149918/jna17111555604790535276.tmp (deleted)
7ff4b18e6000-7ff4b19e5000 ---p 00017000 08:06 2490938                    /tmp/jna--1315149918/jna17111555604790535276.tmp (deleted)
7ff4b19e5000-7ff4b19e7000 rw-p 00016000 08:06 2490938                    /tmp/jna--1315149918/jna17111555604790535276.tmp (deleted)
7ff4b19e7000-7ff4b19eb000 ---p 00000000 00:00 0 
7ff4b19eb000-7ff4b1ae8000 rw-p 00000000 00:00 0 
7ff4b1ae8000-7ff4b1afb000 r-xp 00000000 08:06 131340                     /lib/x86_64-linux-gnu/libbsd.so.0.8.7
7ff4b1afb000-7ff4b1cfa000 ---p 00013000 08:06 131340                     /lib/x86_64-linux-gnu/libbsd.so.0.8.7
7ff4b1cfa000-7ff4b1cfb000 r--p 00012000 08:06 131340                     /lib/x86_64-linux-gnu/libbsd.so.0.8.7
7ff4b1cfb000-7ff4b1cfc000 rw-p 00013000 08:06 131340                     /lib/x86_64-linux-gnu/libbsd.so.0.8.7
7ff4b1cfc000-7ff4b1cfd000 rw-p 00000000 00:00 0 
7ff4b1cfd000-7ff4b1d02000 r-xp 00000000 08:06 533525                     /usr/lib/x86_64-linux-gnu/libXdmcp.so.6.0.0
7ff4b1d02000-7ff4b1f01000 ---p 00005000 08:06 533525                     /usr/lib/x86_64-linux-gnu/libXdmcp.so.6.0.0
7ff4b1f01000-7ff4b1f02000 r--p 00004000 08:06 533525                     /usr/lib/x86_64-linux-gnu/libXdmcp.so.6.0.0
7ff4b1f02000-7ff4b1f03000 rw-p 00005000 08:06 533525                     /usr/lib/x86_64-linux-gnu/libXdmcp.so.6.0.0
7ff4b1f03000-7ff4b1f05000 r-xp 00000000 08:06 533512                     /usr/lib/x86_64-linux-gnu/libXau.so.6.0.0
7ff4b1f05000-7ff4b2105000 ---p 00002000 08:06 533512                     /usr/lib/x86_64-linux-gnu/libXau.so.6.0.0
7ff4b2105000-7ff4b2106000 r--p 00002000 08:06 533512                     /usr/lib/x86_64-linux-gnu/libXau.so.6.0.0
7ff4b2106000-7ff4b2107000 rw-p 00003000 08:06 533512                     /usr/lib/x86_64-linux-gnu/libXau.so.6.0.0
7ff4b2107000-7ff4b212d000 r-xp 00000000 08:06 527967                     /usr/lib/x86_64-linux-gnu/libxcb.so.1.1.0
7ff4b212d000-7ff4b232d000 ---p 00026000 08:06 527967                     /usr/lib/x86_64-linux-gnu/libxcb.so.1.1.0
7ff4b232d000-7ff4b232e000 r--p 00026000 08:06 527967                     /usr/lib/x86_64-linux-gnu/libxcb.so.1.1.0
7ff4b232e000-7ff4b232f000 rw-p 00027000 08:06 527967                     /usr/lib/x86_64-linux-gnu/libxcb.so.1.1.0
7ff4b232f000-7ff4b233e000 r-xp 00000000 08:06 533537                     /usr/lib/x86_64-linux-gnu/libXi.so.6.1.0
7ff4b233e000-7ff4b253d000 ---p 0000f000 08:06 533537                     /usr/lib/x86_64-linux-gnu/libXi.so.6.1.0
7ff4b253d000-7ff4b253e000 r--p 0000e000 08:06 533537                     /usr/lib/x86_64-linux-gnu/libXi.so.6.1.0
7ff4b253e000-7ff4b253f000 rw-p 0000f000 08:06 533537                     /usr/lib/x86_64-linux-gnu/libXi.so.6.1.0
7ff4b253f000-7ff4b2544000 r-xp 00000000 08:06 533557                     /usr/lib/x86_64-linux-gnu/libXtst.so.6.1.0
7ff4b2544000-7ff4b2743000 ---p 00005000 08:06 533557                     /usr/lib/x86_64-linux-gnu/libXtst.so.6.1.0
7ff4b2743000-7ff4b2744000 r--p 00004000 08:06 533557                     /usr/lib/x86_64-linux-gnu/libXtst.so.6.1.0
7ff4b2744000-7ff4b2745000 rw-p 00005000 08:06 533557                     /usr/lib/x86_64-linux-gnu/libXtst.so.6.1.0
7ff4b2745000-7ff4b274e000 r-xp 00000000 08:06 533549                     /usr/lib/x86_64-linux-gnu/libXrender.so.1.3.0
7ff4b274e000-7ff4b294d000 ---p 00009000 08:06 533549                     /usr/lib/x86_64-linux-gnu/libXrender.so.1.3.0
7ff4b294d000-7ff4b294e000 r--p 00008000 08:06 533549                     /usr/lib/x86_64-linux-gnu/libXrender.so.1.3.0
7ff4b294e000-7ff4b294f000 rw-p 00009000 08:06 533549                     /usr/lib/x86_64-linux-gnu/libXrender.so.1.3.0
7ff4b294f000-7ff4b2a82000 r-xp 00000000 08:06 526880                     /usr/lib/x86_64-linux-gnu/libX11.so.6.3.0
7ff4b2a82000-7ff4b2c82000 ---p 00133000 08:06 526880                     /usr/lib/x86_64-linux-gnu/libX11.so.6.3.0
7ff4b2c82000-7ff4b2c83000 r--p 00133000 08:06 526880                     /usr/lib/x86_64-linux-gnu/libX11.so.6.3.0
7ff4b2c83000-7ff4b2c87000 rw-p 00134000 08:06 526880                     /usr/lib/x86_64-linux-gnu/libX11.so.6.3.0
7ff4b2c87000-7ff4b2c98000 r-xp 00000000 08:06 533527                     /usr/lib/x86_64-linux-gnu/libXext.so.6.4.0
7ff4b2c98000-7ff4b2e97000 ---p 00011000 08:06 533527                     /usr/lib/x86_64-linux-gnu/libXext.so.6.4.0
7ff4b2e97000-7ff4b2e98000 r--p 00010000 08:06 533527                     /usr/lib/x86_64-linux-gnu/libXext.so.6.4.0
7ff4b2e98000-7ff4b2e99000 rw-p 00011000 08:06 533527                     /usr/lib/x86_64-linux-gnu/libXext.so.6.4.0
7ff4b2e99000-7ff4b2ef8000 r-xp 00000000 08:06 532932                     /usr/lib/jvm/java-11-openjdk-amd64/lib/libawt_xawt.so
7ff4b2ef8000-7ff4b30f7000 ---p 0005f000 08:06 532932                     /usr/lib/jvm/java-11-openjdk-amd64/lib/libawt_xawt.so
7ff4b30f7000-7ff4b30f8000 r--p 0005e000 08:06 532932                     /usr/lib/jvm/java-11-openjdk-amd64/lib/libawt_xawt.so
7ff4b30f8000-7ff4b30fb000 rw-p 0005f000 08:06 532932                     /usr/lib/jvm/java-11-openjdk-amd64/lib/libawt_xawt.so
7ff4b30fb000-7ff4b30fd000 rw-p 00000000 00:00 0 
7ff4b30fd000-7ff4b319c000 r-xp 00000000 08:06 532930                     /usr/lib/jvm/java-11-openjdk-amd64/lib/libawt.so
7ff4b319c000-7ff4b339c000 ---p 0009f000 08:06 532930                     /usr/lib/jvm/java-11-openjdk-amd64/lib/libawt.so
7ff4b339c000-7ff4b339d000 r--p 0009f000 08:06 532930                     /usr/lib/jvm/java-11-openjdk-amd64/lib/libawt.so
7ff4b339d000-7ff4b33a8000 rw-p 000a0000 08:06 532930                     /usr/lib/jvm/java-11-openjdk-amd64/lib/libawt.so
7ff4b33a8000-7ff4b33cd000 rw-p 00000000 00:00 0 
7ff4b33cd000-7ff4b33ce000 ---p 00000000 00:00 0 
7ff4b33ce000-7ff4b34cf000 rw-p 00000000 00:00 0 
7ff4b34cf000-7ff4b34d0000 ---p 00000000 00:00 0 
7ff4b34d0000-7ff4b35d1000 rw-p 00000000 00:00 0 
7ff4b35d1000-7ff4b35d5000 ---p 00000000 00:00 0 
7ff4b35d5000-7ff4b36d2000 rw-p 00000000 00:00 0 
7ff4b36d2000-7ff4b36e8000 r-xp 00000000 08:06 535042                     /usr/lib/jvm/java-11-openjdk-amd64/lib/libnet.so
7ff4b36e8000-7ff4b38e7000 ---p 00016000 08:06 535042                     /usr/lib/jvm/java-11-openjdk-amd64/lib/libnet.so
7ff4b38e7000-7ff4b38e8000 r--p 00015000 08:06 535042                     /usr/lib/jvm/java-11-openjdk-amd64/lib/libnet.so
7ff4b38e8000-7ff4b38e9000 rw-p 00016000 08:06 535042                     /usr/lib/jvm/java-11-openjdk-amd64/lib/libnet.so
7ff4b38e9000-7ff4b38f9000 r-xp 00000000 08:06 535043                     /usr/lib/jvm/java-11-openjdk-amd64/lib/libnio.so
7ff4b38f9000-7ff4b3af8000 ---p 00010000 08:06 535043                     /usr/lib/jvm/java-11-openjdk-amd64/lib/libnio.so
7ff4b3af8000-7ff4b3af9000 r--p 0000f000 08:06 535043                     /usr/lib/jvm/java-11-openjdk-amd64/lib/libnio.so
7ff4b3af9000-7ff4b3afa000 rw-p 00010000 08:06 535043                     /usr/lib/jvm/java-11-openjdk-amd64/lib/libnio.so
7ff4b3afa000-7ff4b3afe000 ---p 00000000 00:00 0 
7ff4b3afe000-7ff4b3bfb000 rw-p 00000000 00:00 0 
7ff4b3bfb000-7ff4b3bfc000 ---p 00000000 00:00 0 
7ff4b3bfc000-7ff4b3cfd000 rw-p 00000000 00:00 0 
7ff4b3cfd000-7ff4b3d01000 ---p 00000000 00:00 0 
7ff4b3d01000-7ff4b3dfe000 rw-p 00000000 00:00 0 
7ff4b3dfe000-7ff4b3e02000 ---p 00000000 00:00 0 
7ff4b3e02000-7ff4b3eff000 rw-p 00000000 00:00 0 
7ff4b3eff000-7ff4b3f03000 ---p 00000000 00:00 0 
7ff4b3f03000-7ff4b4000000 rw-p 00000000 00:00 0 
7ff4b4000000-7ff4b4021000 rw-p 00000000 00:00 0 
7ff4b4021000-7ff4b8000000 ---p 00000000 00:00 0 
7ff4b8000000-7ff4b8b7d000 rw-p 00000000 00:00 0 
7ff4b8b7d000-7ff4bc000000 ---p 00000000 00:00 0 
7ff4bc000000-7ff4bc021000 rw-p 00000000 00:00 0 
7ff4bc021000-7ff4c0000000 ---p 00000000 00:00 0 
7ff4c0000000-7ff4c0021000 rw-p 00000000 00:00 0 
7ff4c0021000-7ff4c4000000 ---p 00000000 00:00 0 
7ff4c4000000-7ff4c4021000 rw-p 00000000 00:00 0 
7ff4c4021000-7ff4c8000000 ---p 00000000 00:00 0 
7ff4c8000000-7ff4c8021000 rw-p 00000000 00:00 0 
7ff4c8021000-7ff4cc000000 ---p 00000000 00:00 0 
7ff4cc000000-7ff4cc021000 rw-p 00000000 00:00 0 
7ff4cc021000-7ff4d0000000 ---p 00000000 00:00 0 
7ff4d0000000-7ff4d0021000 rw-p 00000000 00:00 0 
7ff4d0021000-7ff4d4000000 ---p 00000000 00:00 0 
7ff4d4000000-7ff4d4021000 rw-p 00000000 00:00 0 
7ff4d4021000-7ff4d8000000 ---p 00000000 00:00 0 
7ff4d8086000-7ff4d808a000 ---p 00000000 00:00 0 
7ff4d808a000-7ff4d8187000 rw-p 00000000 00:00 0 
7ff4d8187000-7ff4d818b000 ---p 00000000 00:00 0 
7ff4d818b000-7ff4d8288000 rw-p 00000000 00:00 0 
7ff4d8288000-7ff4d8567000 r--p 00000000 08:06 531861                     /usr/lib/locale/locale-archive
7ff4d8567000-7ff4d856b000 ---p 00000000 00:00 0 
7ff4d856b000-7ff4d8668000 rw-p 00000000 00:00 0 
7ff4d8668000-7ff4d866c000 ---p 00000000 00:00 0 
7ff4d866c000-7ff4d8769000 rw-p 00000000 00:00 0 
7ff4d8769000-7ff4d876a000 ---p 00000000 00:00 0 
7ff4d876a000-7ff4d90ec000 rw-p 00000000 00:00 0 
7ff4d90ec000-7ff4d90ed000 ---p 00000000 00:00 0 
7ff4d90ed000-7ff4d91ee000 rw-p 00000000 00:00 0 
7ff4d91ee000-7ff4d91ef000 ---p 00000000 00:00 0 
7ff4d91ef000-7ff4db6f4000 rw-p 00000000 00:00 0 
7ff4db6f4000-7ff4db6f5000 ---p 00000000 00:00 0 
7ff4db6f5000-7ff4db7f6000 rw-p 00000000 00:00 0 
7ff4db7f6000-7ff4db7f7000 ---p 00000000 00:00 0 
7ff4db7f7000-7ff4dbad0000 rw-p 00000000 00:00 0 
7ff4dbad0000-7ff4dd600000 ---p 00000000 00:00 0 
7ff4dd600000-7ff4dd7e0000 rw-p 00000000 00:00 0 
7ff4dd7e0000-7ff4df310000 ---p 00000000 00:00 0 
7ff4df310000-7ff4df353000 rw-p 00000000 00:00 0 
7ff4df353000-7ff4df6b9000 ---p 00000000 00:00 0 
7ff4df6b9000-7ff4df6f5000 rw-p 00000000 00:00 0 
7ff4df6f5000-7ff4dfa5b000 ---p 00000000 00:00 0 
7ff4dfa5b000-7ff4dfa97000 rw-p 00000000 00:00 0 
7ff4dfa97000-7ff4dfdfd000 ---p 00000000 00:00 0 
7ff4dfdfd000-7ff4e0000000 rw-p 00000000 00:00 0 
7ff4e0000000-7ff4e0021000 rw-p 00000000 00:00 0 
7ff4e0021000-7ff4e4000000 ---p 00000000 00:00 0 
7ff4e4028000-7ff4e422a000 rw-p 00000000 00:00 0 
7ff4e422a000-7ff4e422b000 ---p 00000000 00:00 0 
7ff4e422b000-7ff4e4331000 rw-p 00000000 00:00 0 
7ff4e4331000-7ff4e4417000 ---p 00000000 00:00 0 
7ff4e4417000-7ff4e441d000 rw-p 00000000 00:00 0 
7ff4e441d000-7ff4e4502000 ---p 00000000 00:00 0 
7ff4e4502000-7ff4e4772000 rwxp 00000000 00:00 0 
7ff4e4772000-7ff4e4a92000 ---p 00000000 00:00 0 
7ff4e4a92000-7ff4e4d52000 rwxp 00000000 00:00 0 
7ff4e4d52000-7ff4ebfca000 ---p 00000000 00:00 0 
7ff4ebfca000-7ff4ec23a000 rwxp 00000000 00:00 0 
7ff4ec23a000-7ff4f3502000 ---p 00000000 00:00 0 
7ff4f3502000-7ff4fbbf2000 r--s 00000000 08:06 535337                     /usr/lib/jvm/java-11-openjdk-amd64/lib/modules
7ff4fbbf2000-7ff4fbbf7000 r-xp 00000000 08:06 533362                     /usr/lib/jvm/java-11-openjdk-amd64/lib/libjimage.so
7ff4fbbf7000-7ff4fbdf6000 ---p 00005000 08:06 533362                     /usr/lib/jvm/java-11-openjdk-amd64/lib/libjimage.so
7ff4fbdf6000-7ff4fbdf7000 r--p 00004000 08:06 533362                     /usr/lib/jvm/java-11-openjdk-amd64/lib/libjimage.so
7ff4fbdf7000-7ff4fbdf8000 rw-p 00005000 08:06 533362                     /usr/lib/jvm/java-11-openjdk-amd64/lib/libjimage.so
7ff4fbdf8000-7ff4fbdff000 r-xp 00000000 08:06 535308                     /usr/lib/jvm/java-11-openjdk-amd64/lib/libzip.so
7ff4fbdff000-7ff4fbffe000 ---p 00007000 08:06 535308                     /usr/lib/jvm/java-11-openjdk-amd64/lib/libzip.so
7ff4fbffe000-7ff4fbfff000 r--p 00006000 08:06 535308                     /usr/lib/jvm/java-11-openjdk-amd64/lib/libzip.so
7ff4fbfff000-7ff4fc000000 rw-p 00007000 08:06 535308                     /usr/lib/jvm/java-11-openjdk-amd64/lib/libzip.so
7ff4fc000000-7ff4fc6db000 rw-p 00000000 00:00 0 
7ff4fc6db000-7ff500000000 ---p 00000000 00:00 0 
7ff500044000-7ff50009f000 rw-p 00000000 00:00 0 
7ff50009f000-7ff5000aa000 r-xp 00000000 08:06 135170                     /lib/x86_64-linux-gnu/libnss_files-2.27.so
7ff5000aa000-7ff5002a9000 ---p 0000b000 08:06 135170                     /lib/x86_64-linux-gnu/libnss_files-2.27.so
7ff5002a9000-7ff5002aa000 r--p 0000a000 08:06 135170                     /lib/x86_64-linux-gnu/libnss_files-2.27.so
7ff5002aa000-7ff5002ab000 rw-p 0000b000 08:06 135170                     /lib/x86_64-linux-gnu/libnss_files-2.27.so
7ff5002ab000-7ff5002b1000 rw-p 00000000 00:00 0 
7ff5002b1000-7ff5002c8000 r-xp 00000000 08:06 135164                     /lib/x86_64-linux-gnu/libnsl-2.27.so
7ff5002c8000-7ff5004c7000 ---p 00017000 08:06 135164                     /lib/x86_64-linux-gnu/libnsl-2.27.so
7ff5004c7000-7ff5004c8000 r--p 00016000 08:06 135164                     /lib/x86_64-linux-gnu/libnsl-2.27.so
7ff5004c8000-7ff5004c9000 rw-p 00017000 08:06 135164                     /lib/x86_64-linux-gnu/libnsl-2.27.so
7ff5004c9000-7ff5004cb000 rw-p 00000000 00:00 0 
7ff5004cb000-7ff5004d6000 r-xp 00000000 08:06 135180                     /lib/x86_64-linux-gnu/libnss_nis-2.27.so
7ff5004d6000-7ff5006d5000 ---p 0000b000 08:06 135180                     /lib/x86_64-linux-gnu/libnss_nis-2.27.so
7ff5006d5000-7ff5006d6000 r--p 0000a000 08:06 135180                     /lib/x86_64-linux-gnu/libnss_nis-2.27.so
7ff5006d6000-7ff5006d7000 rw-p 0000b000 08:06 135180                     /lib/x86_64-linux-gnu/libnss_nis-2.27.so
7ff5006d7000-7ff5006df000 r-xp 00000000 08:06 135166                     /lib/x86_64-linux-gnu/libnss_compat-2.27.so
7ff5006df000-7ff5008df000 ---p 00008000 08:06 135166                     /lib/x86_64-linux-gnu/libnss_compat-2.27.so
7ff5008df000-7ff5008e0000 r--p 00008000 08:06 135166                     /lib/x86_64-linux-gnu/libnss_compat-2.27.so
7ff5008e0000-7ff5008e1000 rw-p 00009000 08:06 135166                     /lib/x86_64-linux-gnu/libnss_compat-2.27.so
7ff5008e1000-7ff50090a000 r-xp 00000000 08:06 533288                     /usr/lib/jvm/java-11-openjdk-amd64/lib/libjava.so
7ff50090a000-7ff500b09000 ---p 00029000 08:06 533288                     /usr/lib/jvm/java-11-openjdk-amd64/lib/libjava.so
7ff500b09000-7ff500b0a000 r--p 00028000 08:06 533288                     /usr/lib/jvm/java-11-openjdk-amd64/lib/libjava.so
7ff500b0a000-7ff500b0c000 rw-p 00029000 08:06 533288                     /usr/lib/jvm/java-11-openjdk-amd64/lib/libjava.so
7ff500b0c000-7ff500b19000 r-xp 00000000 08:06 535307                     /usr/lib/jvm/java-11-openjdk-amd64/lib/libverify.so
7ff500b19000-7ff500d18000 ---p 0000d000 08:06 535307                     /usr/lib/jvm/java-11-openjdk-amd64/lib/libverify.so
7ff500d18000-7ff500d1a000 r--p 0000c000 08:06 535307                     /usr/lib/jvm/java-11-openjdk-amd64/lib/libverify.so
7ff500d1a000-7ff500d1b000 rw-p 0000e000 08:06 535307                     /usr/lib/jvm/java-11-openjdk-amd64/lib/libverify.so
7ff500d1b000-7ff500d22000 r-xp 00000000 08:06 135225                     /lib/x86_64-linux-gnu/librt-2.27.so
7ff500d22000-7ff500f21000 ---p 00007000 08:06 135225                     /lib/x86_64-linux-gnu/librt-2.27.so
7ff500f21000-7ff500f22000 r--p 00006000 08:06 135225                     /lib/x86_64-linux-gnu/librt-2.27.so
7ff500f22000-7ff500f23000 rw-p 00007000 08:06 135225                     /lib/x86_64-linux-gnu/librt-2.27.so
7ff500f23000-7ff500f3a000 r-xp 00000000 08:06 134499                     /lib/x86_64-linux-gnu/libgcc_s.so.1
7ff500f3a000-7ff501139000 ---p 00017000 08:06 134499                     /lib/x86_64-linux-gnu/libgcc_s.so.1
7ff501139000-7ff50113a000 r--p 00016000 08:06 134499                     /lib/x86_64-linux-gnu/libgcc_s.so.1
7ff50113a000-7ff50113b000 rw-p 00017000 08:06 134499                     /lib/x86_64-linux-gnu/libgcc_s.so.1
7ff50113b000-7ff5012d8000 r-xp 00000000 08:06 135141                     /lib/x86_64-linux-gnu/libm-2.27.so
7ff5012d8000-7ff5014d7000 ---p 0019d000 08:06 135141                     /lib/x86_64-linux-gnu/libm-2.27.so
7ff5014d7000-7ff5014d8000 r--p 0019c000 08:06 135141                     /lib/x86_64-linux-gnu/libm-2.27.so
7ff5014d8000-7ff5014d9000 rw-p 0019d000 08:06 135141                     /lib/x86_64-linux-gnu/libm-2.27.so
7ff5014d9000-7ff501652000 r-xp 00000000 08:06 525406                     /usr/lib/x86_64-linux-gnu/libstdc++.so.6.0.25
7ff501652000-7ff501852000 ---p 00179000 08:06 525406                     /usr/lib/x86_64-linux-gnu/libstdc++.so.6.0.25
7ff501852000-7ff50185c000 r--p 00179000 08:06 525406                     /usr/lib/x86_64-linux-gnu/libstdc++.so.6.0.25
7ff50185c000-7ff50185e000 rw-p 00183000 08:06 525406                     /usr/lib/x86_64-linux-gnu/libstdc++.so.6.0.25
7ff50185e000-7ff501862000 rw-p 00000000 00:00 0 
7ff501862000-7ff50293b000 r-xp 00000000 08:06 535395                     /usr/lib/jvm/java-11-openjdk-amd64/lib/server/libjvm.so
7ff50293b000-7ff502b3a000 ---p 010d9000 08:06 535395                     /usr/lib/jvm/java-11-openjdk-amd64/lib/server/libjvm.so
7ff502b3a000-7ff502bf7000 r--p 010d8000 08:06 535395                     /usr/lib/jvm/java-11-openjdk-amd64/lib/server/libjvm.so
7ff502bf7000-7ff502c31000 rw-p 01195000 08:06 535395                     /usr/lib/jvm/java-11-openjdk-amd64/lib/server/libjvm.so
7ff502c31000-7ff502c87000 rw-p 00000000 00:00 0 
7ff502c87000-7ff502ca1000 r-xp 00000000 08:06 135215                     /lib/x86_64-linux-gnu/libpthread-2.27.so
7ff502ca1000-7ff502ea0000 ---p 0001a000 08:06 135215                     /lib/x86_64-linux-gnu/libpthread-2.27.so
7ff502ea0000-7ff502ea1000 r--p 00019000 08:06 135215                     /lib/x86_64-linux-gnu/libpthread-2.27.so
7ff502ea1000-7ff502ea2000 rw-p 0001a000 08:06 135215                     /lib/x86_64-linux-gnu/libpthread-2.27.so
7ff502ea2000-7ff502ea6000 rw-p 00000000 00:00 0 
7ff502ea6000-7ff502ea9000 r-xp 00000000 08:06 135093                     /lib/x86_64-linux-gnu/libdl-2.27.so
7ff502ea9000-7ff5030a8000 ---p 00003000 08:06 135093                     /lib/x86_64-linux-gnu/libdl-2.27.so
7ff5030a8000-7ff5030a9000 r--p 00002000 08:06 135093                     /lib/x86_64-linux-gnu/libdl-2.27.so
7ff5030a9000-7ff5030aa000 rw-p 00003000 08:06 135093                     /lib/x86_64-linux-gnu/libdl-2.27.so
7ff5030aa000-7ff5030c6000 r-xp 00000000 08:06 135261                     /lib/x86_64-linux-gnu/libz.so.1.2.11
7ff5030c6000-7ff5032c5000 ---p 0001c000 08:06 135261                     /lib/x86_64-linux-gnu/libz.so.1.2.11
7ff5032c5000-7ff5032c6000 r--p 0001b000 08:06 135261                     /lib/x86_64-linux-gnu/libz.so.1.2.11
7ff5032c6000-7ff5032c7000 rw-p 0001c000 08:06 135261                     /lib/x86_64-linux-gnu/libz.so.1.2.11
7ff5032c7000-7ff5034ae000 r-xp 00000000 08:06 135068                     /lib/x86_64-linux-gnu/libc-2.27.so
7ff5034ae000-7ff5036ae000 ---p 001e7000 08:06 135068                     /lib/x86_64-linux-gnu/libc-2.27.so
7ff5036ae000-7ff5036b2000 r--p 001e7000 08:06 135068                     /lib/x86_64-linux-gnu/libc-2.27.so
7ff5036b2000-7ff5036b4000 rw-p 001eb000 08:06 135068                     /lib/x86_64-linux-gnu/libc-2.27.so
7ff5036b4000-7ff5036b8000 rw-p 00000000 00:00 0 
7ff5036b8000-7ff5036c8000 r-xp 00000000 08:06 532925                     /usr/lib/jvm/java-11-openjdk-amd64/lib/jli/libjli.so
7ff5036c8000-7ff5038c7000 ---p 00010000 08:06 532925                     /usr/lib/jvm/java-11-openjdk-amd64/lib/jli/libjli.so
7ff5038c7000-7ff5038c8000 r--p 0000f000 08:06 532925                     /usr/lib/jvm/java-11-openjdk-amd64/lib/jli/libjli.so
7ff5038c8000-7ff5038c9000 rw-p 00010000 08:06 532925                     /usr/lib/jvm/java-11-openjdk-amd64/lib/jli/libjli.so
7ff5038c9000-7ff5038f0000 r-xp 00000000 08:06 135040                     /lib/x86_64-linux-gnu/ld-2.27.so
7ff5038f0000-7ff5039c9000 rw-p 00000000 00:00 0 
7ff5039c9000-7ff5039cd000 ---p 00000000 00:00 0 
7ff5039cd000-7ff503acc000 rw-p 00000000 00:00 0 
7ff503ad6000-7ff503adb000 rw-p 00000000 00:00 0 
7ff503adb000-7ff503ae2000 ---p 00000000 00:00 0 
7ff503ae2000-7ff503ae4000 r--s 00007000 08:06 1059685                    /usr/share/java/java-atk-wrapper.jar
7ff503ae4000-7ff503aec000 rw-s 00000000 08:06 2490929                    /tmp/hsperfdata_linuxlite/18761
7ff503aec000-7ff503aed000 ---p 00000000 00:00 0 
7ff503aed000-7ff503aee000 r--p 00000000 00:00 0 
7ff503aee000-7ff503af0000 rw-p 00000000 00:00 0 
7ff503af0000-7ff503af1000 r--p 00027000 08:06 135040                     /lib/x86_64-linux-gnu/ld-2.27.so
7ff503af1000-7ff503af2000 rw-p 00028000 08:06 135040                     /lib/x86_64-linux-gnu/ld-2.27.so
7ff503af2000-7ff503af3000 rw-p 00000000 00:00 0 
7ffec0874000-7ffec0896000 rw-p 00000000 00:00 0                          [stack]
7ffec08be000-7ffec08c1000 r--p 00000000 00:00 0                          [vvar]
7ffec08c1000-7ffec08c3000 r-xp 00000000 00:00 0                          [vdso]
ffffffffff600000-ffffffffff601000 r-xp 00000000 00:00 0                  [vsyscall]


VM Arguments:
jvm_args: -ea 
java_command: org.apache.tools.ant.taskdefs.optional.junit.JUnitTestRunner net.sourceforge.tess4j.TesseractTest skipNonTests=false filtertrace=true haltOnError=false haltOnFailure=false showoutput=true outputtoformatters=true logfailedtests=true threadid=0 logtestlistenerevents=false formatter=org.apache.tools.ant.taskdefs.optional.junit.BriefJUnitResultFormatter formatter=org.apache.tools.ant.taskdefs.optional.junit.XMLJUnitResultFormatter,/home/linuxlite/Workspaces/Java Projects/Alg Tesseract/Tess4J/build/test/results/TEST-net.sourceforge.tess4j.TesseractTest.xml crashfile=/home/linuxlite/Workspaces/Java Projects/Alg Tesseract/Tess4J/build/junitvmwatcher338304050213356477.properties propsfile=/home/linuxlite/Workspaces/Java Projects/Alg Tesseract/Tess4J/build/junit13190112422156206733.properties
java_class_path (initial): /home/linuxlite/Workspaces/Java Projects/Alg Tesseract/Tess4J/lib/ghost4j-1.0.1.jar:/home/linuxlite/Workspaces/Java Projects/Alg Tesseract/Tess4J/lib/jna-4.1.0.jar:/home/linuxlite/Workspaces/Java Projects/Alg Tesseract/Tess4J/lib/log4j-1.2.17.jar:/home/linuxlite/Workspaces/Java Projects/Alg Tesseract/Tess4J/lib/itext-2.1.7.jar:/home/linuxlite/Workspaces/Java Projects/Alg Tesseract/Tess4J/lib/commons-beanutils-1.9.2.jar:/home/linuxlite/Workspaces/Java Projects/Alg Tesseract/Tess4J/lib/commons-logging-1.2.jar:/home/linuxlite/Workspaces/Java Projects/Alg Tesseract/Tess4J/lib/slf4j-api-1.7.25.jar:/home/linuxlite/Workspaces/Java Projects/Alg Tesseract/Tess4J/lib/jul-to-slf4j-1.7.25.jar:/home/linuxlite/Workspaces/Java Projects/Alg Tesseract/Tess4J/lib/commons-io-2.6.jar:/home/linuxlite/Workspaces/Java Projects/Alg Tesseract/Tess4J/lib/jboss-vfs-3.2.12.Final.jar:/home/linuxlite/Workspaces/Java Projects/Alg Tesseract/Tess4J/lib/logback-classic-1.2.3.jar:/home/linuxlite/Workspaces/Java Projects/Alg Tesseract/Tess4J/lib/logback-core-1.2.3.jar:/home/linuxlite/Workspaces/Java Projects/Alg Tesseract/Tess4J/lib/jai-imageio-core-1.4.0.jar:/home/linuxlite/Workspaces/Java Projects/Alg Tesseract/Tess4J/lib/lept4j-1.6.4.jar:/home/linuxlite/Workspaces/Java Projects/Alg Tesseract/Tess4J/lib/pdfbox-2.0.9.jar:/home/linuxlite/Workspaces/Java Projects/Alg Tesseract/Tess4J/lib/pdfbox-tools-2.0.9.jar:/home/linuxlite/Workspaces/Java Projects/Alg Tesseract/Tess4J/lib/fontbox-2.0.9.jar:/home/linuxlite/Workspaces/Java Projects/Alg Tesseract/Tess4J/lib/jbig2-imageio-3.0.0.jar:/home/linuxlite/Workspaces/Java Projects/Alg Tesseract/Tess4J/build/classes:/home/linuxlite/Workspaces/Java Projects/Alg Tesseract/Tess4J/lib/junit-4.12.jar:/home/linuxlite/Workspaces/Java Projects/Alg Tesseract/Tess4J/lib/hamcrest-core-1.3.jar:/home/linuxlite/Workspaces/Java Projects/Alg Tesseract/Tess4J/build/test/classes:/home/linuxlite/.Eclipse IDE/Eclipse Java IDE/plugins/org.apache.ant_1.10.
Launcher Type: SUN_STANDARD

[Global flags]
     intx CICompilerCount                          = 3                                         {product} {ergonomic}
     uint ConcGCThreads                            = 1                                         {product} {ergonomic}
     uint G1ConcRefinementThreads                  = 4                                         {product} {ergonomic}
   size_t G1HeapRegionSize                         = 1048576                                   {product} {ergonomic}
    uintx GCDrainStackTargetSize                   = 64                                        {product} {ergonomic}
   size_t InitialHeapSize                          = 123731968                                 {product} {ergonomic}
   size_t MarkStackSize                            = 4194304                                   {product} {ergonomic}
   size_t MaxHeapSize                              = 1950351360                                {product} {ergonomic}
   size_t MaxNewSize                               = 1170210816                                {product} {ergonomic}
   size_t MinHeapDeltaBytes                        = 1048576                                   {product} {ergonomic}
    uintx NonNMethodCodeHeapSize                   = 5830732                                {pd product} {ergonomic}
    uintx NonProfiledCodeHeapSize                  = 122913754                              {pd product} {ergonomic}
    uintx ProfiledCodeHeapSize                     = 122913754                              {pd product} {ergonomic}
    uintx ReservedCodeCacheSize                    = 251658240                              {pd product} {ergonomic}
     bool SegmentedCodeCache                       = true                                      {product} {ergonomic}
     bool UseCompressedClassPointers               = true                                 {lp64_product} {ergonomic}
     bool UseCompressedOops                        = true                                 {lp64_product} {ergonomic}
     bool UseG1GC                                  = true                                      {product} {ergonomic}

Logging:
Log output configuration:
 #0: stdout all=warning uptime,level,tags
 #1: stderr all=off uptime,level,tags

Environment Variables:
PATH=/usr/local/sbin:/usr/local/bin:/usr/sbin:/usr/bin:/sbin:/bin:/usr/games:/usr/local/games:/snap/bin
SHELL=/bin/bash
DISPLAY=:0.0

Signal Handlers:
SIGSEGV: [libjvm.so+0xdf1470], sa_mask[0]=11111111011111111101111111111110, sa_flags=SA_RESTART|SA_SIGINFO
SIGBUS: [libjvm.so+0xdf1470], sa_mask[0]=11111111011111111101111111111110, sa_flags=SA_RESTART|SA_SIGINFO
SIGFPE: [libjvm.so+0xdf1470], sa_mask[0]=11111111011111111101111111111110, sa_flags=SA_RESTART|SA_SIGINFO
SIGPIPE: [libjvm.so+0xbc5560], sa_mask[0]=11111111011111111101111111111110, sa_flags=SA_RESTART|SA_SIGINFO
SIGXFSZ: [libjvm.so+0xbc5560], sa_mask[0]=11111111011111111101111111111110, sa_flags=SA_RESTART|SA_SIGINFO
SIGILL: [libjvm.so+0xdf1470], sa_mask[0]=11111111011111111101111111111110, sa_flags=SA_RESTART|SA_SIGINFO
SIGUSR2: [libjvm.so+0xbc5400], sa_mask[0]=00100000000000000000000000000000, sa_flags=SA_RESTART|SA_SIGINFO
SIGHUP: [libjvm.so+0xbc5760], sa_mask[0]=11111111011111111101111111111110, sa_flags=SA_RESTART|SA_SIGINFO
SIGINT: [libjvm.so+0xbc5760], sa_mask[0]=11111111011111111101111111111110, sa_flags=SA_RESTART|SA_SIGINFO
SIGTERM: [libjvm.so+0xbc5760], sa_mask[0]=11111111011111111101111111111110, sa_flags=SA_RESTART|SA_SIGINFO
SIGQUIT: [libjvm.so+0xbc5760], sa_mask[0]=11111111011111111101111111111110, sa_flags=SA_RESTART|SA_SIGINFO


---------------  S Y S T E M  ---------------

OS:DISTRIB_ID=Ubuntu
DISTRIB_RELEASE=18.04
DISTRIB_CODENAME=bionic
DISTRIB_DESCRIPTION="Linux Lite 4.6"
uname:Linux 5.3.0 #1.linuxlite SMP Mon Sep 16 18:45:00 NZST 2019 x86_64
libc:glibc 2.27 NPTL 2.27 
rlimit: STACK 8192k, CORE 0k, NPROC 29506, NOFILE 1048576, AS infinity, DATA infinity, FSIZE infinity
load average:1,54 0,71 0,63

/proc/meminfo:
MemTotal:        7616640 kB
MemFree:          868476 kB
MemAvailable:    4149796 kB
Buffers:          719432 kB
Cached:          2501588 kB
SwapCached:           24 kB
Active:          4799164 kB
Inactive:        1292108 kB
Active(anon):    2838940 kB
Inactive(anon):   151136 kB
Active(file):    1960224 kB
Inactive(file):  1140972 kB
Unevictable:         144 kB
Mlocked:             144 kB
SwapTotal:       3905532 kB
SwapFree:        3905264 kB
Dirty:              6896 kB
Writeback:             4 kB
AnonPages:       2870568 kB
Mapped:           627700 kB
Shmem:            119744 kB
KReclaimable:     483856 kB
Slab:             525020 kB
SReclaimable:     483856 kB
SUnreclaim:        41164 kB
KernelStack:       11312 kB
PageTables:        48708 kB
NFS_Unstable:          0 kB
Bounce:                0 kB
WritebackTmp:          0 kB
CommitLimit:     7713852 kB
Committed_AS:    6566884 kB
VmallocTotal:   34359738367 kB
VmallocUsed:       26280 kB
VmallocChunk:          0 kB
Percpu:             1152 kB
HardwareCorrupted:     0 kB
AnonHugePages:         0 kB
ShmemHugePages:        0 kB
ShmemPmdMapped:        0 kB
CmaTotal:              0 kB
CmaFree:               0 kB
HugePages_Total:       0
HugePages_Free:        0
HugePages_Rsvd:        0
HugePages_Surp:        0
Hugepagesize:       2048 kB
Hugetlb:               0 kB
DirectMap4k:      258248 kB
DirectMap2M:     5488640 kB
DirectMap1G:     3145728 kB


/proc/sys/kernel/threads-max (system-wide limit on the number of threads):
59013


/proc/sys/vm/max_map_count (maximum number of memory map areas a process may have):
65530


/proc/sys/kernel/pid_max (system-wide limit on number of process identifiers):
32768



container (cgroup) information:
container_type: cgroupv1
cpu_cpuset_cpus: 0-3
cpu_memory_nodes: 0
active_processor_count: 4
cpu_quota: -1
cpu_period: 100000
cpu_shares: -1
memory_limit_in_bytes: -1
memory_and_swap_limit_in_bytes: -2
memory_soft_limit_in_bytes: -1
memory_usage_in_bytes: 6237499392
memory_max_usage_in_bytes: 33308672

Steal ticks since vm start: 0
Steal ticks percentage since vm start:  0,000

CPU:total 4 (initial active 4) (4 cores per cpu, 1 threads per core) family 18 model 1 stepping 0, cmov, cx8, fxsr, mmx, sse, sse2, sse3, popcnt, mmxext, 3dnowpref, lzcnt, sse4a, tsc, tscinvbit, tscinv
CPU Model and flags from /proc/cpuinfo:
model name	: AMD A8-3850 APU with Radeon(tm) HD Graphics
flags		: fpu vme de pse tsc msr pae mce cx8 apic sep mtrr pge mca cmov pat pse36 clflush mmx fxsr sse sse2 ht syscall nx mmxext fxsr_opt pdpe1gb rdtscp lm 3dnowext 3dnow constant_tsc rep_good nopl nonstop_tsc cpuid extd_apicid aperfmperf pni monitor cx16 popcnt lahf_lm cmp_legacy svm extapic cr8_legacy abm sse4a misalignsse 3dnowprefetch osvw ibs skinit wdt hw_pstate vmmcall arat npt lbrv svm_lock nrip_save pausefilter

Memory: 4k page, physical 7616640k(868476k free), swap 3905532k(3905264k free)

vm_info: OpenJDK 64-Bit Server VM (11.0.6+10-post-Ubuntu-1ubuntu118.04.1) for linux-amd64 JRE (11.0.6+10-post-Ubuntu-1ubuntu118.04.1), built on Jan 15 2020 15:14:00 by "unknown" with gcc 7.4.0

END.
