#
# A fatal error has been detected by the Java Runtime Environment:
#
#  SIGSEGV (0xb) at pc=0x00007f5a5f32ef2f, pid=18704, tid=18707
#
# JRE version: OpenJDK Runtime Environment (11.0.6+10) (build 11.0.6+10-post-Ubuntu-1ubuntu118.04.1)
# Java VM: OpenJDK 64-Bit Server VM (11.0.6+10-post-Ubuntu-1ubuntu118.04.1, mixed mode, sharing, tiered, compressed oops, g1 gc, linux-amd64)
# Problematic frame:
# C  [libtesseract.so.5+0xadf2f]  tesseract::Tesseract::recog_all_words(PAGE_RES*, ETEXT_DESC*, TBOX const*, char const*, int)+0x54f
#
# Core dump will be written. Default location: Core dumps may be processed with "/usr/share/apport/apport %p %s %c %d %P" (or dumping to /home/linuxlite/Workspaces/Java Projects/Alg Tesseract/Tess4J/core.18704)
#
# If you would like to submit a bug report, please visit:
#   https://bugs.launchpad.net/ubuntu/+source/openjdk-lts
# The crash happened outside the Java Virtual Machine in native code.
# See problematic frame for where to report the bug.
#

---------------  S U M M A R Y ------------

Command Line: -ea org.apache.tools.ant.taskdefs.optional.junit.JUnitTestRunner net.sourceforge.tess4j.TessAPITest skipNonTests=false filtertrace=true haltOnError=false haltOnFailure=false showoutput=true outputtoformatters=true logfailedtests=true threadid=0 logtestlistenerevents=false formatter=org.apache.tools.ant.taskdefs.optional.junit.BriefJUnitResultFormatter formatter=org.apache.tools.ant.taskdefs.optional.junit.XMLJUnitResultFormatter,/home/linuxlite/Workspaces/Java Projects/Alg Tesseract/Tess4J/build/test/results/TEST-net.sourceforge.tess4j.TessAPITest.xml crashfile=/home/linuxlite/Workspaces/Java Projects/Alg Tesseract/Tess4J/build/junitvmwatcher18230443718384911473.properties propsfile=/home/linuxlite/Workspaces/Java Projects/Alg Tesseract/Tess4J/build/junit880329081399144360.properties

Host: AMD A8-3850 APU with Radeon(tm) HD Graphics, 4 cores, 7G, Linux Lite 4.6
Time: Mon Feb 24 15:25:40 2020 -03 elapsed time: 1 seconds (0d 0h 0m 1s)

---------------  T H R E A D  ---------------

Current thread (0x00007f5ab8015800):  JavaThread "main" [_thread_in_native, id=18707, stack(0x00007f5abfeb3000,0x00007f5abffb4000)]

Stack: [0x00007f5abfeb3000,0x00007f5abffb4000],  sp=0x00007f5abffb0720,  free space=1013k
Native frames: (J=compiled Java code, A=aot compiled Java code, j=interpreted, Vv=VM code, C=native code)
C  [libtesseract.so.5+0xadf2f]  tesseract::Tesseract::recog_all_words(PAGE_RES*, ETEXT_DESC*, TBOX const*, char const*, int)+0x54f
C  [jna6714960198796657447.tmp+0x127a0]  ffi_call_unix64+0x4c

Java frames: (J=compiled Java code, j=interpreted, Vv=VM code)
j  com.sun.jna.Native.invokeInt(JI[Ljava/lang/Object;)I+0
j  com.sun.jna.Function.invoke([Ljava/lang/Object;Ljava/lang/Class;Z)Ljava/lang/Object;+225
j  com.sun.jna.Function.invoke(Ljava/lang/Class;[Ljava/lang/Object;Ljava/util/Map;)Ljava/lang/Object;+262
j  com.sun.jna.Library$Handler.invoke(Ljava/lang/Object;Ljava/lang/reflect/Method;[Ljava/lang/Object;)Ljava/lang/Object;+316
j  com.sun.proxy.$Proxy10.TessBaseAPIRecognize(Lnet/sourceforge/tess4j/ITessAPI$TessBaseAPI;Lnet/sourceforge/tess4j/ITessAPI$ETEXT_DESC;)I+20
j  net.sourceforge.tess4j.TessAPITest.testChoiceIterator()V+195
v  ~StubRoutines::call_stub
j  jdk.internal.reflect.NativeMethodAccessorImpl.invoke0(Ljava/lang/reflect/Method;Ljava/lang/Object;[Ljava/lang/Object;)Ljava/lang/Object;+0 java.base@11.0.6
j  jdk.internal.reflect.NativeMethodAccessorImpl.invoke(Ljava/lang/Object;[Ljava/lang/Object;)Ljava/lang/Object;+100 java.base@11.0.6
j  jdk.internal.reflect.DelegatingMethodAccessorImpl.invoke(Ljava/lang/Object;[Ljava/lang/Object;)Ljava/lang/Object;+6 java.base@11.0.6
j  java.lang.reflect.Method.invoke(Ljava/lang/Object;[Ljava/lang/Object;)Ljava/lang/Object;+59 java.base@11.0.6
j  org.junit.runners.model.FrameworkMethod$1.runReflectiveCall()Ljava/lang/Object;+15
j  org.junit.internal.runners.model.ReflectiveCallable.run()Ljava/lang/Object;+1
j  org.junit.runners.model.FrameworkMethod.invokeExplosively(Ljava/lang/Object;[Ljava/lang/Object;)Ljava/lang/Object;+10
j  org.junit.internal.runners.statements.InvokeMethod.evaluate()V+12
j  org.junit.internal.runners.statements.RunBefores.evaluate()V+49
j  org.junit.internal.runners.statements.RunAfters.evaluate()V+12
j  org.junit.runners.ParentRunner.runLeaf(Lorg/junit/runners/model/Statement;Lorg/junit/runner/Description;Lorg/junit/runner/notification/RunNotifier;)V+17
j  org.junit.runners.BlockJUnit4ClassRunner.runChild(Lorg/junit/runners/model/FrameworkMethod;Lorg/junit/runner/notification/RunNotifier;)V+30
j  org.junit.runners.BlockJUnit4ClassRunner.runChild(Ljava/lang/Object;Lorg/junit/runner/notification/RunNotifier;)V+6
j  org.junit.runners.ParentRunner$3.run()V+12
j  org.junit.runners.ParentRunner$1.schedule(Ljava/lang/Runnable;)V+1
j  org.junit.runners.ParentRunner.runChildren(Lorg/junit/runner/notification/RunNotifier;)V+44
j  org.junit.runners.ParentRunner.access$000(Lorg/junit/runners/ParentRunner;Lorg/junit/runner/notification/RunNotifier;)V+2
j  org.junit.runners.ParentRunner$2.evaluate()V+8
j  org.junit.internal.runners.statements.RunBefores.evaluate()V+49
j  org.junit.internal.runners.statements.RunAfters.evaluate()V+12
j  org.junit.runners.ParentRunner.run(Lorg/junit/runner/notification/RunNotifier;)V+20
j  junit.framework.JUnit4TestAdapter.run(Ljunit/framework/TestResult;)V+13
j  org.apache.tools.ant.taskdefs.optional.junit.JUnitTestRunner.run()V+834
j  org.apache.tools.ant.taskdefs.optional.junit.JUnitTestRunner.launch(Lorg/apache/tools/ant/taskdefs/optional/junit/JUnitTest;[Ljava/lang/String;ZZZZZZ)I+41
j  org.apache.tools.ant.taskdefs.optional.junit.JUnitTestRunner.main([Ljava/lang/String;)V+1043
v  ~StubRoutines::call_stub

siginfo: si_signo: 11 (SIGSEGV), si_code: 1 (SEGV_MAPERR), si_addr: 0x000000000000000c

Register to memory mapping:

RAX=0x0 is NULL
RBX=0x00007f5ab8616dc0 points into unknown readable memory: f8 3f 7b 5f 5a 7f 00 00
RCX=0x0 is NULL
RDX=0x00007f5ab8638a78 points into unknown readable memory: 00 00 00 00 00 00 00 00
RSP=0x00007f5abffb0720 is pointing into the stack for thread: 0x00007f5ab8015800
RBP=0x00007f5abffb09b0 is pointing into the stack for thread: 0x00007f5ab8015800
RSI=0x0000000000000001 is an unknown value
RDI=0x00007f5abffb07b0 is pointing into the stack for thread: 0x00007f5ab8015800
R8 =0x0 is NULL
R9 =0x0 is NULL
R10=0x00007f5abf85ace0: <offset 0x00000000000a9ce0> in /lib/x86_64-linux-gnu/libc.so.6 at 0x00007f5abf7b1000
R11=0x00007f5ab86a3fd6 points into unknown readable memory: ca 01
R12=0x00007f5abffb0760 is pointing into the stack for thread: 0x00007f5ab8015800
R13=0x00007f5ab864d260 points into unknown readable memory: 00 00 00 00 00 00 00 00
R14=0x00007f5ab85a32f0 points into unknown readable memory: 00 00 00 00 00 00 00 00
R15=0x00007f5ab864d260 points into unknown readable memory: 00 00 00 00 00 00 00 00


Registers:
RAX=0x0000000000000000, RBX=0x00007f5ab8616dc0, RCX=0x0000000000000000, RDX=0x00007f5ab8638a78
RSP=0x00007f5abffb0720, RBP=0x00007f5abffb09b0, RSI=0x0000000000000001, RDI=0x00007f5abffb07b0
R8 =0x0000000000000000, R9 =0x0000000000000000, R10=0x00007f5abf85ace0, R11=0x00007f5ab86a3fd6
R12=0x00007f5abffb0760, R13=0x00007f5ab864d260, R14=0x00007f5ab85a32f0, R15=0x00007f5ab864d260
RIP=0x00007f5a5f32ef2f, EFLAGS=0x0000000000010246, CSGSFS=0x002b000000000033, ERR=0x0000000000000004
  TRAPNO=0x000000000000000e

Top of Stack: (sp=0x00007f5abffb0720)
0x00007f5abffb0720:   00007f5ab8673eb0 00000000b86a2ce0
0x00007f5abffb0730:   0000000000000000 0000000000000000
0x00007f5abffb0740:   00007f5ab86a4501 00007f5ab86502f0
0x00007f5abffb0750:   00007f5ab8653a28 00007f5ab8653a20 

Instructions: (pc=0x00007f5a5f32ef2f)
0x00007f5a5f32ee2f:   48 8b 4c 24 10 4c 89 fa 4c 89 f6 48 89 df e8 fe
0x00007f5a5f32ee3f:   6a ff ff 4c 89 f6 48 89 df e8 13 6f ff ff 4c 89
0x00007f5a5f32ee4f:   f6 48 89 df e8 08 58 ff ff 4c 89 f6 48 89 df e8
0x00007f5a5f32ee5f:   1d 58 ff ff e9 a8 fc ff ff 0f 1f 84 00 00 00 00
0x00007f5a5f32ee6f:   00 48 8b 40 10 7e 2a 8b 38 85 ff 75 4c 48 83 c0
0x00007f5a5f32ee7f:   04 83 ea 01 48 8d 14 90 eb 12 0f 1f 80 00 00 00
0x00007f5a5f32ee8f:   00 48 83 c0 04 8b 70 fc 85 f6 75 2d 48 39 c2 75
0x00007f5a5f32ee9f:   f0 48 85 c9 74 1b 8b 41 10 8d 50 ff 83 fa 02 76
0x00007f5a5f32eeaf:   10 83 e8 05 83 f8 03 77 10 0f 1f 84 00 00 00 00
0x00007f5a5f32eebf:   00 4c 89 e7 e8 e8 ee 07 00 31 d2 31 f6 4c 89 e7
0x00007f5a5f32eecf:   e8 0c 87 07 00 48 8b 44 24 60 48 85 c0 0f 84 8e
0x00007f5a5f32eedf:   fc ff ff 48 8b 54 24 70 31 c9 48 8b 52 08 48 85
0x00007f5a5f32eeef:   d2 74 04 48 8b 4a 08 48 8b 80 c8 01 00 00 48 85
0x00007f5a5f32eeff:   c0 74 be 8b 50 34 83 fa 00 74 b6 e9 61 ff ff ff
0x00007f5a5f32ef0f:   90 31 f6 4c 89 e7 e8 46 8b 07 00 8b 83 38 17 00
0x00007f5a5f32ef1f:   00 85 c0 0f 8f 10 03 00 00 48 8b 83 60 0b 00 00
0x00007f5a5f32ef2f:   80 78 0c 00 0f 85 67 03 00 00 8b 83 90 48 02 00
0x00007f5a5f32ef3f:   85 c0 7e 56 45 31 ed 31 ed eb 26 66 0f 1f 44 00
0x00007f5a5f32ef4f:   00 48 8b 87 60 0b 00 00 80 78 0c 00 0f 85 e7 02
0x00007f5a5f32ef5f:   00 00 83 c5 01 49 83 c5 08 3b ab 90 48 02 00 7d
0x00007f5a5f32ef6f:   29 48 8b 83 98 48 02 00 4a 8b 3c 28 8b 87 38 17
0x00007f5a5f32ef7f:   00 00 85 c0 7e cb e8 06 da 09 00 83 c5 01 49 83
0x00007f5a5f32ef8f:   c5 08 3b ab 90 48 02 00 7c d7 bf c8 01 00 00 48
0x00007f5a5f32ef9f:   c7 84 24 80 01 00 00 00 00 00 00 48 c7 84 24 a0
0x00007f5a5f32efaf:   01 00 00 00 00 00 00 48 c7 84 24 c0 01 00 00 00
0x00007f5a5f32efbf:   00 00 00 e8 c9 a6 fc ff 48 c7 00 04 00 00 00 48
0x00007f5a5f32efcf:   89 44 24 28 48 83 c0 08 48 89 44 24 20 48 89 c5
0x00007f5a5f32efdf:   41 bd 03 00 00 00 0f 1f 00 48 8d 7d 20 48 c7 45
0x00007f5a5f32efef:   00 00 00 00 00 48 c7 45 08 00 00 00 00 48 c7 45
0x00007f5a5f32efff:   10 00 00 00 00 48 c7 45 18 00 00 00 00 be 04 00
0x00007f5a5f32f00f:   00 00 c7 45 20 00 00 00 00 c7 45 24 00 00 00 00
0x00007f5a5f32f01f:   48 c7 45 40 00 00 00 00 48 c7 45 60 00 00 00 00 


Stack slot to memory mapping:
stack at sp + 0 slots: 0x00007f5ab8673eb0 points into unknown readable memory: b0 41 67 b8 5a 7f 00 00
stack at sp + 1 slots: 
[error occurred during error reporting (inspecting top of stack), id 0xb, SIGSEGV (0xb) at pc=0x00007f5abe473e20]


---------------  P R O C E S S  ---------------

Threads class SMR info:
_java_thread_list=0x00007f5ab86501f0, length=12, elements={
0x00007f5ab8015800, 0x00007f5ab8107000, 0x00007f5ab8109000, 0x00007f5ab810f800,
0x00007f5ab8111800, 0x00007f5ab8113800, 0x00007f5ab8115800, 0x00007f5ab8145000,
0x00007f5ab814a000, 0x00007f5a680c5800, 0x00007f5ab859c800, 0x00007f5ab8651000
}

Java Threads: ( => current thread )
=>0x00007f5ab8015800 JavaThread "main" [_thread_in_native, id=18707, stack(0x00007f5abfeb3000,0x00007f5abffb4000)]
  0x00007f5ab8107000 JavaThread "Reference Handler" daemon [_thread_blocked, id=18714, stack(0x00007f5a94b6f000,0x00007f5a94c70000)]
  0x00007f5ab8109000 JavaThread "Finalizer" daemon [_thread_blocked, id=18715, stack(0x00007f5a94a6e000,0x00007f5a94b6f000)]
  0x00007f5ab810f800 JavaThread "Signal Dispatcher" daemon [_thread_blocked, id=18716, stack(0x00007f5a9468e000,0x00007f5a9478f000)]
  0x00007f5ab8111800 JavaThread "C2 CompilerThread0" daemon [_thread_blocked, id=18717, stack(0x00007f5a9458d000,0x00007f5a9468e000)]
  0x00007f5ab8113800 JavaThread "C1 CompilerThread0" daemon [_thread_blocked, id=18718, stack(0x00007f5a9448c000,0x00007f5a9458d000)]
  0x00007f5ab8115800 JavaThread "Sweeper thread" daemon [_thread_blocked, id=18719, stack(0x00007f5a9438b000,0x00007f5a9448c000)]
  0x00007f5ab8145000 JavaThread "Service Thread" daemon [_thread_blocked, id=18720, stack(0x00007f5a9428a000,0x00007f5a9438b000)]
  0x00007f5ab814a000 JavaThread "Common-Cleaner" daemon [_thread_blocked, id=18722, stack(0x00007f5a94087000,0x00007f5a94188000)]
  0x00007f5a680c5800 JavaThread "C2 CompilerThread1" daemon [_thread_blocked, id=18723, stack(0x00007f5a5fad7000,0x00007f5a5fbd8000)]
  0x00007f5ab859c800 JavaThread "Java2D Disposer" daemon [_thread_blocked, id=18726, stack(0x00007f5a48a3a000,0x00007f5a48b3b000)]
  0x00007f5ab8651000 JavaThread "Thread-0" [_thread_blocked, id=18727, stack(0x00007f5a48939000,0x00007f5a48a3a000)]

Other Threads:
  0x00007f5ab8104000 VMThread "VM Thread" [stack: 0x00007f5a94c72000,0x00007f5a94d72000] [id=18713]
  0x00007f5ab8147800 WatcherThread [stack: 0x00007f5a9418a000,0x00007f5a9428a000] [id=18721]
  0x00007f5ab802e000 GCTaskThread "GC Thread#0" [stack: 0x00007f5aa0725000,0x00007f5aa0825000] [id=18708]
  0x00007f5a84001000 GCTaskThread "GC Thread#1" [stack: 0x00007f5a5f9d7000,0x00007f5a5fad7000] [id=18724]
  0x00007f5ab805d000 ConcurrentGCThread "G1 Main Marker" [stack: 0x00007f5aa021f000,0x00007f5aa031f000] [id=18709]
  0x00007f5ab805e800 ConcurrentGCThread "G1 Conc#0" [stack: 0x00007f5aa011d000,0x00007f5aa021d000] [id=18710]
  0x00007f5ab80d2000 ConcurrentGCThread "G1 Refine#0" [stack: 0x00007f5a956f7000,0x00007f5a957f7000] [id=18711]
  0x00007f5a8c001000 ConcurrentGCThread "G1 Refine#1" [stack: 0x00007f5a5f8d5000,0x00007f5a5f9d5000] [id=18725]
  0x00007f5ab80d3800 ConcurrentGCThread "G1 Young RemSet Sampling" [stack: 0x00007f5a955f5000,0x00007f5a956f5000] [id=18712]

Threads with active compile tasks:

VM state:not at safepoint (normal execution)

VM Mutex/Monitor currently owned by a thread: None

Heap address: 0x000000008bc00000, size: 1860 MB, Compressed Oops mode: 32-bit
Narrow klass base: 0x0000000800000000, Narrow klass shift: 3
Compressed class space size: 1073741824 Address: 0x0000000840000000

Heap:
 garbage-first heap   total 122880K, used 17939K [0x000000008bc00000, 0x0000000100000000)
  region size 1024K, 15 young (15360K), 1 survivors (1024K)
 Metaspace       used 10631K, capacity 10910K, committed 11264K, reserved 1058816K
  class space    used 1140K, capacity 1213K, committed 1280K, reserved 1048576K
Heap Regions: E=young(eden), S=young(survivor), O=old, HS=humongous(starts), HC=humongous(continues), CS=collection set, F=free, A=archive, TAMS=top-at-mark-start (previous, next)
|   0|0x000000008bc00000, 0x000000008bd00000, 0x000000008bd00000|100%| O|  |TAMS 0x000000008bc00000, 0x000000008bc00000| Untracked 
|   1|0x000000008bd00000, 0x000000008be00000, 0x000000008be00000|100%| O|  |TAMS 0x000000008bd00000, 0x000000008bd00000| Untracked 
|   2|0x000000008be00000, 0x000000008bf00000, 0x000000008bf00000|100%| O|  |TAMS 0x000000008be00000, 0x000000008be00000| Untracked 
|   3|0x000000008bf00000, 0x000000008bf5aa00, 0x000000008c000000| 35%| O|  |TAMS 0x000000008bf00000, 0x000000008bf00000| Untracked 
|   4|0x000000008c000000, 0x000000008c100000, 0x000000008c100000|100%|HS|  |TAMS 0x000000008c000000, 0x000000008c000000| Complete 
|   5|0x000000008c100000, 0x000000008c100000, 0x000000008c200000|  0%| F|  |TAMS 0x000000008c100000, 0x000000008c100000| Untracked 
|   6|0x000000008c200000, 0x000000008c200000, 0x000000008c300000|  0%| F|  |TAMS 0x000000008c200000, 0x000000008c200000| Untracked 
|   7|0x000000008c300000, 0x000000008c300000, 0x000000008c400000|  0%| F|  |TAMS 0x000000008c300000, 0x000000008c300000| Untracked 
|   8|0x000000008c400000, 0x000000008c400000, 0x000000008c500000|  0%| F|  |TAMS 0x000000008c400000, 0x000000008c400000| Untracked 
|   9|0x000000008c500000, 0x000000008c500000, 0x000000008c600000|  0%| F|  |TAMS 0x000000008c500000, 0x000000008c500000| Untracked 
|  10|0x000000008c600000, 0x000000008c600000, 0x000000008c700000|  0%| F|  |TAMS 0x000000008c600000, 0x000000008c600000| Untracked 
|  11|0x000000008c700000, 0x000000008c700000, 0x000000008c800000|  0%| F|  |TAMS 0x000000008c700000, 0x000000008c700000| Untracked 
|  12|0x000000008c800000, 0x000000008c800000, 0x000000008c900000|  0%| F|  |TAMS 0x000000008c800000, 0x000000008c800000| Untracked 
|  13|0x000000008c900000, 0x000000008c900000, 0x000000008ca00000|  0%| F|  |TAMS 0x000000008c900000, 0x000000008c900000| Untracked 
|  14|0x000000008ca00000, 0x000000008ca00000, 0x000000008cb00000|  0%| F|  |TAMS 0x000000008ca00000, 0x000000008ca00000| Untracked 
|  15|0x000000008cb00000, 0x000000008cb00000, 0x000000008cc00000|  0%| F|  |TAMS 0x000000008cb00000, 0x000000008cb00000| Untracked 
|  16|0x000000008cc00000, 0x000000008cc00000, 0x000000008cd00000|  0%| F|  |TAMS 0x000000008cc00000, 0x000000008cc00000| Untracked 
|  17|0x000000008cd00000, 0x000000008cd00000, 0x000000008ce00000|  0%| F|  |TAMS 0x000000008cd00000, 0x000000008cd00000| Untracked 
|  18|0x000000008ce00000, 0x000000008ce00000, 0x000000008cf00000|  0%| F|  |TAMS 0x000000008ce00000, 0x000000008ce00000| Untracked 
|  19|0x000000008cf00000, 0x000000008cf00000, 0x000000008d000000|  0%| F|  |TAMS 0x000000008cf00000, 0x000000008cf00000| Untracked 
|  20|0x000000008d000000, 0x000000008d000000, 0x000000008d100000|  0%| F|  |TAMS 0x000000008d000000, 0x000000008d000000| Untracked 
|  21|0x000000008d100000, 0x000000008d100000, 0x000000008d200000|  0%| F|  |TAMS 0x000000008d100000, 0x000000008d100000| Untracked 
|  22|0x000000008d200000, 0x000000008d200000, 0x000000008d300000|  0%| F|  |TAMS 0x000000008d200000, 0x000000008d200000| Untracked 
|  23|0x000000008d300000, 0x000000008d300000, 0x000000008d400000|  0%| F|  |TAMS 0x000000008d300000, 0x000000008d300000| Untracked 
|  24|0x000000008d400000, 0x000000008d400000, 0x000000008d500000|  0%| F|  |TAMS 0x000000008d400000, 0x000000008d400000| Untracked 
|  25|0x000000008d500000, 0x000000008d500000, 0x000000008d600000|  0%| F|  |TAMS 0x000000008d500000, 0x000000008d500000| Untracked 
|  26|0x000000008d600000, 0x000000008d600000, 0x000000008d700000|  0%| F|  |TAMS 0x000000008d600000, 0x000000008d600000| Untracked 
|  27|0x000000008d700000, 0x000000008d700000, 0x000000008d800000|  0%| F|  |TAMS 0x000000008d700000, 0x000000008d700000| Untracked 
|  28|0x000000008d800000, 0x000000008d800000, 0x000000008d900000|  0%| F|  |TAMS 0x000000008d800000, 0x000000008d800000| Untracked 
|  29|0x000000008d900000, 0x000000008d900000, 0x000000008da00000|  0%| F|  |TAMS 0x000000008d900000, 0x000000008d900000| Untracked 
|  30|0x000000008da00000, 0x000000008da00000, 0x000000008db00000|  0%| F|  |TAMS 0x000000008da00000, 0x000000008da00000| Untracked 
|  31|0x000000008db00000, 0x000000008db00000, 0x000000008dc00000|  0%| F|  |TAMS 0x000000008db00000, 0x000000008db00000| Untracked 
|  32|0x000000008dc00000, 0x000000008dc00000, 0x000000008dd00000|  0%| F|  |TAMS 0x000000008dc00000, 0x000000008dc00000| Untracked 
|  33|0x000000008dd00000, 0x000000008dd00000, 0x000000008de00000|  0%| F|  |TAMS 0x000000008dd00000, 0x000000008dd00000| Untracked 
|  34|0x000000008de00000, 0x000000008de00000, 0x000000008df00000|  0%| F|  |TAMS 0x000000008de00000, 0x000000008de00000| Untracked 
|  35|0x000000008df00000, 0x000000008df00000, 0x000000008e000000|  0%| F|  |TAMS 0x000000008df00000, 0x000000008df00000| Untracked 
|  36|0x000000008e000000, 0x000000008e000000, 0x000000008e100000|  0%| F|  |TAMS 0x000000008e000000, 0x000000008e000000| Untracked 
|  37|0x000000008e100000, 0x000000008e100000, 0x000000008e200000|  0%| F|  |TAMS 0x000000008e100000, 0x000000008e100000| Untracked 
|  38|0x000000008e200000, 0x000000008e200000, 0x000000008e300000|  0%| F|  |TAMS 0x000000008e200000, 0x000000008e200000| Untracked 
|  39|0x000000008e300000, 0x000000008e300000, 0x000000008e400000|  0%| F|  |TAMS 0x000000008e300000, 0x000000008e300000| Untracked 
|  40|0x000000008e400000, 0x000000008e400000, 0x000000008e500000|  0%| F|  |TAMS 0x000000008e400000, 0x000000008e400000| Untracked 
|  41|0x000000008e500000, 0x000000008e500000, 0x000000008e600000|  0%| F|  |TAMS 0x000000008e500000, 0x000000008e500000| Untracked 
|  42|0x000000008e600000, 0x000000008e600000, 0x000000008e700000|  0%| F|  |TAMS 0x000000008e600000, 0x000000008e600000| Untracked 
|  43|0x000000008e700000, 0x000000008e700000, 0x000000008e800000|  0%| F|  |TAMS 0x000000008e700000, 0x000000008e700000| Untracked 
|  44|0x000000008e800000, 0x000000008e800000, 0x000000008e900000|  0%| F|  |TAMS 0x000000008e800000, 0x000000008e800000| Untracked 
|  45|0x000000008e900000, 0x000000008e900000, 0x000000008ea00000|  0%| F|  |TAMS 0x000000008e900000, 0x000000008e900000| Untracked 
|  46|0x000000008ea00000, 0x000000008ea00000, 0x000000008eb00000|  0%| F|  |TAMS 0x000000008ea00000, 0x000000008ea00000| Untracked 
|  47|0x000000008eb00000, 0x000000008eb00000, 0x000000008ec00000|  0%| F|  |TAMS 0x000000008eb00000, 0x000000008eb00000| Untracked 
|  48|0x000000008ec00000, 0x000000008ec00000, 0x000000008ed00000|  0%| F|  |TAMS 0x000000008ec00000, 0x000000008ec00000| Untracked 
|  49|0x000000008ed00000, 0x000000008ed00000, 0x000000008ee00000|  0%| F|  |TAMS 0x000000008ed00000, 0x000000008ed00000| Untracked 
|  50|0x000000008ee00000, 0x000000008ee00000, 0x000000008ef00000|  0%| F|  |TAMS 0x000000008ee00000, 0x000000008ee00000| Untracked 
|  51|0x000000008ef00000, 0x000000008ef00000, 0x000000008f000000|  0%| F|  |TAMS 0x000000008ef00000, 0x000000008ef00000| Untracked 
|  52|0x000000008f000000, 0x000000008f000000, 0x000000008f100000|  0%| F|  |TAMS 0x000000008f000000, 0x000000008f000000| Untracked 
|  53|0x000000008f100000, 0x000000008f100000, 0x000000008f200000|  0%| F|  |TAMS 0x000000008f100000, 0x000000008f100000| Untracked 
|  54|0x000000008f200000, 0x000000008f200000, 0x000000008f300000|  0%| F|  |TAMS 0x000000008f200000, 0x000000008f200000| Untracked 
|  55|0x000000008f300000, 0x000000008f300000, 0x000000008f400000|  0%| F|  |TAMS 0x000000008f300000, 0x000000008f300000| Untracked 
|  56|0x000000008f400000, 0x000000008f400000, 0x000000008f500000|  0%| F|  |TAMS 0x000000008f400000, 0x000000008f400000| Untracked 
|  57|0x000000008f500000, 0x000000008f500000, 0x000000008f600000|  0%| F|  |TAMS 0x000000008f500000, 0x000000008f500000| Untracked 
|  58|0x000000008f600000, 0x000000008f600000, 0x000000008f700000|  0%| F|  |TAMS 0x000000008f600000, 0x000000008f600000| Untracked 
|  59|0x000000008f700000, 0x000000008f700000, 0x000000008f800000|  0%| F|  |TAMS 0x000000008f700000, 0x000000008f700000| Untracked 
|  60|0x000000008f800000, 0x000000008f800000, 0x000000008f900000|  0%| F|  |TAMS 0x000000008f800000, 0x000000008f800000| Untracked 
|  61|0x000000008f900000, 0x000000008f900000, 0x000000008fa00000|  0%| F|  |TAMS 0x000000008f900000, 0x000000008f900000| Untracked 
|  62|0x000000008fa00000, 0x000000008fa00000, 0x000000008fb00000|  0%| F|  |TAMS 0x000000008fa00000, 0x000000008fa00000| Untracked 
|  63|0x000000008fb00000, 0x000000008fb00000, 0x000000008fc00000|  0%| F|  |TAMS 0x000000008fb00000, 0x000000008fb00000| Untracked 
|  64|0x000000008fc00000, 0x000000008fc00000, 0x000000008fd00000|  0%| F|  |TAMS 0x000000008fc00000, 0x000000008fc00000| Untracked 
|  65|0x000000008fd00000, 0x000000008fd00000, 0x000000008fe00000|  0%| F|  |TAMS 0x000000008fd00000, 0x000000008fd00000| Untracked 
|  66|0x000000008fe00000, 0x000000008fe00000, 0x000000008ff00000|  0%| F|  |TAMS 0x000000008fe00000, 0x000000008fe00000| Untracked 
|  67|0x000000008ff00000, 0x000000008ff00000, 0x0000000090000000|  0%| F|  |TAMS 0x000000008ff00000, 0x000000008ff00000| Untracked 
|  68|0x0000000090000000, 0x0000000090000000, 0x0000000090100000|  0%| F|  |TAMS 0x0000000090000000, 0x0000000090000000| Untracked 
|  69|0x0000000090100000, 0x0000000090100000, 0x0000000090200000|  0%| F|  |TAMS 0x0000000090100000, 0x0000000090100000| Untracked 
|  70|0x0000000090200000, 0x0000000090200000, 0x0000000090300000|  0%| F|  |TAMS 0x0000000090200000, 0x0000000090200000| Untracked 
|  71|0x0000000090300000, 0x0000000090300000, 0x0000000090400000|  0%| F|  |TAMS 0x0000000090300000, 0x0000000090300000| Untracked 
|  72|0x0000000090400000, 0x0000000090400000, 0x0000000090500000|  0%| F|  |TAMS 0x0000000090400000, 0x0000000090400000| Untracked 
|  73|0x0000000090500000, 0x0000000090500000, 0x0000000090600000|  0%| F|  |TAMS 0x0000000090500000, 0x0000000090500000| Untracked 
|  74|0x0000000090600000, 0x0000000090600000, 0x0000000090700000|  0%| F|  |TAMS 0x0000000090600000, 0x0000000090600000| Untracked 
|  75|0x0000000090700000, 0x0000000090700000, 0x0000000090800000|  0%| F|  |TAMS 0x0000000090700000, 0x0000000090700000| Untracked 
|  76|0x0000000090800000, 0x0000000090800000, 0x0000000090900000|  0%| F|  |TAMS 0x0000000090800000, 0x0000000090800000| Untracked 
|  77|0x0000000090900000, 0x0000000090900000, 0x0000000090a00000|  0%| F|  |TAMS 0x0000000090900000, 0x0000000090900000| Untracked 
|  78|0x0000000090a00000, 0x0000000090a00000, 0x0000000090b00000|  0%| F|  |TAMS 0x0000000090a00000, 0x0000000090a00000| Untracked 
|  79|0x0000000090b00000, 0x0000000090b00000, 0x0000000090c00000|  0%| F|  |TAMS 0x0000000090b00000, 0x0000000090b00000| Untracked 
|  80|0x0000000090c00000, 0x0000000090c00000, 0x0000000090d00000|  0%| F|  |TAMS 0x0000000090c00000, 0x0000000090c00000| Untracked 
|  81|0x0000000090d00000, 0x0000000090d00000, 0x0000000090e00000|  0%| F|  |TAMS 0x0000000090d00000, 0x0000000090d00000| Untracked 
|  82|0x0000000090e00000, 0x0000000090e00000, 0x0000000090f00000|  0%| F|  |TAMS 0x0000000090e00000, 0x0000000090e00000| Untracked 
|  83|0x0000000090f00000, 0x0000000090f00000, 0x0000000091000000|  0%| F|  |TAMS 0x0000000090f00000, 0x0000000090f00000| Untracked 
|  84|0x0000000091000000, 0x0000000091000000, 0x0000000091100000|  0%| F|  |TAMS 0x0000000091000000, 0x0000000091000000| Untracked 
|  85|0x0000000091100000, 0x0000000091100000, 0x0000000091200000|  0%| F|  |TAMS 0x0000000091100000, 0x0000000091100000| Untracked 
|  86|0x0000000091200000, 0x0000000091200000, 0x0000000091300000|  0%| F|  |TAMS 0x0000000091200000, 0x0000000091200000| Untracked 
|  87|0x0000000091300000, 0x0000000091300000, 0x0000000091400000|  0%| F|  |TAMS 0x0000000091300000, 0x0000000091300000| Untracked 
|  88|0x0000000091400000, 0x0000000091400000, 0x0000000091500000|  0%| F|  |TAMS 0x0000000091400000, 0x0000000091400000| Untracked 
|  89|0x0000000091500000, 0x0000000091500000, 0x0000000091600000|  0%| F|  |TAMS 0x0000000091500000, 0x0000000091500000| Untracked 
|  90|0x0000000091600000, 0x0000000091600000, 0x0000000091700000|  0%| F|  |TAMS 0x0000000091600000, 0x0000000091600000| Untracked 
|  91|0x0000000091700000, 0x0000000091700000, 0x0000000091800000|  0%| F|  |TAMS 0x0000000091700000, 0x0000000091700000| Untracked 
|  92|0x0000000091800000, 0x0000000091800000, 0x0000000091900000|  0%| F|  |TAMS 0x0000000091800000, 0x0000000091800000| Untracked 
|  93|0x0000000091900000, 0x0000000091900000, 0x0000000091a00000|  0%| F|  |TAMS 0x0000000091900000, 0x0000000091900000| Untracked 
|  94|0x0000000091a00000, 0x0000000091a00000, 0x0000000091b00000|  0%| F|  |TAMS 0x0000000091a00000, 0x0000000091a00000| Untracked 
|  95|0x0000000091b00000, 0x0000000091b00000, 0x0000000091c00000|  0%| F|  |TAMS 0x0000000091b00000, 0x0000000091b00000| Untracked 
|  96|0x0000000091c00000, 0x0000000091c00000, 0x0000000091d00000|  0%| F|  |TAMS 0x0000000091c00000, 0x0000000091c00000| Untracked 
|  97|0x0000000091d00000, 0x0000000091d00000, 0x0000000091e00000|  0%| F|  |TAMS 0x0000000091d00000, 0x0000000091d00000| Untracked 
|  98|0x0000000091e00000, 0x0000000091e00000, 0x0000000091f00000|  0%| F|  |TAMS 0x0000000091e00000, 0x0000000091e00000| Untracked 
|  99|0x0000000091f00000, 0x0000000091f00000, 0x0000000092000000|  0%| F|  |TAMS 0x0000000091f00000, 0x0000000091f00000| Untracked 
| 100|0x0000000092000000, 0x0000000092000000, 0x0000000092100000|  0%| F|  |TAMS 0x0000000092000000, 0x0000000092000000| Untracked 
| 101|0x0000000092100000, 0x0000000092100000, 0x0000000092200000|  0%| F|  |TAMS 0x0000000092100000, 0x0000000092100000| Untracked 
| 102|0x0000000092200000, 0x0000000092200000, 0x0000000092300000|  0%| F|  |TAMS 0x0000000092200000, 0x0000000092200000| Untracked 
| 103|0x0000000092300000, 0x0000000092400000, 0x0000000092400000|100%| E|  |TAMS 0x0000000092300000, 0x0000000092300000| Complete 
| 104|0x0000000092400000, 0x0000000092500000, 0x0000000092500000|100%| E|CS|TAMS 0x0000000092400000, 0x0000000092400000| Complete 
| 105|0x0000000092500000, 0x0000000092600000, 0x0000000092600000|100%| E|CS|TAMS 0x0000000092500000, 0x0000000092500000| Complete 
| 106|0x0000000092600000, 0x0000000092700000, 0x0000000092700000|100%| E|CS|TAMS 0x0000000092600000, 0x0000000092600000| Complete 
| 107|0x0000000092700000, 0x0000000092800000, 0x0000000092800000|100%| E|  |TAMS 0x0000000092700000, 0x0000000092700000| Complete 
| 108|0x0000000092800000, 0x0000000092900000, 0x0000000092900000|100%| E|CS|TAMS 0x0000000092800000, 0x0000000092800000| Complete 
| 109|0x0000000092900000, 0x0000000092a00000, 0x0000000092a00000|100%| E|CS|TAMS 0x0000000092900000, 0x0000000092900000| Complete 
| 110|0x0000000092a00000, 0x0000000092b00000, 0x0000000092b00000|100%| E|CS|TAMS 0x0000000092a00000, 0x0000000092a00000| Complete 
| 111|0x0000000092b00000, 0x0000000092b79440, 0x0000000092c00000| 47%| S|CS|TAMS 0x0000000092b00000, 0x0000000092b00000| Complete 
| 112|0x0000000092c00000, 0x0000000092d00000, 0x0000000092d00000|100%| E|CS|TAMS 0x0000000092c00000, 0x0000000092c00000| Complete 
| 113|0x0000000092d00000, 0x0000000092e00000, 0x0000000092e00000|100%| E|CS|TAMS 0x0000000092d00000, 0x0000000092d00000| Complete 
| 114|0x0000000092e00000, 0x0000000092f00000, 0x0000000092f00000|100%| E|CS|TAMS 0x0000000092e00000, 0x0000000092e00000| Complete 
| 115|0x0000000092f00000, 0x0000000093000000, 0x0000000093000000|100%| E|CS|TAMS 0x0000000092f00000, 0x0000000092f00000| Complete 
| 116|0x0000000093000000, 0x0000000093100000, 0x0000000093100000|100%| E|CS|TAMS 0x0000000093000000, 0x0000000093000000| Complete 
| 117|0x0000000093100000, 0x0000000093200000, 0x0000000093200000|100%| E|CS|TAMS 0x0000000093100000, 0x0000000093100000| Complete 
|1858|0x00000000ffe00000, 0x00000000ffe47000, 0x00000000fff00000| 27%|OA|  |TAMS 0x00000000ffe00000, 0x00000000ffe00000| Untracked 
|1859|0x00000000fff00000, 0x00000000fff6a000, 0x0000000100000000| 41%|CA|  |TAMS 0x00000000fff00000, 0x00000000fff00000| Untracked 

Card table byte_map: [0x00007f5a9b8bc000,0x00007f5a9bc5e000] _byte_map_base: 0x00007f5a9b45e000

Marking Bits (Prev, Next): (CMBitMap*) 0x00007f5ab8054a08, (CMBitMap*) 0x00007f5ab8054a40
 Prev Bits: [0x00007f5a9980a000, 0x00007f5a9b51a000)
 Next Bits: [0x00007f5a97afa000, 0x00007f5a9980a000)

Polling page: 0x00007f5abffd6000

Metaspace:

Usage:
  Non-class:      9,47 MB capacity,     9,27 MB ( 98%) used,   184,56 KB (  2%) free+waste,    21,06 KB ( <1%) overhead. 
      Class:      1,18 MB capacity,     1,11 MB ( 94%) used,    62,05 KB (  5%) free+waste,    10,62 KB ( <1%) overhead. 
       Both:     10,65 MB capacity,    10,38 MB ( 97%) used,   246,61 KB (  2%) free+waste,    31,69 KB ( <1%) overhead. 

Virtual space:
  Non-class space:       10,00 MB reserved,       9,75 MB ( 98%) committed 
      Class space:        1,00 GB reserved,       1,25 MB ( <1%) committed 
             Both:        1,01 GB reserved,      11,00 MB (  1%) committed 

Chunk freelists:
   Non-Class:  51,00 KB
       Class:  3,00 KB
        Both:  54,00 KB

MaxMetaspaceSize: unlimited
CompressedClassSpaceSize: 1,00 GB

CodeHeap 'non-profiled nmethods': size=120032Kb used=532Kb max_used=532Kb free=119499Kb
 bounds [0x00007f5aa83d8000, 0x00007f5aa8648000, 0x00007f5aaf910000]
CodeHeap 'profiled nmethods': size=120032Kb used=2912Kb max_used=2912Kb free=117119Kb
 bounds [0x00007f5aa0ea0000, 0x00007f5aa1180000, 0x00007f5aa83d8000]
CodeHeap 'non-nmethods': size=5696Kb used=1218Kb max_used=1229Kb free=4478Kb
 bounds [0x00007f5aa0910000, 0x00007f5aa0b80000, 0x00007f5aa0ea0000]
 total_blobs=2330 nmethods=1352 adapters=526
 compilation: enabled
              stopped_count=0, restarted_count=0
 full_count=0

Compilation events (20 events):
Event: 1,423 Thread 0x00007f5ab8113800 nmethod 1345 0x00007f5aa845c310 code [0x00007f5aa845c4c0, 0x00007f5aa845c5f0]
Event: 1,429 Thread 0x00007f5ab8113800 1346       3       java.util.Arrays$ArrayItr::next (36 bytes)
Event: 1,429 Thread 0x00007f5ab8113800 nmethod 1346 0x00007f5aa1162910 code [0x00007f5aa1162ae0, 0x00007f5aa1162d48]
Event: 1,429 Thread 0x00007f5ab8113800 1347       3       java.util.Arrays$ArrayItr::hasNext (18 bytes)
Event: 1,429 Thread 0x00007f5ab8113800 nmethod 1347 0x00007f5aa1162e90 code [0x00007f5aa1163040, 0x00007f5aa1163230]
Event: 1,435 Thread 0x00007f5ab8113800 1348       3       java.io.File::getName (42 bytes)
Event: 1,436 Thread 0x00007f5ab8113800 nmethod 1348 0x00007f5aa1163310 code [0x00007f5aa1163540, 0x00007f5aa1163ad8]
Event: 1,440 Thread 0x00007f5ab8113800 1349 %     3       com.sun.imageio.plugins.tiff.TIFFDecompressor::decode @ 2076 (3002 bytes)
Event: 1,454 Thread 0x00007f5ab8111800 1352       4       java.util.HashMap$HashIterator::hasNext (13 bytes)
Event: 1,455 Thread 0x00007f5ab8111800 nmethod 1352 0x00007f5aa845c690 code [0x00007f5aa845c820, 0x00007f5aa845c898]
Event: 1,458 Thread 0x00007f5a680c5800 1357       4       java.util.WeakHashMap::indexFor (6 bytes)
Event: 1,460 Thread 0x00007f5a680c5800 nmethod 1357 0x00007f5aa845c910 code [0x00007f5aa845caa0, 0x00007f5aa845caf8]
Event: 1,460 Thread 0x00007f5ab8113800 nmethod 1349% 0x00007f5aa1163d10 code [0x00007f5aa1164a00, 0x00007f5aa116f3e8]
Event: 1,460 Thread 0x00007f5ab8113800 1351       3       java.lang.reflect.AccessibleObject::<init> (5 bytes)
Event: 1,461 Thread 0x00007f5ab8113800 nmethod 1351 0x00007f5aa1172e10 code [0x00007f5aa1172fc0, 0x00007f5aa1173190]
Event: 1,461 Thread 0x00007f5ab8113800 1353       3       java.lang.reflect.AccessibleObject::checkAccess (40 bytes)
Event: 1,462 Thread 0x00007f5ab8113800 nmethod 1353 0x00007f5aa1173290 code [0x00007f5aa1173480, 0x00007f5aa1173838]
Event: 1,462 Thread 0x00007f5ab8113800 1354       3       java.lang.reflect.AccessibleObject::verifyAccess (84 bytes)
Event: 1,462 Thread 0x00007f5ab8113800 nmethod 1354 0x00007f5aa1173990 code [0x00007f5aa1173b80, 0x00007f5aa1174268]
Event: 1,462 Thread 0x00007f5ab8113800 1355       3       jdk.internal.reflect.Reflection::verifyMemberAccess (190 bytes)

GC Heap History (4 events):
Event: 0,694 GC heap before
{Heap before GC invocations=0 (full 0):
 garbage-first heap   total 122880K, used 14020K [0x000000008bc00000, 0x0000000100000000)
  region size 1024K, 14 young (14336K), 0 survivors (0K)
 Metaspace       used 5433K, capacity 5633K, committed 5760K, reserved 1056768K
  class space    used 562K, capacity 607K, committed 640K, reserved 1048576K
}
Event: 0,712 GC heap after
{Heap after GC invocations=1 (full 0):
 garbage-first heap   total 122880K, used 4090K [0x000000008bc00000, 0x0000000100000000)
  region size 1024K, 2 young (2048K), 2 survivors (2048K)
 Metaspace       used 5433K, capacity 5633K, committed 5760K, reserved 1056768K
  class space    used 562K, capacity 607K, committed 640K, reserved 1048576K
}
Event: 0,943 GC heap before
{Heap before GC invocations=1 (full 0):
 garbage-first heap   total 122880K, used 10234K [0x000000008bc00000, 0x0000000100000000)
  region size 1024K, 8 young (8192K), 2 survivors (2048K)
 Metaspace       used 7144K, capacity 7413K, committed 7552K, reserved 1056768K
  class space    used 757K, capacity 857K, committed 896K, reserved 1048576K
}
Event: 0,957 GC heap after
{Heap after GC invocations=2 (full 0):
 garbage-first heap   total 122880K, used 4627K [0x000000008bc00000, 0x0000000100000000)
  region size 1024K, 1 young (1024K), 1 survivors (1024K)
 Metaspace       used 7144K, capacity 7413K, committed 7552K, reserved 1056768K
  class space    used 757K, capacity 857K, committed 896K, reserved 1048576K
}

Deoptimization events (20 events):
Event: 1,188 Thread 0x00007f5ab8015800 Uncommon trap: trap_request=0xffffffbe fr.pc=0x00007f5aa844c1fc relative=0x000000000000059c
Event: 1,188 Thread 0x00007f5ab8015800 Uncommon trap: reason=profile_predicate action=maybe_recompile pc=0x00007f5aa844c1fc method=java.lang.PublicMethods$MethodList.filter([Ljava/lang/reflect/Method;Ljava/lang/String;[Ljava/lang/Class;Z)Ljava/lang/PublicMethods$MethodList; @ 17 c2
Event: 1,188 Thread 0x00007f5ab8015800 DEOPT PACKING pc=0x00007f5aa844c1fc sp=0x00007f5abffb0500
Event: 1,188 Thread 0x00007f5ab8015800 DEOPT UNPACKING pc=0x00007f5aa0937c1f sp=0x00007f5abffb04b8 mode 2
Event: 1,190 Thread 0x00007f5ab8015800 Uncommon trap: trap_request=0xffffffbe fr.pc=0x00007f5aa844cfac relative=0x000000000000064c
Event: 1,190 Thread 0x00007f5ab8015800 Uncommon trap: reason=profile_predicate action=maybe_recompile pc=0x00007f5aa844cfac method=java.lang.PublicMethods$MethodList.filter([Ljava/lang/reflect/Method;Ljava/lang/String;[Ljava/lang/Class;Z)Ljava/lang/PublicMethods$MethodList; @ 21 c2
Event: 1,190 Thread 0x00007f5ab8015800 DEOPT PACKING pc=0x00007f5aa844cfac sp=0x00007f5abffb04f0
Event: 1,190 Thread 0x00007f5ab8015800 DEOPT UNPACKING pc=0x00007f5aa0937c1f sp=0x00007f5abffb04a8 mode 2
Event: 1,190 Thread 0x00007f5ab8015800 Uncommon trap: trap_request=0xffffffbe fr.pc=0x00007f5aa844c1fc relative=0x000000000000059c
Event: 1,190 Thread 0x00007f5ab8015800 Uncommon trap: reason=profile_predicate action=maybe_recompile pc=0x00007f5aa844c1fc method=java.lang.PublicMethods$MethodList.filter([Ljava/lang/reflect/Method;Ljava/lang/String;[Ljava/lang/Class;Z)Ljava/lang/PublicMethods$MethodList; @ 17 c2
Event: 1,190 Thread 0x00007f5ab8015800 DEOPT PACKING pc=0x00007f5aa844c1fc sp=0x00007f5abffb0500
Event: 1,190 Thread 0x00007f5ab8015800 DEOPT UNPACKING pc=0x00007f5aa0937c1f sp=0x00007f5abffb04b8 mode 2
Event: 1,194 Thread 0x00007f5ab8015800 Uncommon trap: trap_request=0xffffffbe fr.pc=0x00007f5aa844cfac relative=0x000000000000064c
Event: 1,194 Thread 0x00007f5ab8015800 Uncommon trap: reason=profile_predicate action=maybe_recompile pc=0x00007f5aa844cfac method=java.lang.PublicMethods$MethodList.filter([Ljava/lang/reflect/Method;Ljava/lang/String;[Ljava/lang/Class;Z)Ljava/lang/PublicMethods$MethodList; @ 21 c2
Event: 1,194 Thread 0x00007f5ab8015800 DEOPT PACKING pc=0x00007f5aa844cfac sp=0x00007f5abffb04f0
Event: 1,194 Thread 0x00007f5ab8015800 DEOPT UNPACKING pc=0x00007f5aa0937c1f sp=0x00007f5abffb04a8 mode 2
Event: 1,352 Thread 0x00007f5ab8015800 Uncommon trap: trap_request=0xffffff4d fr.pc=0x00007f5aa8440704 relative=0x0000000000003064
Event: 1,352 Thread 0x00007f5ab8015800 Uncommon trap: reason=unstable_if action=reinterpret pc=0x00007f5aa8440704 method=java.util.jar.Manifest$FastInputStream.peek()B @ 8 c2
Event: 1,352 Thread 0x00007f5ab8015800 DEOPT PACKING pc=0x00007f5aa8440704 sp=0x00007f5abffafd30
Event: 1,352 Thread 0x00007f5ab8015800 DEOPT UNPACKING pc=0x00007f5aa0937c1f sp=0x00007f5abffafcd8 mode 2

Classes redefined (0 events):
No events

Internal exceptions (20 events):
Event: 0,102 Thread 0x00007f5ab8015800 Exception <a 'java/security/PrivilegedActionException'{0x0000000093071140}> (0x0000000093071140) thrown at [/build/openjdk-lts-iuKaMP/openjdk-lts-11.0.6+10/src/hotspot/share/prims/jvm.cpp, line 1297]
Event: 0,102 Thread 0x00007f5ab8015800 Exception <a 'java/security/PrivilegedActionException'{0x0000000093071f30}> (0x0000000093071f30) thrown at [/build/openjdk-lts-iuKaMP/openjdk-lts-11.0.6+10/src/hotspot/share/prims/jvm.cpp, line 1297]
Event: 0,102 Thread 0x00007f5ab8015800 Exception <a 'java/security/PrivilegedActionException'{0x0000000093072200}> (0x0000000093072200) thrown at [/build/openjdk-lts-iuKaMP/openjdk-lts-11.0.6+10/src/hotspot/share/prims/jvm.cpp, line 1297]
Event: 0,338 Thread 0x00007f5ab8015800 Implicit null exception at 0x00007f5aa83e96b7 to 0x00007f5aa83e97b2
Event: 0,409 Thread 0x00007f5ab8015800 Exception <a 'java/lang/NoSuchMethodError'{0x00000000929cbeb8}: 'java.lang.Object java.lang.invoke.DirectMethodHandle$Holder.invokeVirtual(java.lang.Object, java.lang.Object, java.lang.Object, java.lang.Object)'> (0x00000000929cbeb8) thrown at [/build/ope
Event: 0,597 Thread 0x00007f5ab8015800 Exception <a 'java/lang/NoSuchMethodError'{0x0000000092562f70}: 'java.lang.Object java.lang.invoke.DirectMethodHandle$Holder.invokeStatic(java.lang.Object, java.lang.Object, java.lang.Object, java.lang.Object, java.lang.Object, java.lang.Object, java.lang
Event: 0,601 Thread 0x00007f5ab8015800 Exception <a 'java/lang/NoSuchMethodError'{0x0000000092570cd0}: 'java.lang.Object java.lang.invoke.DirectMethodHandle$Holder.invokeStatic(java.lang.Object, java.lang.Object, java.lang.Object, java.lang.Object, java.lang.Object, java.lang.Object, java.lang
Event: 0,604 Thread 0x00007f5ab8015800 Exception <a 'java/lang/NoSuchMethodError'{0x000000009257e940}: 'java.lang.Object java.lang.invoke.DirectMethodHandle$Holder.invokeSpecial(java.lang.Object, java.lang.Object, int, int, java.lang.Object, java.lang.Object, java.lang.Object)'> (0x00000000925
Event: 0,604 Thread 0x00007f5ab8015800 Exception <a 'java/lang/NoSuchMethodError'{0x0000000092581ed0}: 'java.lang.Object java.lang.invoke.DelegatingMethodHandle$Holder.reinvoke_L(java.lang.Object, int, int, java.lang.Object, java.lang.Object, java.lang.Object)'> (0x0000000092581ed0) thrown at 
Event: 0,605 Thread 0x00007f5ab8015800 Exception <a 'java/lang/NoSuchMethodError'{0x0000000092586030}: 'java.lang.Object java.lang.invoke.DirectMethodHandle$Holder.invokeStatic(java.lang.Object, java.lang.Object, java.lang.Object, java.lang.Object, int)'> (0x0000000092586030) thrown at [/build
Event: 0,752 Thread 0x00007f5ab8015800 Exception <a 'java/lang/NoSuchMethodError'{0x000000009315cb20}: 'int java.lang.invoke.DirectMethodHandle$Holder.invokeSpecialIFC(java.lang.Object, java.lang.Object, int)'> (0x000000009315cb20) thrown at [/build/openjdk-lts-iuKaMP/openjdk-lts-11.0.6+10/src
Event: 0,823 Thread 0x00007f5ab8015800 Exception <a 'java/lang/ClassNotFoundException'{0x00000000930fe7d0}: javax/smartcardio/CardPermission> (0x00000000930fe7d0) thrown at [/build/openjdk-lts-iuKaMP/openjdk-lts-11.0.6+10/src/hotspot/share/classfile/systemDictionary.cpp, line 231]
Event: 0,827 Thread 0x00007f5ab8015800 Exception <a 'java/io/FileNotFoundException'{0x0000000092f0c148}> (0x0000000092f0c148) thrown at [/build/openjdk-lts-iuKaMP/openjdk-lts-11.0.6+10/src/hotspot/share/prims/jni.cpp, line 615]
Event: 0,899 Thread 0x00007f5ab8015800 Exception <a 'java/lang/UnsatisfiedLinkError'{0x0000000092ee50b0}: libtesseract.so: cannot open shared object file: No such file or directory> (0x0000000092ee50b0) thrown at [/build/openjdk-lts-iuKaMP/openjdk-lts-11.0.6+10/src/hotspot/share/prims/jni.cpp,
Event: 0,899 Thread 0x00007f5ab8015800 Exception <a 'java/lang/UnsatisfiedLinkError'{0x0000000092ee5e68}: libtesseract.so: cannot open shared object file: No such file or directory> (0x0000000092ee5e68) thrown at [/build/openjdk-lts-iuKaMP/openjdk-lts-11.0.6+10/src/hotspot/share/prims/jni.cpp,
Event: 0,941 Thread 0x00007f5ab8015800 Exception <a 'java/lang/NoSuchMethodError'{0x0000000092cee4e0}: 'org.slf4j.impl.StaticMDCBinder org.slf4j.impl.StaticMDCBinder.getSingleton()'> (0x0000000092cee4e0) thrown at [/build/openjdk-lts-iuKaMP/openjdk-lts-11.0.6+10/src/hotspot/share/interpreter/l
Event: 0,968 Thread 0x00007f5ab8015800 Exception <a 'java/lang/UnsatisfiedLinkError'{0x00000000931440a0}: liblept.so: cannot open shared object file: No such file or directory> (0x00000000931440a0) thrown at [/build/openjdk-lts-iuKaMP/openjdk-lts-11.0.6+10/src/hotspot/share/prims/jni.cpp, line
Event: 0,969 Thread 0x00007f5ab8015800 Exception <a 'java/lang/UnsatisfiedLinkError'{0x0000000093144da8}: liblept.so: cannot open shared object file: No such file or directory> (0x0000000093144da8) thrown at [/build/openjdk-lts-iuKaMP/openjdk-lts-11.0.6+10/src/hotspot/share/prims/jni.cpp, line
Event: 1,313 Thread 0x00007f5ab8015800 Exception <a 'java/lang/ClassNotFoundException'{0x00000000926d57d8}: sun/awt/resources/spi/awtProvider> (0x00000000926d57d8) thrown at [/build/openjdk-lts-iuKaMP/openjdk-lts-11.0.6+10/src/hotspot/share/classfile/systemDictionary.cpp, line 231]
Event: 1,336 Thread 0x00007f5ab8015800 Exception <a 'java/io/FileNotFoundException'{0x0000000092540578}> (0x0000000092540578) thrown at [/build/openjdk-lts-iuKaMP/openjdk-lts-11.0.6+10/src/hotspot/share/prims/jni.cpp, line 615]

Events (20 events):
Event: 1,454 loading class jdk/internal/reflect/UnsafeByteFieldAccessorImpl
Event: 1,455 loading class jdk/internal/reflect/UnsafeByteFieldAccessorImpl done
Event: 1,455 loading class jdk/internal/reflect/UnsafeShortFieldAccessorImpl
Event: 1,455 loading class jdk/internal/reflect/UnsafeShortFieldAccessorImpl done
Event: 1,455 loading class java/lang/Short$ShortCache
Event: 1,455 loading class java/lang/Short$ShortCache done
Event: 1,456 loading class net/sourceforge/tess4j/ProgressMonitor
Event: 1,456 loading class net/sourceforge/tess4j/ProgressMonitor done
Event: 1,458 Thread 0x00007f5ab8651000 Thread added: 0x00007f5ab8651000
Event: 1,458 Protecting memory [0x00007f5a48939000,0x00007f5a4893d000] with protection modes 0
Event: 1,459 Executing VM operation: RevokeBias
Event: 1,460 Executing VM operation: RevokeBias done
Event: 1,460 Executing VM operation: RevokeBias
Event: 1,460 Executing VM operation: RevokeBias done
Event: 1,461 Executing VM operation: RevokeBias
Event: 1,461 Executing VM operation: RevokeBias done
Event: 1,461 Executing VM operation: RevokeBias
Event: 1,461 Executing VM operation: RevokeBias done
Event: 1,461 Executing VM operation: RevokeBias
Event: 1,461 Executing VM operation: RevokeBias done


Dynamic libraries:
8bc00000-93200000 rw-p 00000000 00:00 0 
93200000-ffe00000 ---p 00000000 00:00 0 
ffe00000-ffe47000 rw-p 01105000 08:06 527177                             /usr/lib/jvm/java-11-openjdk-amd64/lib/server/classes.jsa
ffe47000-fff00000 rw-p 00000000 00:00 0 
fff00000-fff6a000 rw-p 0109b000 08:06 527177                             /usr/lib/jvm/java-11-openjdk-amd64/lib/server/classes.jsa
fff6a000-100000000 rw-p 00000000 00:00 0 
800000000-800002000 rwxp 00001000 08:06 527177                           /usr/lib/jvm/java-11-openjdk-amd64/lib/server/classes.jsa
800002000-8003b8000 rw-p 00003000 08:06 527177                           /usr/lib/jvm/java-11-openjdk-amd64/lib/server/classes.jsa
8003b8000-800a8d000 r--p 003b9000 08:06 527177                           /usr/lib/jvm/java-11-openjdk-amd64/lib/server/classes.jsa
800a8d000-800a8e000 rw-p 00a8e000 08:06 527177                           /usr/lib/jvm/java-11-openjdk-amd64/lib/server/classes.jsa
800a8e000-80109a000 r--p 00a8f000 08:06 527177                           /usr/lib/jvm/java-11-openjdk-amd64/lib/server/classes.jsa
840000000-840140000 rw-p 00000000 00:00 0 
840140000-880000000 ---p 00000000 00:00 0 
55a2d530c000-55a2d530d000 r-xp 00000000 08:06 524463                     /usr/lib/jvm/java-11-openjdk-amd64/bin/java
55a2d550d000-55a2d550e000 r--p 00001000 08:06 524463                     /usr/lib/jvm/java-11-openjdk-amd64/bin/java
55a2d550e000-55a2d550f000 rw-p 00002000 08:06 524463                     /usr/lib/jvm/java-11-openjdk-amd64/bin/java
55a2d55c0000-55a2d55e1000 rw-p 00000000 00:00 0                          [heap]
7f5a3c000000-7f5a3c021000 rw-p 00000000 00:00 0 
7f5a3c021000-7f5a40000000 ---p 00000000 00:00 0 
7f5a44000000-7f5a44021000 rw-p 00000000 00:00 0 
7f5a44021000-7f5a48000000 ---p 00000000 00:00 0 
7f5a48939000-7f5a4893d000 ---p 00000000 00:00 0 
7f5a4893d000-7f5a48a3a000 rw-p 00000000 00:00 0 
7f5a48a3a000-7f5a48a3e000 ---p 00000000 00:00 0 
7f5a48a3e000-7f5a48cfb000 rw-p 00000000 00:00 0 
7f5a48cfb000-7f5a48d3b000 ---p 00000000 00:00 0 
7f5a48d3b000-7f5a48d4e000 r-xp 00000000 08:06 131340                     /lib/x86_64-linux-gnu/libbsd.so.0.8.7
7f5a48d4e000-7f5a48f4d000 ---p 00013000 08:06 131340                     /lib/x86_64-linux-gnu/libbsd.so.0.8.7
7f5a48f4d000-7f5a48f4e000 r--p 00012000 08:06 131340                     /lib/x86_64-linux-gnu/libbsd.so.0.8.7
7f5a48f4e000-7f5a48f4f000 rw-p 00013000 08:06 131340                     /lib/x86_64-linux-gnu/libbsd.so.0.8.7
7f5a48f4f000-7f5a48f50000 rw-p 00000000 00:00 0 
7f5a48f50000-7f5a48f55000 r-xp 00000000 08:06 533525                     /usr/lib/x86_64-linux-gnu/libXdmcp.so.6.0.0
7f5a48f55000-7f5a49154000 ---p 00005000 08:06 533525                     /usr/lib/x86_64-linux-gnu/libXdmcp.so.6.0.0
7f5a49154000-7f5a49155000 r--p 00004000 08:06 533525                     /usr/lib/x86_64-linux-gnu/libXdmcp.so.6.0.0
7f5a49155000-7f5a49156000 rw-p 00005000 08:06 533525                     /usr/lib/x86_64-linux-gnu/libXdmcp.so.6.0.0
7f5a49156000-7f5a49158000 r-xp 00000000 08:06 533512                     /usr/lib/x86_64-linux-gnu/libXau.so.6.0.0
7f5a49158000-7f5a49358000 ---p 00002000 08:06 533512                     /usr/lib/x86_64-linux-gnu/libXau.so.6.0.0
7f5a49358000-7f5a49359000 r--p 00002000 08:06 533512                     /usr/lib/x86_64-linux-gnu/libXau.so.6.0.0
7f5a49359000-7f5a4935a000 rw-p 00003000 08:06 533512                     /usr/lib/x86_64-linux-gnu/libXau.so.6.0.0
7f5a4935a000-7f5a49380000 r-xp 00000000 08:06 527967                     /usr/lib/x86_64-linux-gnu/libxcb.so.1.1.0
7f5a49380000-7f5a49580000 ---p 00026000 08:06 527967                     /usr/lib/x86_64-linux-gnu/libxcb.so.1.1.0
7f5a49580000-7f5a49581000 r--p 00026000 08:06 527967                     /usr/lib/x86_64-linux-gnu/libxcb.so.1.1.0
7f5a49581000-7f5a49582000 rw-p 00027000 08:06 527967                     /usr/lib/x86_64-linux-gnu/libxcb.so.1.1.0
7f5a49582000-7f5a49591000 r-xp 00000000 08:06 533537                     /usr/lib/x86_64-linux-gnu/libXi.so.6.1.0
7f5a49591000-7f5a49790000 ---p 0000f000 08:06 533537                     /usr/lib/x86_64-linux-gnu/libXi.so.6.1.0
7f5a49790000-7f5a49791000 r--p 0000e000 08:06 533537                     /usr/lib/x86_64-linux-gnu/libXi.so.6.1.0
7f5a49791000-7f5a49792000 rw-p 0000f000 08:06 533537                     /usr/lib/x86_64-linux-gnu/libXi.so.6.1.0
7f5a49792000-7f5a49797000 r-xp 00000000 08:06 533557                     /usr/lib/x86_64-linux-gnu/libXtst.so.6.1.0
7f5a49797000-7f5a49996000 ---p 00005000 08:06 533557                     /usr/lib/x86_64-linux-gnu/libXtst.so.6.1.0
7f5a49996000-7f5a49997000 r--p 00004000 08:06 533557                     /usr/lib/x86_64-linux-gnu/libXtst.so.6.1.0
7f5a49997000-7f5a49998000 rw-p 00005000 08:06 533557                     /usr/lib/x86_64-linux-gnu/libXtst.so.6.1.0
7f5a49998000-7f5a499a1000 r-xp 00000000 08:06 533549                     /usr/lib/x86_64-linux-gnu/libXrender.so.1.3.0
7f5a499a1000-7f5a49ba0000 ---p 00009000 08:06 533549                     /usr/lib/x86_64-linux-gnu/libXrender.so.1.3.0
7f5a49ba0000-7f5a49ba1000 r--p 00008000 08:06 533549                     /usr/lib/x86_64-linux-gnu/libXrender.so.1.3.0
7f5a49ba1000-7f5a49ba2000 rw-p 00009000 08:06 533549                     /usr/lib/x86_64-linux-gnu/libXrender.so.1.3.0
7f5a49ba2000-7f5a49cd5000 r-xp 00000000 08:06 526880                     /usr/lib/x86_64-linux-gnu/libX11.so.6.3.0
7f5a49cd5000-7f5a49ed5000 ---p 00133000 08:06 526880                     /usr/lib/x86_64-linux-gnu/libX11.so.6.3.0
7f5a49ed5000-7f5a49ed6000 r--p 00133000 08:06 526880                     /usr/lib/x86_64-linux-gnu/libX11.so.6.3.0
7f5a49ed6000-7f5a49eda000 rw-p 00134000 08:06 526880                     /usr/lib/x86_64-linux-gnu/libX11.so.6.3.0
7f5a49eda000-7f5a49eeb000 r-xp 00000000 08:06 533527                     /usr/lib/x86_64-linux-gnu/libXext.so.6.4.0
7f5a49eeb000-7f5a4a0ea000 ---p 00011000 08:06 533527                     /usr/lib/x86_64-linux-gnu/libXext.so.6.4.0
7f5a4a0ea000-7f5a4a0eb000 r--p 00010000 08:06 533527                     /usr/lib/x86_64-linux-gnu/libXext.so.6.4.0
7f5a4a0eb000-7f5a4a0ec000 rw-p 00011000 08:06 533527                     /usr/lib/x86_64-linux-gnu/libXext.so.6.4.0
7f5a4a0ec000-7f5a4a14b000 r-xp 00000000 08:06 532932                     /usr/lib/jvm/java-11-openjdk-amd64/lib/libawt_xawt.so
7f5a4a14b000-7f5a4a34a000 ---p 0005f000 08:06 532932                     /usr/lib/jvm/java-11-openjdk-amd64/lib/libawt_xawt.so
7f5a4a34a000-7f5a4a34b000 r--p 0005e000 08:06 532932                     /usr/lib/jvm/java-11-openjdk-amd64/lib/libawt_xawt.so
7f5a4a34b000-7f5a4a34e000 rw-p 0005f000 08:06 532932                     /usr/lib/jvm/java-11-openjdk-amd64/lib/libawt_xawt.so
7f5a4a34e000-7f5a4a350000 rw-p 00000000 00:00 0 
7f5a4a350000-7f5a4bdff000 r-xp 00000000 08:06 525854                     /usr/lib/x86_64-linux-gnu/libicudata.so.65.1
7f5a4bdff000-7f5a4bffe000 ---p 01aaf000 08:06 525854                     /usr/lib/x86_64-linux-gnu/libicudata.so.65.1
7f5a4bffe000-7f5a4bfff000 r--p 01aae000 08:06 525854                     /usr/lib/x86_64-linux-gnu/libicudata.so.65.1
7f5a4bfff000-7f5a4c000000 rw-p 01aaf000 08:06 525854                     /usr/lib/x86_64-linux-gnu/libicudata.so.65.1
7f5a4c000000-7f5a4c021000 rw-p 00000000 00:00 0 
7f5a4c021000-7f5a50000000 ---p 00000000 00:00 0 
7f5a50000000-7f5a50021000 rw-p 00000000 00:00 0 
7f5a50021000-7f5a54000000 ---p 00000000 00:00 0 
7f5a54000000-7f5a54942000 rw-p 00000000 00:00 0 
7f5a54942000-7f5a58000000 ---p 00000000 00:00 0 
7f5a58000000-7f5a58021000 rw-p 00000000 00:00 0 
7f5a58021000-7f5a5c000000 ---p 00000000 00:00 0 
7f5a5c026000-7f5a5c0c5000 r-xp 00000000 08:06 532930                     /usr/lib/jvm/java-11-openjdk-amd64/lib/libawt.so
7f5a5c0c5000-7f5a5c2c5000 ---p 0009f000 08:06 532930                     /usr/lib/jvm/java-11-openjdk-amd64/lib/libawt.so
7f5a5c2c5000-7f5a5c2c6000 r--p 0009f000 08:06 532930                     /usr/lib/jvm/java-11-openjdk-amd64/lib/libawt.so
7f5a5c2c6000-7f5a5c2d1000 rw-p 000a0000 08:06 532930                     /usr/lib/jvm/java-11-openjdk-amd64/lib/libawt.so
7f5a5c2d1000-7f5a5c2f6000 rw-p 00000000 00:00 0 
7f5a5c2f6000-7f5a5c301000 r-xp 00000000 08:06 534415                     /usr/lib/x86_64-linux-gnu/libjbig.so.0
7f5a5c301000-7f5a5c500000 ---p 0000b000 08:06 534415                     /usr/lib/x86_64-linux-gnu/libjbig.so.0
7f5a5c500000-7f5a5c501000 r--p 0000a000 08:06 534415                     /usr/lib/x86_64-linux-gnu/libjbig.so.0
7f5a5c501000-7f5a5c504000 rw-p 0000b000 08:06 534415                     /usr/lib/x86_64-linux-gnu/libjbig.so.0
7f5a5c504000-7f5a5c6c6000 r-xp 00000000 08:06 528216                     /usr/lib/x86_64-linux-gnu/libicuuc.so.65.1
7f5a5c6c6000-7f5a5c8c6000 ---p 001c2000 08:06 528216                     /usr/lib/x86_64-linux-gnu/libicuuc.so.65.1
7f5a5c8c6000-7f5a5c8d8000 r--p 001c2000 08:06 528216                     /usr/lib/x86_64-linux-gnu/libicuuc.so.65.1
7f5a5c8d8000-7f5a5c8d9000 rw-p 001d4000 08:06 528216                     /usr/lib/x86_64-linux-gnu/libicuuc.so.65.1
7f5a5c8d9000-7f5a5c8db000 rw-p 00000000 00:00 0 
7f5a5c8db000-7f5a5c8df000 r-xp 00000000 08:06 135058                     /lib/x86_64-linux-gnu/libattr.so.1.1.0
7f5a5c8df000-7f5a5cade000 ---p 00004000 08:06 135058                     /lib/x86_64-linux-gnu/libattr.so.1.1.0
7f5a5cade000-7f5a5cadf000 r--p 00003000 08:06 135058                     /lib/x86_64-linux-gnu/libattr.so.1.1.0
7f5a5cadf000-7f5a5cae0000 rw-p 00004000 08:06 135058                     /lib/x86_64-linux-gnu/libattr.so.1.1.0
7f5a5cae0000-7f5a5cb34000 r-xp 00000000 08:06 525483                     /usr/lib/x86_64-linux-gnu/libopenjp2.so.2.3.0
7f5a5cb34000-7f5a5cd34000 ---p 00054000 08:06 525483                     /usr/lib/x86_64-linux-gnu/libopenjp2.so.2.3.0
7f5a5cd34000-7f5a5cd35000 r--p 00054000 08:06 525483                     /usr/lib/x86_64-linux-gnu/libopenjp2.so.2.3.0
7f5a5cd35000-7f5a5cd36000 rw-p 00055000 08:06 525483                     /usr/lib/x86_64-linux-gnu/libopenjp2.so.2.3.0
7f5a5cd36000-7f5a5cd9c000 r-xp 00000000 08:06 535069                     /usr/lib/x86_64-linux-gnu/libwebp.so.6.0.2
7f5a5cd9c000-7f5a5cf9b000 ---p 00066000 08:06 535069                     /usr/lib/x86_64-linux-gnu/libwebp.so.6.0.2
7f5a5cf9b000-7f5a5cf9c000 r--p 00065000 08:06 535069                     /usr/lib/x86_64-linux-gnu/libwebp.so.6.0.2
7f5a5cf9c000-7f5a5cf9d000 rw-p 00066000 08:06 535069                     /usr/lib/x86_64-linux-gnu/libwebp.so.6.0.2
7f5a5cf9d000-7f5a5cf9f000 rw-p 00000000 00:00 0 
7f5a5cf9f000-7f5a5d012000 r-xp 00000000 08:06 524294                     /usr/lib/x86_64-linux-gnu/libtiff.so.5.3.0
7f5a5d012000-7f5a5d211000 ---p 00073000 08:06 524294                     /usr/lib/x86_64-linux-gnu/libtiff.so.5.3.0
7f5a5d211000-7f5a5d215000 r--p 00072000 08:06 524294                     /usr/lib/x86_64-linux-gnu/libtiff.so.5.3.0
7f5a5d215000-7f5a5d216000 rw-p 00076000 08:06 524294                     /usr/lib/x86_64-linux-gnu/libtiff.so.5.3.0
7f5a5d216000-7f5a5d21e000 r-xp 00000000 08:06 525224                     /usr/lib/x86_64-linux-gnu/libgif.so.7.0.0
7f5a5d21e000-7f5a5d41d000 ---p 00008000 08:06 525224                     /usr/lib/x86_64-linux-gnu/libgif.so.7.0.0
7f5a5d41d000-7f5a5d41e000 r--p 00007000 08:06 525224                     /usr/lib/x86_64-linux-gnu/libgif.so.7.0.0
7f5a5d41e000-7f5a5d41f000 rw-p 00008000 08:06 525224                     /usr/lib/x86_64-linux-gnu/libgif.so.7.0.0
7f5a5d41f000-7f5a5d486000 r-xp 00000000 08:06 525736                     /usr/lib/x86_64-linux-gnu/libjpeg.so.8.1.2
7f5a5d486000-7f5a5d685000 ---p 00067000 08:06 525736                     /usr/lib/x86_64-linux-gnu/libjpeg.so.8.1.2
7f5a5d685000-7f5a5d686000 r--p 00066000 08:06 525736                     /usr/lib/x86_64-linux-gnu/libjpeg.so.8.1.2
7f5a5d686000-7f5a5d687000 rw-p 00067000 08:06 525736                     /usr/lib/x86_64-linux-gnu/libjpeg.so.8.1.2
7f5a5d687000-7f5a5d6b8000 r-xp 00000000 08:06 525495                     /usr/lib/x86_64-linux-gnu/libpng16.so.16.34.0
7f5a5d6b8000-7f5a5d8b7000 ---p 00031000 08:06 525495                     /usr/lib/x86_64-linux-gnu/libpng16.so.16.34.0
7f5a5d8b7000-7f5a5d8b8000 r--p 00030000 08:06 525495                     /usr/lib/x86_64-linux-gnu/libpng16.so.16.34.0
7f5a5d8b8000-7f5a5d8b9000 rw-p 00031000 08:06 525495                     /usr/lib/x86_64-linux-gnu/libpng16.so.16.34.0
7f5a5d8b9000-7f5a5da6c000 r-xp 00000000 08:06 532116                     /usr/lib/x86_64-linux-gnu/libxml2.so.2.9.10
7f5a5da6c000-7f5a5dc6b000 ---p 001b3000 08:06 532116                     /usr/lib/x86_64-linux-gnu/libxml2.so.2.9.10
7f5a5dc6b000-7f5a5dc74000 r--p 001b2000 08:06 532116                     /usr/lib/x86_64-linux-gnu/libxml2.so.2.9.10
7f5a5dc74000-7f5a5dc75000 rw-p 001bb000 08:06 532116                     /usr/lib/x86_64-linux-gnu/libxml2.so.2.9.10
7f5a5dc75000-7f5a5dc77000 rw-p 00000000 00:00 0 
7f5a5dc77000-7f5a5dc86000 r-xp 00000000 08:06 134495                     /lib/x86_64-linux-gnu/libbz2.so.1.0.4
7f5a5dc86000-7f5a5de85000 ---p 0000f000 08:06 134495                     /lib/x86_64-linux-gnu/libbz2.so.1.0.4
7f5a5de85000-7f5a5de86000 r--p 0000e000 08:06 134495                     /lib/x86_64-linux-gnu/libbz2.so.1.0.4
7f5a5de86000-7f5a5de87000 rw-p 0000f000 08:06 134495                     /lib/x86_64-linux-gnu/libbz2.so.1.0.4
7f5a5de87000-7f5a5dea2000 r-xp 00000000 08:06 534484                     /usr/lib/x86_64-linux-gnu/liblz4.so.1.7.1
7f5a5dea2000-7f5a5e0a1000 ---p 0001b000 08:06 534484                     /usr/lib/x86_64-linux-gnu/liblz4.so.1.7.1
7f5a5e0a1000-7f5a5e0a2000 r--p 0001a000 08:06 534484                     /usr/lib/x86_64-linux-gnu/liblz4.so.1.7.1
7f5a5e0a2000-7f5a5e0a3000 rw-p 0001b000 08:06 534484                     /usr/lib/x86_64-linux-gnu/liblz4.so.1.7.1
7f5a5e0a3000-7f5a5e0c7000 r-xp 00000000 08:06 135138                     /lib/x86_64-linux-gnu/liblzma.so.5.2.2
7f5a5e0c7000-7f5a5e2c7000 ---p 00024000 08:06 135138                     /lib/x86_64-linux-gnu/liblzma.so.5.2.2
7f5a5e2c7000-7f5a5e2c8000 r--p 00024000 08:06 135138                     /lib/x86_64-linux-gnu/liblzma.so.5.2.2
7f5a5e2c8000-7f5a5e2c9000 rw-p 00025000 08:06 135138                     /lib/x86_64-linux-gnu/liblzma.so.5.2.2
7f5a5e2c9000-7f5a5e2ea000 r-xp 00000000 08:06 135140                     /lib/x86_64-linux-gnu/liblzo2.so.2.0.0
7f5a5e2ea000-7f5a5e4e9000 ---p 00021000 08:06 135140                     /lib/x86_64-linux-gnu/liblzo2.so.2.0.0
7f5a5e4e9000-7f5a5e4ea000 r--p 00020000 08:06 135140                     /lib/x86_64-linux-gnu/liblzo2.so.2.0.0
7f5a5e4ea000-7f5a5e4eb000 rw-p 00021000 08:06 135140                     /lib/x86_64-linux-gnu/liblzo2.so.2.0.0
7f5a5e4eb000-7f5a5e4f2000 r-xp 00000000 08:06 135046                     /lib/x86_64-linux-gnu/libacl.so.1.1.0
7f5a5e4f2000-7f5a5e6f1000 ---p 00007000 08:06 135046                     /lib/x86_64-linux-gnu/libacl.so.1.1.0
7f5a5e6f1000-7f5a5e6f2000 r--p 00006000 08:06 135046                     /lib/x86_64-linux-gnu/libacl.so.1.1.0
7f5a5e6f2000-7f5a5e6f3000 rw-p 00007000 08:06 135046                     /lib/x86_64-linux-gnu/libacl.so.1.1.0
7f5a5e6f3000-7f5a5e727000 r-xp 00000000 08:06 534586                     /usr/lib/x86_64-linux-gnu/libnettle.so.6.4
7f5a5e727000-7f5a5e926000 ---p 00034000 08:06 534586                     /usr/lib/x86_64-linux-gnu/libnettle.so.6.4
7f5a5e926000-7f5a5e928000 r--p 00033000 08:06 534586                     /usr/lib/x86_64-linux-gnu/libnettle.so.6.4
7f5a5e928000-7f5a5e929000 rw-p 00035000 08:06 534586                     /usr/lib/x86_64-linux-gnu/libnettle.so.6.4
7f5a5e929000-7f5a5e957000 r-xp 00000000 08:06 533626                     /usr/lib/x86_64-linux-gnu/libgomp.so.1.0.0
7f5a5e957000-7f5a5eb56000 ---p 0002e000 08:06 533626                     /usr/lib/x86_64-linux-gnu/libgomp.so.1.0.0
7f5a5eb56000-7f5a5eb57000 r--p 0002d000 08:06 533626                     /usr/lib/x86_64-linux-gnu/libgomp.so.1.0.0
7f5a5eb57000-7f5a5eb58000 rw-p 0002e000 08:06 533626                     /usr/lib/x86_64-linux-gnu/libgomp.so.1.0.0
7f5a5eb58000-7f5a5edca000 r-xp 00000000 08:06 537029                     /usr/lib/x86_64-linux-gnu/liblept.so.5.0.3
7f5a5edca000-7f5a5efca000 ---p 00272000 08:06 537029                     /usr/lib/x86_64-linux-gnu/liblept.so.5.0.3
7f5a5efca000-7f5a5efcb000 r--p 00272000 08:06 537029                     /usr/lib/x86_64-linux-gnu/liblept.so.5.0.3
7f5a5efcb000-7f5a5efd1000 rw-p 00273000 08:06 537029                     /usr/lib/x86_64-linux-gnu/liblept.so.5.0.3
7f5a5efd1000-7f5a5f07d000 r-xp 00000000 08:06 532165                     /usr/lib/x86_64-linux-gnu/libarchive.so.13.2.2
7f5a5f07d000-7f5a5f27d000 ---p 000ac000 08:06 532165                     /usr/lib/x86_64-linux-gnu/libarchive.so.13.2.2
7f5a5f27d000-7f5a5f280000 r--p 000ac000 08:06 532165                     /usr/lib/x86_64-linux-gnu/libarchive.so.13.2.2
7f5a5f280000-7f5a5f281000 rw-p 000af000 08:06 532165                     /usr/lib/x86_64-linux-gnu/libarchive.so.13.2.2
7f5a5f281000-7f5a5f5b3000 r-xp 00000000 08:06 537037                     /usr/lib/x86_64-linux-gnu/libtesseract.so.5.0.0
7f5a5f5b3000-7f5a5f7b2000 ---p 00332000 08:06 537037                     /usr/lib/x86_64-linux-gnu/libtesseract.so.5.0.0
7f5a5f7b2000-7f5a5f7b7000 r--p 00331000 08:06 537037                     /usr/lib/x86_64-linux-gnu/libtesseract.so.5.0.0
7f5a5f7b7000-7f5a5f7b8000 rw-p 00336000 08:06 537037                     /usr/lib/x86_64-linux-gnu/libtesseract.so.5.0.0
7f5a5f7b8000-7f5a5f7bb000 rw-p 00000000 00:00 0 
7f5a5f7bb000-7f5a5f7d2000 r-xp 00000000 08:06 2490938                    /tmp/jna--1315149918/jna6714960198796657447.tmp (deleted)
7f5a5f7d2000-7f5a5f8d1000 ---p 00017000 08:06 2490938                    /tmp/jna--1315149918/jna6714960198796657447.tmp (deleted)
7f5a5f8d1000-7f5a5f8d3000 rw-p 00016000 08:06 2490938                    /tmp/jna--1315149918/jna6714960198796657447.tmp (deleted)
7f5a5f8d3000-7f5a5f8d4000 ---p 00000000 00:00 0 
7f5a5f8d4000-7f5a5f9d5000 rw-p 00000000 00:00 0 
7f5a5f9d5000-7f5a5f9d6000 ---p 00000000 00:00 0 
7f5a5f9d6000-7f5a5fad7000 rw-p 00000000 00:00 0 
7f5a5fad7000-7f5a5fadb000 ---p 00000000 00:00 0 
7f5a5fadb000-7f5a5fbd8000 rw-p 00000000 00:00 0 
7f5a5fbd8000-7f5a5fbee000 r-xp 00000000 08:06 535042                     /usr/lib/jvm/java-11-openjdk-amd64/lib/libnet.so
7f5a5fbee000-7f5a5fded000 ---p 00016000 08:06 535042                     /usr/lib/jvm/java-11-openjdk-amd64/lib/libnet.so
7f5a5fded000-7f5a5fdee000 r--p 00015000 08:06 535042                     /usr/lib/jvm/java-11-openjdk-amd64/lib/libnet.so
7f5a5fdee000-7f5a5fdef000 rw-p 00016000 08:06 535042                     /usr/lib/jvm/java-11-openjdk-amd64/lib/libnet.so
7f5a5fdef000-7f5a5fdff000 r-xp 00000000 08:06 535043                     /usr/lib/jvm/java-11-openjdk-amd64/lib/libnio.so
7f5a5fdff000-7f5a5fffe000 ---p 00010000 08:06 535043                     /usr/lib/jvm/java-11-openjdk-amd64/lib/libnio.so
7f5a5fffe000-7f5a5ffff000 r--p 0000f000 08:06 535043                     /usr/lib/jvm/java-11-openjdk-amd64/lib/libnio.so
7f5a5ffff000-7f5a60000000 rw-p 00010000 08:06 535043                     /usr/lib/jvm/java-11-openjdk-amd64/lib/libnio.so
7f5a60000000-7f5a60021000 rw-p 00000000 00:00 0 
7f5a60021000-7f5a64000000 ---p 00000000 00:00 0 
7f5a64000000-7f5a64021000 rw-p 00000000 00:00 0 
7f5a64021000-7f5a68000000 ---p 00000000 00:00 0 
7f5a68000000-7f5a68599000 rw-p 00000000 00:00 0 
7f5a68599000-7f5a6c000000 ---p 00000000 00:00 0 
7f5a6c000000-7f5a6c021000 rw-p 00000000 00:00 0 
7f5a6c021000-7f5a70000000 ---p 00000000 00:00 0 
7f5a70000000-7f5a70021000 rw-p 00000000 00:00 0 
7f5a70021000-7f5a74000000 ---p 00000000 00:00 0 
7f5a74000000-7f5a74a9a000 rw-p 00000000 00:00 0 
7f5a74a9a000-7f5a78000000 ---p 00000000 00:00 0 
7f5a78000000-7f5a78021000 rw-p 00000000 00:00 0 
7f5a78021000-7f5a7c000000 ---p 00000000 00:00 0 
7f5a7c000000-7f5a7c021000 rw-p 00000000 00:00 0 
7f5a7c021000-7f5a80000000 ---p 00000000 00:00 0 
7f5a80000000-7f5a80021000 rw-p 00000000 00:00 0 
7f5a80021000-7f5a84000000 ---p 00000000 00:00 0 
7f5a84000000-7f5a84021000 rw-p 00000000 00:00 0 
7f5a84021000-7f5a88000000 ---p 00000000 00:00 0 
7f5a88000000-7f5a88021000 rw-p 00000000 00:00 0 
7f5a88021000-7f5a8c000000 ---p 00000000 00:00 0 
7f5a8c000000-7f5a8c021000 rw-p 00000000 00:00 0 
7f5a8c021000-7f5a90000000 ---p 00000000 00:00 0 
7f5a90000000-7f5a90021000 rw-p 00000000 00:00 0 
7f5a90021000-7f5a94000000 ---p 00000000 00:00 0 
7f5a94087000-7f5a9408b000 ---p 00000000 00:00 0 
7f5a9408b000-7f5a94188000 rw-p 00000000 00:00 0 
7f5a94188000-7f5a94189000 ---p 00000000 00:00 0 
7f5a94189000-7f5a9428a000 rw-p 00000000 00:00 0 
7f5a9428a000-7f5a9428e000 ---p 00000000 00:00 0 
7f5a9428e000-7f5a9438b000 rw-p 00000000 00:00 0 
7f5a9438b000-7f5a9438f000 ---p 00000000 00:00 0 
7f5a9438f000-7f5a9448c000 rw-p 00000000 00:00 0 
7f5a9448c000-7f5a94490000 ---p 00000000 00:00 0 
7f5a94490000-7f5a9458d000 rw-p 00000000 00:00 0 
7f5a9458d000-7f5a94591000 ---p 00000000 00:00 0 
7f5a94591000-7f5a9468e000 rw-p 00000000 00:00 0 
7f5a9468e000-7f5a94692000 ---p 00000000 00:00 0 
7f5a94692000-7f5a9478f000 rw-p 00000000 00:00 0 
7f5a9478f000-7f5a94a6e000 r--p 00000000 08:06 531861                     /usr/lib/locale/locale-archive
7f5a94a6e000-7f5a94a72000 ---p 00000000 00:00 0 
7f5a94a72000-7f5a94b6f000 rw-p 00000000 00:00 0 
7f5a94b6f000-7f5a94b73000 ---p 00000000 00:00 0 
7f5a94b73000-7f5a94c70000 rw-p 00000000 00:00 0 
7f5a94c70000-7f5a94c71000 ---p 00000000 00:00 0 
7f5a94c71000-7f5a955f3000 rw-p 00000000 00:00 0 
7f5a955f3000-7f5a955f4000 ---p 00000000 00:00 0 
7f5a955f4000-7f5a956f5000 rw-p 00000000 00:00 0 
7f5a956f5000-7f5a956f6000 ---p 00000000 00:00 0 
7f5a956f6000-7f5a97cd2000 rw-p 00000000 00:00 0 
7f5a97cd2000-7f5a99802000 ---p 00000000 00:00 0 
7f5a99802000-7f5a999e2000 rw-p 00000000 00:00 0 
7f5a999e2000-7f5a9b512000 ---p 00000000 00:00 0 
7f5a9b512000-7f5a9b555000 rw-p 00000000 00:00 0 
7f5a9b555000-7f5a9b8bb000 ---p 00000000 00:00 0 
7f5a9b8bb000-7f5a9b8f7000 rw-p 00000000 00:00 0 
7f5a9b8f7000-7f5a9bc5d000 ---p 00000000 00:00 0 
7f5a9bc5d000-7f5a9bc99000 rw-p 00000000 00:00 0 
7f5a9bc99000-7f5a9bfff000 ---p 00000000 00:00 0 
7f5a9bfff000-7f5a9c000000 rw-p 00000000 00:00 0 
7f5a9c000000-7f5a9c021000 rw-p 00000000 00:00 0 
7f5a9c021000-7f5aa0000000 ---p 00000000 00:00 0 
7f5aa001a000-7f5aa011b000 rw-p 00000000 00:00 0 
7f5aa011b000-7f5aa011c000 ---p 00000000 00:00 0 
7f5aa011c000-7f5aa021d000 rw-p 00000000 00:00 0 
7f5aa021d000-7f5aa021e000 ---p 00000000 00:00 0 
7f5aa021e000-7f5aa0723000 rw-p 00000000 00:00 0 
7f5aa0723000-7f5aa0724000 ---p 00000000 00:00 0 
7f5aa0724000-7f5aa082a000 rw-p 00000000 00:00 0 
7f5aa082a000-7f5aa0910000 ---p 00000000 00:00 0 
7f5aa0910000-7f5aa0b80000 rwxp 00000000 00:00 0 
7f5aa0b80000-7f5aa0ea0000 ---p 00000000 00:00 0 
7f5aa0ea0000-7f5aa1180000 rwxp 00000000 00:00 0 
7f5aa1180000-7f5aa83d8000 ---p 00000000 00:00 0 
7f5aa83d8000-7f5aa8648000 rwxp 00000000 00:00 0 
7f5aa8648000-7f5aaf910000 ---p 00000000 00:00 0 
7f5aaf910000-7f5ab8000000 r--s 00000000 08:06 535337                     /usr/lib/jvm/java-11-openjdk-amd64/lib/modules
7f5ab8000000-7f5ab8988000 rw-p 00000000 00:00 0 
7f5ab8988000-7f5abc000000 ---p 00000000 00:00 0 
7f5abc035000-7f5abc096000 rw-p 00000000 00:00 0 
7f5abc096000-7f5abc17b000 ---p 00000000 00:00 0 
7f5abc17b000-7f5abc180000 r-xp 00000000 08:06 533362                     /usr/lib/jvm/java-11-openjdk-amd64/lib/libjimage.so
7f5abc180000-7f5abc37f000 ---p 00005000 08:06 533362                     /usr/lib/jvm/java-11-openjdk-amd64/lib/libjimage.so
7f5abc37f000-7f5abc380000 r--p 00004000 08:06 533362                     /usr/lib/jvm/java-11-openjdk-amd64/lib/libjimage.so
7f5abc380000-7f5abc381000 rw-p 00005000 08:06 533362                     /usr/lib/jvm/java-11-openjdk-amd64/lib/libjimage.so
7f5abc381000-7f5abc388000 r-xp 00000000 08:06 535308                     /usr/lib/jvm/java-11-openjdk-amd64/lib/libzip.so
7f5abc388000-7f5abc587000 ---p 00007000 08:06 535308                     /usr/lib/jvm/java-11-openjdk-amd64/lib/libzip.so
7f5abc587000-7f5abc588000 r--p 00006000 08:06 535308                     /usr/lib/jvm/java-11-openjdk-amd64/lib/libzip.so
7f5abc588000-7f5abc589000 rw-p 00007000 08:06 535308                     /usr/lib/jvm/java-11-openjdk-amd64/lib/libzip.so
7f5abc589000-7f5abc594000 r-xp 00000000 08:06 135170                     /lib/x86_64-linux-gnu/libnss_files-2.27.so
7f5abc594000-7f5abc793000 ---p 0000b000 08:06 135170                     /lib/x86_64-linux-gnu/libnss_files-2.27.so
7f5abc793000-7f5abc794000 r--p 0000a000 08:06 135170                     /lib/x86_64-linux-gnu/libnss_files-2.27.so
7f5abc794000-7f5abc795000 rw-p 0000b000 08:06 135170                     /lib/x86_64-linux-gnu/libnss_files-2.27.so
7f5abc795000-7f5abc79b000 rw-p 00000000 00:00 0 
7f5abc79b000-7f5abc7b2000 r-xp 00000000 08:06 135164                     /lib/x86_64-linux-gnu/libnsl-2.27.so
7f5abc7b2000-7f5abc9b1000 ---p 00017000 08:06 135164                     /lib/x86_64-linux-gnu/libnsl-2.27.so
7f5abc9b1000-7f5abc9b2000 r--p 00016000 08:06 135164                     /lib/x86_64-linux-gnu/libnsl-2.27.so
7f5abc9b2000-7f5abc9b3000 rw-p 00017000 08:06 135164                     /lib/x86_64-linux-gnu/libnsl-2.27.so
7f5abc9b3000-7f5abc9b5000 rw-p 00000000 00:00 0 
7f5abc9b5000-7f5abc9c0000 r-xp 00000000 08:06 135180                     /lib/x86_64-linux-gnu/libnss_nis-2.27.so
7f5abc9c0000-7f5abcbbf000 ---p 0000b000 08:06 135180                     /lib/x86_64-linux-gnu/libnss_nis-2.27.so
7f5abcbbf000-7f5abcbc0000 r--p 0000a000 08:06 135180                     /lib/x86_64-linux-gnu/libnss_nis-2.27.so
7f5abcbc0000-7f5abcbc1000 rw-p 0000b000 08:06 135180                     /lib/x86_64-linux-gnu/libnss_nis-2.27.so
7f5abcbc1000-7f5abcbc9000 r-xp 00000000 08:06 135166                     /lib/x86_64-linux-gnu/libnss_compat-2.27.so
7f5abcbc9000-7f5abcdc9000 ---p 00008000 08:06 135166                     /lib/x86_64-linux-gnu/libnss_compat-2.27.so
7f5abcdc9000-7f5abcdca000 r--p 00008000 08:06 135166                     /lib/x86_64-linux-gnu/libnss_compat-2.27.so
7f5abcdca000-7f5abcdcb000 rw-p 00009000 08:06 135166                     /lib/x86_64-linux-gnu/libnss_compat-2.27.so
7f5abcdcb000-7f5abcdf4000 r-xp 00000000 08:06 533288                     /usr/lib/jvm/java-11-openjdk-amd64/lib/libjava.so
7f5abcdf4000-7f5abcff3000 ---p 00029000 08:06 533288                     /usr/lib/jvm/java-11-openjdk-amd64/lib/libjava.so
7f5abcff3000-7f5abcff4000 r--p 00028000 08:06 533288                     /usr/lib/jvm/java-11-openjdk-amd64/lib/libjava.so
7f5abcff4000-7f5abcff6000 rw-p 00029000 08:06 533288                     /usr/lib/jvm/java-11-openjdk-amd64/lib/libjava.so
7f5abcff6000-7f5abd003000 r-xp 00000000 08:06 535307                     /usr/lib/jvm/java-11-openjdk-amd64/lib/libverify.so
7f5abd003000-7f5abd202000 ---p 0000d000 08:06 535307                     /usr/lib/jvm/java-11-openjdk-amd64/lib/libverify.so
7f5abd202000-7f5abd204000 r--p 0000c000 08:06 535307                     /usr/lib/jvm/java-11-openjdk-amd64/lib/libverify.so
7f5abd204000-7f5abd205000 rw-p 0000e000 08:06 535307                     /usr/lib/jvm/java-11-openjdk-amd64/lib/libverify.so
7f5abd205000-7f5abd20c000 r-xp 00000000 08:06 135225                     /lib/x86_64-linux-gnu/librt-2.27.so
7f5abd20c000-7f5abd40b000 ---p 00007000 08:06 135225                     /lib/x86_64-linux-gnu/librt-2.27.so
7f5abd40b000-7f5abd40c000 r--p 00006000 08:06 135225                     /lib/x86_64-linux-gnu/librt-2.27.so
7f5abd40c000-7f5abd40d000 rw-p 00007000 08:06 135225                     /lib/x86_64-linux-gnu/librt-2.27.so
7f5abd40d000-7f5abd424000 r-xp 00000000 08:06 134499                     /lib/x86_64-linux-gnu/libgcc_s.so.1
7f5abd424000-7f5abd623000 ---p 00017000 08:06 134499                     /lib/x86_64-linux-gnu/libgcc_s.so.1
7f5abd623000-7f5abd624000 r--p 00016000 08:06 134499                     /lib/x86_64-linux-gnu/libgcc_s.so.1
7f5abd624000-7f5abd625000 rw-p 00017000 08:06 134499                     /lib/x86_64-linux-gnu/libgcc_s.so.1
7f5abd625000-7f5abd7c2000 r-xp 00000000 08:06 135141                     /lib/x86_64-linux-gnu/libm-2.27.so
7f5abd7c2000-7f5abd9c1000 ---p 0019d000 08:06 135141                     /lib/x86_64-linux-gnu/libm-2.27.so
7f5abd9c1000-7f5abd9c2000 r--p 0019c000 08:06 135141                     /lib/x86_64-linux-gnu/libm-2.27.so
7f5abd9c2000-7f5abd9c3000 rw-p 0019d000 08:06 135141                     /lib/x86_64-linux-gnu/libm-2.27.so
7f5abd9c3000-7f5abdb3c000 r-xp 00000000 08:06 525406                     /usr/lib/x86_64-linux-gnu/libstdc++.so.6.0.25
7f5abdb3c000-7f5abdd3c000 ---p 00179000 08:06 525406                     /usr/lib/x86_64-linux-gnu/libstdc++.so.6.0.25
7f5abdd3c000-7f5abdd46000 r--p 00179000 08:06 525406                     /usr/lib/x86_64-linux-gnu/libstdc++.so.6.0.25
7f5abdd46000-7f5abdd48000 rw-p 00183000 08:06 525406                     /usr/lib/x86_64-linux-gnu/libstdc++.so.6.0.25
7f5abdd48000-7f5abdd4c000 rw-p 00000000 00:00 0 
7f5abdd4c000-7f5abee25000 r-xp 00000000 08:06 535395                     /usr/lib/jvm/java-11-openjdk-amd64/lib/server/libjvm.so
7f5abee25000-7f5abf024000 ---p 010d9000 08:06 535395                     /usr/lib/jvm/java-11-openjdk-amd64/lib/server/libjvm.so
7f5abf024000-7f5abf0e1000 r--p 010d8000 08:06 535395                     /usr/lib/jvm/java-11-openjdk-amd64/lib/server/libjvm.so
7f5abf0e1000-7f5abf11b000 rw-p 01195000 08:06 535395                     /usr/lib/jvm/java-11-openjdk-amd64/lib/server/libjvm.so
7f5abf11b000-7f5abf171000 rw-p 00000000 00:00 0 
7f5abf171000-7f5abf18b000 r-xp 00000000 08:06 135215                     /lib/x86_64-linux-gnu/libpthread-2.27.so
7f5abf18b000-7f5abf38a000 ---p 0001a000 08:06 135215                     /lib/x86_64-linux-gnu/libpthread-2.27.so
7f5abf38a000-7f5abf38b000 r--p 00019000 08:06 135215                     /lib/x86_64-linux-gnu/libpthread-2.27.so
7f5abf38b000-7f5abf38c000 rw-p 0001a000 08:06 135215                     /lib/x86_64-linux-gnu/libpthread-2.27.so
7f5abf38c000-7f5abf390000 rw-p 00000000 00:00 0 
7f5abf390000-7f5abf393000 r-xp 00000000 08:06 135093                     /lib/x86_64-linux-gnu/libdl-2.27.so
7f5abf393000-7f5abf592000 ---p 00003000 08:06 135093                     /lib/x86_64-linux-gnu/libdl-2.27.so
7f5abf592000-7f5abf593000 r--p 00002000 08:06 135093                     /lib/x86_64-linux-gnu/libdl-2.27.so
7f5abf593000-7f5abf594000 rw-p 00003000 08:06 135093                     /lib/x86_64-linux-gnu/libdl-2.27.so
7f5abf594000-7f5abf5b0000 r-xp 00000000 08:06 135261                     /lib/x86_64-linux-gnu/libz.so.1.2.11
7f5abf5b0000-7f5abf7af000 ---p 0001c000 08:06 135261                     /lib/x86_64-linux-gnu/libz.so.1.2.11
7f5abf7af000-7f5abf7b0000 r--p 0001b000 08:06 135261                     /lib/x86_64-linux-gnu/libz.so.1.2.11
7f5abf7b0000-7f5abf7b1000 rw-p 0001c000 08:06 135261                     /lib/x86_64-linux-gnu/libz.so.1.2.11
7f5abf7b1000-7f5abf998000 r-xp 00000000 08:06 135068                     /lib/x86_64-linux-gnu/libc-2.27.so
7f5abf998000-7f5abfb98000 ---p 001e7000 08:06 135068                     /lib/x86_64-linux-gnu/libc-2.27.so
7f5abfb98000-7f5abfb9c000 r--p 001e7000 08:06 135068                     /lib/x86_64-linux-gnu/libc-2.27.so
7f5abfb9c000-7f5abfb9e000 rw-p 001eb000 08:06 135068                     /lib/x86_64-linux-gnu/libc-2.27.so
7f5abfb9e000-7f5abfba2000 rw-p 00000000 00:00 0 
7f5abfba2000-7f5abfbb2000 r-xp 00000000 08:06 532925                     /usr/lib/jvm/java-11-openjdk-amd64/lib/jli/libjli.so
7f5abfbb2000-7f5abfdb1000 ---p 00010000 08:06 532925                     /usr/lib/jvm/java-11-openjdk-amd64/lib/jli/libjli.so
7f5abfdb1000-7f5abfdb2000 r--p 0000f000 08:06 532925                     /usr/lib/jvm/java-11-openjdk-amd64/lib/jli/libjli.so
7f5abfdb2000-7f5abfdb3000 rw-p 00010000 08:06 532925                     /usr/lib/jvm/java-11-openjdk-amd64/lib/jli/libjli.so
7f5abfdb3000-7f5abfdda000 r-xp 00000000 08:06 135040                     /lib/x86_64-linux-gnu/ld-2.27.so
7f5abfdda000-7f5abfeb3000 rw-p 00000000 00:00 0 
7f5abfeb3000-7f5abfeb7000 ---p 00000000 00:00 0 
7f5abfeb7000-7f5abffb6000 rw-p 00000000 00:00 0 
7f5abffc0000-7f5abffc5000 rw-p 00000000 00:00 0 
7f5abffc5000-7f5abffcc000 ---p 00000000 00:00 0 
7f5abffcc000-7f5abffce000 r--s 00007000 08:06 1059685                    /usr/share/java/java-atk-wrapper.jar
7f5abffce000-7f5abffd6000 rw-s 00000000 08:06 2490929                    /tmp/hsperfdata_linuxlite/18704
7f5abffd6000-7f5abffd7000 ---p 00000000 00:00 0 
7f5abffd7000-7f5abffd8000 r--p 00000000 00:00 0 
7f5abffd8000-7f5abffda000 rw-p 00000000 00:00 0 
7f5abffda000-7f5abffdb000 r--p 00027000 08:06 135040                     /lib/x86_64-linux-gnu/ld-2.27.so
7f5abffdb000-7f5abffdc000 rw-p 00028000 08:06 135040                     /lib/x86_64-linux-gnu/ld-2.27.so
7f5abffdc000-7f5abffdd000 rw-p 00000000 00:00 0 
7fff7c0fb000-7fff7c11d000 rw-p 00000000 00:00 0                          [stack]
7fff7c142000-7fff7c145000 r--p 00000000 00:00 0                          [vvar]
7fff7c145000-7fff7c147000 r-xp 00000000 00:00 0                          [vdso]
ffffffffff600000-ffffffffff601000 r-xp 00000000 00:00 0                  [vsyscall]


VM Arguments:
jvm_args: -ea 
java_command: org.apache.tools.ant.taskdefs.optional.junit.JUnitTestRunner net.sourceforge.tess4j.TessAPITest skipNonTests=false filtertrace=true haltOnError=false haltOnFailure=false showoutput=true outputtoformatters=true logfailedtests=true threadid=0 logtestlistenerevents=false formatter=org.apache.tools.ant.taskdefs.optional.junit.BriefJUnitResultFormatter formatter=org.apache.tools.ant.taskdefs.optional.junit.XMLJUnitResultFormatter,/home/linuxlite/Workspaces/Java Projects/Alg Tesseract/Tess4J/build/test/results/TEST-net.sourceforge.tess4j.TessAPITest.xml crashfile=/home/linuxlite/Workspaces/Java Projects/Alg Tesseract/Tess4J/build/junitvmwatcher18230443718384911473.properties propsfile=/home/linuxlite/Workspaces/Java Projects/Alg Tesseract/Tess4J/build/junit880329081399144360.properties
java_class_path (initial): /home/linuxlite/Workspaces/Java Projects/Alg Tesseract/Tess4J/lib/ghost4j-1.0.1.jar:/home/linuxlite/Workspaces/Java Projects/Alg Tesseract/Tess4J/lib/jna-4.1.0.jar:/home/linuxlite/Workspaces/Java Projects/Alg Tesseract/Tess4J/lib/log4j-1.2.17.jar:/home/linuxlite/Workspaces/Java Projects/Alg Tesseract/Tess4J/lib/itext-2.1.7.jar:/home/linuxlite/Workspaces/Java Projects/Alg Tesseract/Tess4J/lib/commons-beanutils-1.9.2.jar:/home/linuxlite/Workspaces/Java Projects/Alg Tesseract/Tess4J/lib/commons-logging-1.2.jar:/home/linuxlite/Workspaces/Java Projects/Alg Tesseract/Tess4J/lib/slf4j-api-1.7.25.jar:/home/linuxlite/Workspaces/Java Projects/Alg Tesseract/Tess4J/lib/jul-to-slf4j-1.7.25.jar:/home/linuxlite/Workspaces/Java Projects/Alg Tesseract/Tess4J/lib/commons-io-2.6.jar:/home/linuxlite/Workspaces/Java Projects/Alg Tesseract/Tess4J/lib/jboss-vfs-3.2.12.Final.jar:/home/linuxlite/Workspaces/Java Projects/Alg Tesseract/Tess4J/lib/logback-classic-1.2.3.jar:/home/linuxlite/Workspaces/Java Projects/Alg Tesseract/Tess4J/lib/logback-core-1.2.3.jar:/home/linuxlite/Workspaces/Java Projects/Alg Tesseract/Tess4J/lib/jai-imageio-core-1.4.0.jar:/home/linuxlite/Workspaces/Java Projects/Alg Tesseract/Tess4J/lib/lept4j-1.6.4.jar:/home/linuxlite/Workspaces/Java Projects/Alg Tesseract/Tess4J/lib/pdfbox-2.0.9.jar:/home/linuxlite/Workspaces/Java Projects/Alg Tesseract/Tess4J/lib/pdfbox-tools-2.0.9.jar:/home/linuxlite/Workspaces/Java Projects/Alg Tesseract/Tess4J/lib/fontbox-2.0.9.jar:/home/linuxlite/Workspaces/Java Projects/Alg Tesseract/Tess4J/lib/jbig2-imageio-3.0.0.jar:/home/linuxlite/Workspaces/Java Projects/Alg Tesseract/Tess4J/build/classes:/home/linuxlite/Workspaces/Java Projects/Alg Tesseract/Tess4J/lib/junit-4.12.jar:/home/linuxlite/Workspaces/Java Projects/Alg Tesseract/Tess4J/lib/hamcrest-core-1.3.jar:/home/linuxlite/Workspaces/Java Projects/Alg Tesseract/Tess4J/build/test/classes:/home/linuxlite/.Eclipse IDE/Eclipse Java IDE/plugins/org.apache.ant_1.10.
Launcher Type: SUN_STANDARD

[Global flags]
     intx CICompilerCount                          = 3                                         {product} {ergonomic}
     uint ConcGCThreads                            = 1                                         {product} {ergonomic}
     uint G1ConcRefinementThreads                  = 4                                         {product} {ergonomic}
   size_t G1HeapRegionSize                         = 1048576                                   {product} {ergonomic}
    uintx GCDrainStackTargetSize                   = 64                                        {product} {ergonomic}
   size_t InitialHeapSize                          = 123731968                                 {product} {ergonomic}
   size_t MarkStackSize                            = 4194304                                   {product} {ergonomic}
   size_t MaxHeapSize                              = 1950351360                                {product} {ergonomic}
   size_t MaxNewSize                               = 1170210816                                {product} {ergonomic}
   size_t MinHeapDeltaBytes                        = 1048576                                   {product} {ergonomic}
    uintx NonNMethodCodeHeapSize                   = 5830732                                {pd product} {ergonomic}
    uintx NonProfiledCodeHeapSize                  = 122913754                              {pd product} {ergonomic}
    uintx ProfiledCodeHeapSize                     = 122913754                              {pd product} {ergonomic}
    uintx ReservedCodeCacheSize                    = 251658240                              {pd product} {ergonomic}
     bool SegmentedCodeCache                       = true                                      {product} {ergonomic}
     bool UseCompressedClassPointers               = true                                 {lp64_product} {ergonomic}
     bool UseCompressedOops                        = true                                 {lp64_product} {ergonomic}
     bool UseG1GC                                  = true                                      {product} {ergonomic}

Logging:
Log output configuration:
 #0: stdout all=warning uptime,level,tags
 #1: stderr all=off uptime,level,tags

Environment Variables:
PATH=/usr/local/sbin:/usr/local/bin:/usr/sbin:/usr/bin:/sbin:/bin:/usr/games:/usr/local/games:/snap/bin
SHELL=/bin/bash
DISPLAY=:0.0

Signal Handlers:
SIGSEGV: [libjvm.so+0xdf1470], sa_mask[0]=11111111011111111101111111111110, sa_flags=SA_RESTART|SA_SIGINFO
SIGBUS: [libjvm.so+0xdf1470], sa_mask[0]=11111111011111111101111111111110, sa_flags=SA_RESTART|SA_SIGINFO
SIGFPE: [libjvm.so+0xdf1470], sa_mask[0]=11111111011111111101111111111110, sa_flags=SA_RESTART|SA_SIGINFO
SIGPIPE: [libjvm.so+0xbc5560], sa_mask[0]=11111111011111111101111111111110, sa_flags=SA_RESTART|SA_SIGINFO
SIGXFSZ: [libjvm.so+0xbc5560], sa_mask[0]=11111111011111111101111111111110, sa_flags=SA_RESTART|SA_SIGINFO
SIGILL: [libjvm.so+0xdf1470], sa_mask[0]=11111111011111111101111111111110, sa_flags=SA_RESTART|SA_SIGINFO
SIGUSR2: [libjvm.so+0xbc5400], sa_mask[0]=00100000000000000000000000000000, sa_flags=SA_RESTART|SA_SIGINFO
SIGHUP: [libjvm.so+0xbc5760], sa_mask[0]=11111111011111111101111111111110, sa_flags=SA_RESTART|SA_SIGINFO
SIGINT: [libjvm.so+0xbc5760], sa_mask[0]=11111111011111111101111111111110, sa_flags=SA_RESTART|SA_SIGINFO
SIGTERM: [libjvm.so+0xbc5760], sa_mask[0]=11111111011111111101111111111110, sa_flags=SA_RESTART|SA_SIGINFO
SIGQUIT: [libjvm.so+0xbc5760], sa_mask[0]=11111111011111111101111111111110, sa_flags=SA_RESTART|SA_SIGINFO


---------------  S Y S T E M  ---------------

OS:DISTRIB_ID=Ubuntu
DISTRIB_RELEASE=18.04
DISTRIB_CODENAME=bionic
DISTRIB_DESCRIPTION="Linux Lite 4.6"
uname:Linux 5.3.0 #1.linuxlite SMP Mon Sep 16 18:45:00 NZST 2019 x86_64
libc:glibc 2.27 NPTL 2.27 
rlimit: STACK 8192k, CORE 0k, NPROC 29506, NOFILE 1048576, AS infinity, DATA infinity, FSIZE infinity
load average:1,33 0,66 0,61

/proc/meminfo:
MemTotal:        7616640 kB
MemFree:          878100 kB
MemAvailable:    4159136 kB
Buffers:          719432 kB
Cached:          2501284 kB
SwapCached:           24 kB
Active:          4788908 kB
Inactive:        1292388 kB
Active(anon):    2829184 kB
Inactive(anon):   151136 kB
Active(file):    1959724 kB
Inactive(file):  1141252 kB
Unevictable:         144 kB
Mlocked:             144 kB
SwapTotal:       3905532 kB
SwapFree:        3905264 kB
Dirty:              6692 kB
Writeback:             0 kB
AnonPages:       2860828 kB
Mapped:           627680 kB
Shmem:            119744 kB
KReclaimable:     483792 kB
Slab:             524988 kB
SReclaimable:     483792 kB
SUnreclaim:        41196 kB
KernelStack:       11304 kB
PageTables:        48792 kB
NFS_Unstable:          0 kB
Bounce:                0 kB
WritebackTmp:          0 kB
CommitLimit:     7713852 kB
Committed_AS:    6585500 kB
VmallocTotal:   34359738367 kB
VmallocUsed:       26328 kB
VmallocChunk:          0 kB
Percpu:             1152 kB
HardwareCorrupted:     0 kB
AnonHugePages:         0 kB
ShmemHugePages:        0 kB
ShmemPmdMapped:        0 kB
CmaTotal:              0 kB
CmaFree:               0 kB
HugePages_Total:       0
HugePages_Free:        0
HugePages_Rsvd:        0
HugePages_Surp:        0
Hugepagesize:       2048 kB
Hugetlb:               0 kB
DirectMap4k:      258248 kB
DirectMap2M:     5488640 kB
DirectMap1G:     3145728 kB


/proc/sys/kernel/threads-max (system-wide limit on the number of threads):
59013


/proc/sys/vm/max_map_count (maximum number of memory map areas a process may have):
65530


/proc/sys/kernel/pid_max (system-wide limit on number of process identifiers):
32768



container (cgroup) information:
container_type: cgroupv1
cpu_cpuset_cpus: 0-3
cpu_memory_nodes: 0
active_processor_count: 4
cpu_quota: -1
cpu_period: 100000
cpu_shares: -1
memory_limit_in_bytes: -1
memory_and_swap_limit_in_bytes: -2
memory_soft_limit_in_bytes: -1
memory_usage_in_bytes: 6227402752
memory_max_usage_in_bytes: 33308672

Steal ticks since vm start: 0
Steal ticks percentage since vm start:  0,000

CPU:total 4 (initial active 4) (4 cores per cpu, 1 threads per core) family 18 model 1 stepping 0, cmov, cx8, fxsr, mmx, sse, sse2, sse3, popcnt, mmxext, 3dnowpref, lzcnt, sse4a, tsc, tscinvbit, tscinv
CPU Model and flags from /proc/cpuinfo:
model name	: AMD A8-3850 APU with Radeon(tm) HD Graphics
flags		: fpu vme de pse tsc msr pae mce cx8 apic sep mtrr pge mca cmov pat pse36 clflush mmx fxsr sse sse2 ht syscall nx mmxext fxsr_opt pdpe1gb rdtscp lm 3dnowext 3dnow constant_tsc rep_good nopl nonstop_tsc cpuid extd_apicid aperfmperf pni monitor cx16 popcnt lahf_lm cmp_legacy svm extapic cr8_legacy abm sse4a misalignsse 3dnowprefetch osvw ibs skinit wdt hw_pstate vmmcall arat npt lbrv svm_lock nrip_save pausefilter

Memory: 4k page, physical 7616640k(878100k free), swap 3905532k(3905264k free)

vm_info: OpenJDK 64-Bit Server VM (11.0.6+10-post-Ubuntu-1ubuntu118.04.1) for linux-amd64 JRE (11.0.6+10-post-Ubuntu-1ubuntu118.04.1), built on Jan 15 2020 15:14:00 by "unknown" with gcc 7.4.0

END.
